=== [2008/11/27 17:00:28] =================================================================
filename: /product/visit_proc.php
select count(*) from tblProductVisit where p_e_idx =  and p_v_ip = '59.15.239.125' and unix_timestamp() - unix_timestamp(p_v_reg_dt) < 3600 
------------------------------------------------------------------------------------------
1064 : You have an error in your SQL syntax; check the manual that corresponds to your MySQL server version for the right syntax to use near 'and p_v_ip = '59.15.239.125' and unix_timestamp() - unix_timestamp(p_v_reg_dt) <' at line 1
===========================================================================================

=== [2008/11/27 17:00:28] =================================================================
filename: /product/visit_proc.php
select count(*) from tblProductVisit where p_e_idx =  
------------------------------------------------------------------------------------------
1064 : You have an error in your SQL syntax; check the manual that corresponds to your MySQL server version for the right syntax to use near '' at line 1
===========================================================================================

=== [2008/11/27 17:00:28] =================================================================
filename: /product/visit_proc.php

insert into tblProductVisit (p_idx, p_e_idx, mem_id, p_v_ip, p_v_reg_dt) 
	values 
(29, , 'anonymous', '59.15.239.125', now())

------------------------------------------------------------------------------------------
1064 : You have an error in your SQL syntax; check the manual that corresponds to your MySQL server version for the right syntax to use near ' 'anonymous', '59.15.239.125', now())' at line 3
===========================================================================================

