=== [2008/11/20 02:37:35] =================================================================
filename: /product/product_view.php?p_idx=11
select ifnull(sum(A.score),0) from tblScoreConfig A, tblScore B where A.sc_cid = B.sc_cid and B.p_e_idx =  
------------------------------------------------------------------------------------------
1064 : You have an error in your SQL syntax; check the manual that corresponds to your MySQL server version for the right syntax to use near '' at line 1
===========================================================================================

=== [2008/11/20 02:37:35] =================================================================
filename: /product/product_view.php?p_idx=11

select A.p_idx, B.p_e_idx, A.p_main_img
from tblProduct A, tblProductEach B
where 1 
and A.p_idx = B.p_idx
and A.p_idx != 11
and A.shop_idx = 
and now() between B.start_dt and B.end_dt

------------------------------------------------------------------------------------------
1064 : You have an error in your SQL syntax; check the manual that corresponds to your MySQL server version for the right syntax to use near 'and now() between B.start_dt and B.end_dt' at line 7
===========================================================================================

=== [2008/11/20 02:37:56] =================================================================
filename: /product/product_view.php?p_idx=12
select ifnull(sum(A.score),0) from tblScoreConfig A, tblScore B where A.sc_cid = B.sc_cid and B.p_e_idx =  
------------------------------------------------------------------------------------------
1064 : You have an error in your SQL syntax; check the manual that corresponds to your MySQL server version for the right syntax to use near '' at line 1
===========================================================================================

=== [2008/11/20 02:37:56] =================================================================
filename: /product/product_view.php?p_idx=12

select A.p_idx, B.p_e_idx, A.p_main_img
from tblProduct A, tblProductEach B
where 1 
and A.p_idx = B.p_idx
and A.p_idx != 12
and A.shop_idx = 
and now() between B.start_dt and B.end_dt

------------------------------------------------------------------------------------------
1064 : You have an error in your SQL syntax; check the manual that corresponds to your MySQL server version for the right syntax to use near 'and now() between B.start_dt and B.end_dt' at line 7
===========================================================================================

=== [2008/11/20 02:38:18] =================================================================
filename: /product/product_view.php?p_idx=27
select ifnull(sum(A.score),0) from tblScoreConfig A, tblScore B where A.sc_cid = B.sc_cid and B.p_e_idx =  
------------------------------------------------------------------------------------------
1064 : You have an error in your SQL syntax; check the manual that corresponds to your MySQL server version for the right syntax to use near '' at line 1
===========================================================================================

=== [2008/11/20 02:38:18] =================================================================
filename: /product/product_view.php?p_idx=27

select A.p_idx, B.p_e_idx, A.p_main_img
from tblProduct A, tblProductEach B
where 1 
and A.p_idx = B.p_idx
and A.p_idx != 27
and A.shop_idx = 
and now() between B.start_dt and B.end_dt

------------------------------------------------------------------------------------------
1064 : You have an error in your SQL syntax; check the manual that corresponds to your MySQL server version for the right syntax to use near 'and now() between B.start_dt and B.end_dt' at line 7
===========================================================================================

=== [2008/11/20 02:38:35] =================================================================
filename: /product/product_view.php?p_idx=16
select ifnull(sum(A.score),0) from tblScoreConfig A, tblScore B where A.sc_cid = B.sc_cid and B.p_e_idx =  
------------------------------------------------------------------------------------------
1064 : You have an error in your SQL syntax; check the manual that corresponds to your MySQL server version for the right syntax to use near '' at line 1
===========================================================================================

=== [2008/11/20 02:38:35] =================================================================
filename: /product/product_view.php?p_idx=16

select A.p_idx, B.p_e_idx, A.p_main_img
from tblProduct A, tblProductEach B
where 1 
and A.p_idx = B.p_idx
and A.p_idx != 16
and A.shop_idx = 
and now() between B.start_dt and B.end_dt

------------------------------------------------------------------------------------------
1064 : You have an error in your SQL syntax; check the manual that corresponds to your MySQL server version for the right syntax to use near 'and now() between B.start_dt and B.end_dt' at line 7
===========================================================================================

=== [2008/11/20 15:35:39] =================================================================
filename: /product/product_view.php?p_idx=11
select ifnull(sum(A.score),0) from tblScoreConfig A, tblScore B where A.sc_cid = B.sc_cid and B.p_e_idx =  
------------------------------------------------------------------------------------------
1064 : You have an error in your SQL syntax; check the manual that corresponds to your MySQL server version for the right syntax to use near '' at line 1
===========================================================================================

=== [2008/11/20 15:35:39] =================================================================
filename: /product/product_view.php?p_idx=11

select A.p_idx, B.p_e_idx, A.p_main_img
from tblProduct A, tblProductEach B
where 1 
and A.p_idx = B.p_idx
and A.p_idx != 11
and A.shop_idx = 
and now() between B.start_dt and B.end_dt

------------------------------------------------------------------------------------------
1064 : You have an error in your SQL syntax; check the manual that corresponds to your MySQL server version for the right syntax to use near 'and now() between B.start_dt and B.end_dt' at line 7
===========================================================================================

=== [2008/11/20 15:35:40] =================================================================
filename: /product/ajax_product_gift_tracking.php?p_idx=11&pe_idx=&shop_idx=&giftpage=1

SELECT count(*)
FROM tblProduct A, tblProductEach B, tblGiftTracking C
WHERE 1
AND A.p_idx = B.p_idx
AND B.p_e_idx = C.p_e_idx
AND A.shop_idx = 
GROUP BY C.p_e_idx

------------------------------------------------------------------------------------------
1064 : You have an error in your SQL syntax; check the manual that corresponds to your MySQL server version for the right syntax to use near 'GROUP BY C.p_e_idx' at line 7
===========================================================================================

=== [2008/11/20 15:35:40] =================================================================
filename: /product/ajax_product_gift_tracking.php?p_idx=11&pe_idx=&shop_idx=&giftpage=1

SELECT A.p_idx, A.p_title, A.p_main_img, A.p_gift, B.p_e_idx, B.end_dt
FROM tblProduct A, tblProductEach B, tblGiftTracking C
WHERE 1
AND A.p_idx = B.p_idx
AND B.p_e_idx = C.p_e_idx
AND A.shop_idx = 
GROUP BY C.p_e_idx
 order by B.p_e_idx desc  limit 1, 10 

------------------------------------------------------------------------------------------
1064 : You have an error in your SQL syntax; check the manual that corresponds to your MySQL server version for the right syntax to use near 'GROUP BY C.p_e_idx
 order by B.p_e_idx desc  limit 1, 10' at line 7
===========================================================================================

=== [2008/11/20 17:27:11] =================================================================
filename: /product/product_view.php?p_idx=24
select ifnull(sum(A.score),0) from tblScoreConfig A, tblScore B where A.sc_cid = B.sc_cid and B.p_e_idx =  
------------------------------------------------------------------------------------------
1064 : You have an error in your SQL syntax; check the manual that corresponds to your MySQL server version for the right syntax to use near '' at line 1
===========================================================================================

=== [2008/11/20 17:27:11] =================================================================
filename: /product/product_view.php?p_idx=24

select A.p_idx, B.p_e_idx, A.p_main_img
from tblProduct A, tblProductEach B
where 1 
and A.p_idx = B.p_idx
and A.p_idx != 24
and A.shop_idx = 
and now() between B.start_dt and B.end_dt

------------------------------------------------------------------------------------------
1064 : You have an error in your SQL syntax; check the manual that corresponds to your MySQL server version for the right syntax to use near 'and now() between B.start_dt and B.end_dt' at line 7
===========================================================================================

=== [2008/11/20 17:27:12] =================================================================
filename: /product/ajax_product_gift_tracking.php?p_idx=24&pe_idx=&shop_idx=&giftpage=1

SELECT count(*)
FROM tblProduct A, tblProductEach B, tblGiftTracking C
WHERE 1
AND A.p_idx = B.p_idx
AND B.p_e_idx = C.p_e_idx
AND A.shop_idx = 
GROUP BY C.p_e_idx

------------------------------------------------------------------------------------------
1064 : You have an error in your SQL syntax; check the manual that corresponds to your MySQL server version for the right syntax to use near 'GROUP BY C.p_e_idx' at line 7
===========================================================================================

=== [2008/11/20 17:27:12] =================================================================
filename: /product/ajax_product_gift_tracking.php?p_idx=24&pe_idx=&shop_idx=&giftpage=1

SELECT A.p_idx, A.p_title, A.p_main_img, A.p_gift, B.p_e_idx, B.end_dt
FROM tblProduct A, tblProductEach B, tblGiftTracking C
WHERE 1
AND A.p_idx = B.p_idx
AND B.p_e_idx = C.p_e_idx
AND A.shop_idx = 
GROUP BY C.p_e_idx
 order by B.p_e_idx desc  limit 1, 10 

------------------------------------------------------------------------------------------
1064 : You have an error in your SQL syntax; check the manual that corresponds to your MySQL server version for the right syntax to use near 'GROUP BY C.p_e_idx
 order by B.p_e_idx desc  limit 1, 10' at line 7
===========================================================================================

=== [2008/11/20 17:27:21] =================================================================
filename: /product/product_view.php?p_idx=21
select ifnull(sum(A.score),0) from tblScoreConfig A, tblScore B where A.sc_cid = B.sc_cid and B.p_e_idx =  
------------------------------------------------------------------------------------------
1064 : You have an error in your SQL syntax; check the manual that corresponds to your MySQL server version for the right syntax to use near '' at line 1
===========================================================================================

=== [2008/11/20 17:27:21] =================================================================
filename: /product/product_view.php?p_idx=21

select A.p_idx, B.p_e_idx, A.p_main_img
from tblProduct A, tblProductEach B
where 1 
and A.p_idx = B.p_idx
and A.p_idx != 21
and A.shop_idx = 
and now() between B.start_dt and B.end_dt

------------------------------------------------------------------------------------------
1064 : You have an error in your SQL syntax; check the manual that corresponds to your MySQL server version for the right syntax to use near 'and now() between B.start_dt and B.end_dt' at line 7
===========================================================================================

=== [2008/11/20 17:27:22] =================================================================
filename: /product/ajax_product_gift_tracking.php?p_idx=21&pe_idx=&shop_idx=&giftpage=1

SELECT count(*)
FROM tblProduct A, tblProductEach B, tblGiftTracking C
WHERE 1
AND A.p_idx = B.p_idx
AND B.p_e_idx = C.p_e_idx
AND A.shop_idx = 
GROUP BY C.p_e_idx

------------------------------------------------------------------------------------------
1064 : You have an error in your SQL syntax; check the manual that corresponds to your MySQL server version for the right syntax to use near 'GROUP BY C.p_e_idx' at line 7
===========================================================================================

=== [2008/11/20 17:27:22] =================================================================
filename: /product/ajax_product_gift_tracking.php?p_idx=21&pe_idx=&shop_idx=&giftpage=1

SELECT A.p_idx, A.p_title, A.p_main_img, A.p_gift, B.p_e_idx, B.end_dt
FROM tblProduct A, tblProductEach B, tblGiftTracking C
WHERE 1
AND A.p_idx = B.p_idx
AND B.p_e_idx = C.p_e_idx
AND A.shop_idx = 
GROUP BY C.p_e_idx
 order by B.p_e_idx desc  limit 1, 10 

------------------------------------------------------------------------------------------
1064 : You have an error in your SQL syntax; check the manual that corresponds to your MySQL server version for the right syntax to use near 'GROUP BY C.p_e_idx
 order by B.p_e_idx desc  limit 1, 10' at line 7
===========================================================================================

=== [2008/11/20 17:37:33] =================================================================
filename: /product/product_view.php?p_idx=16
select ifnull(sum(A.score),0) from tblScoreConfig A, tblScore B where A.sc_cid = B.sc_cid and B.p_e_idx =  
------------------------------------------------------------------------------------------
1064 : You have an error in your SQL syntax; check the manual that corresponds to your MySQL server version for the right syntax to use near '' at line 1
===========================================================================================

=== [2008/11/20 17:37:33] =================================================================
filename: /product/product_view.php?p_idx=16

select A.p_idx, B.p_e_idx, A.p_main_img
from tblProduct A, tblProductEach B
where 1 
and A.p_idx = B.p_idx
and A.p_idx != 16
and A.shop_idx = 
and now() between B.start_dt and B.end_dt

------------------------------------------------------------------------------------------
1064 : You have an error in your SQL syntax; check the manual that corresponds to your MySQL server version for the right syntax to use near 'and now() between B.start_dt and B.end_dt' at line 7
===========================================================================================

=== [2008/11/20 17:37:34] =================================================================
filename: /product/ajax_product_gift_tracking.php?p_idx=16&pe_idx=&shop_idx=&giftpage=1

SELECT count(*)
FROM tblProduct A, tblProductEach B, tblGiftTracking C
WHERE 1
AND A.p_idx = B.p_idx
AND B.p_e_idx = C.p_e_idx
AND A.shop_idx = 
GROUP BY C.p_e_idx

------------------------------------------------------------------------------------------
1064 : You have an error in your SQL syntax; check the manual that corresponds to your MySQL server version for the right syntax to use near 'GROUP BY C.p_e_idx' at line 7
===========================================================================================

=== [2008/11/20 17:37:34] =================================================================
filename: /product/ajax_product_gift_tracking.php?p_idx=16&pe_idx=&shop_idx=&giftpage=1

SELECT A.p_idx, A.p_title, A.p_main_img, A.p_gift, B.p_e_idx, B.end_dt
FROM tblProduct A, tblProductEach B, tblGiftTracking C
WHERE 1
AND A.p_idx = B.p_idx
AND B.p_e_idx = C.p_e_idx
AND A.shop_idx = 
GROUP BY C.p_e_idx
 order by B.p_e_idx desc  limit 1, 10 

------------------------------------------------------------------------------------------
1064 : You have an error in your SQL syntax; check the manual that corresponds to your MySQL server version for the right syntax to use near 'GROUP BY C.p_e_idx
 order by B.p_e_idx desc  limit 1, 10' at line 7
===========================================================================================

=== [2008/11/20 17:54:29] =================================================================
filename: /product/product_view.php?p_idx=15
select ifnull(sum(A.score),0) from tblScoreConfig A, tblScore B where A.sc_cid = B.sc_cid and B.p_e_idx =  
------------------------------------------------------------------------------------------
1064 : You have an error in your SQL syntax; check the manual that corresponds to your MySQL server version for the right syntax to use near '' at line 1
===========================================================================================

=== [2008/11/20 17:54:29] =================================================================
filename: /product/product_view.php?p_idx=15

select A.p_idx, B.p_e_idx, A.p_main_img
from tblProduct A, tblProductEach B
where 1 
and A.p_idx = B.p_idx
and A.p_idx != 15
and A.shop_idx = 
and now() between B.start_dt and B.end_dt

------------------------------------------------------------------------------------------
1064 : You have an error in your SQL syntax; check the manual that corresponds to your MySQL server version for the right syntax to use near 'and now() between B.start_dt and B.end_dt' at line 7
===========================================================================================

=== [2008/11/20 17:54:31] =================================================================
filename: /product/ajax_product_gift_tracking.php?p_idx=15&pe_idx=&shop_idx=&giftpage=1

SELECT count(*)
FROM tblProduct A, tblProductEach B, tblGiftTracking C
WHERE 1
AND A.p_idx = B.p_idx
AND B.p_e_idx = C.p_e_idx
AND A.shop_idx = 
GROUP BY C.p_e_idx

------------------------------------------------------------------------------------------
1064 : You have an error in your SQL syntax; check the manual that corresponds to your MySQL server version for the right syntax to use near 'GROUP BY C.p_e_idx' at line 7
===========================================================================================

=== [2008/11/20 17:54:31] =================================================================
filename: /product/ajax_product_gift_tracking.php?p_idx=15&pe_idx=&shop_idx=&giftpage=1

SELECT A.p_idx, A.p_title, A.p_main_img, A.p_gift, B.p_e_idx, B.end_dt
FROM tblProduct A, tblProductEach B, tblGiftTracking C
WHERE 1
AND A.p_idx = B.p_idx
AND B.p_e_idx = C.p_e_idx
AND A.shop_idx = 
GROUP BY C.p_e_idx
 order by B.p_e_idx desc  limit 1, 10 

------------------------------------------------------------------------------------------
1064 : You have an error in your SQL syntax; check the manual that corresponds to your MySQL server version for the right syntax to use near 'GROUP BY C.p_e_idx
 order by B.p_e_idx desc  limit 1, 10' at line 7
===========================================================================================

