=== [2008/08/22 17:22:00] =================================================================
filename: /common/ajax_comment.php?notice_idx=4
select a.*,b.mem_name,b.mem_grade,b.mem_kind, ifnull( (SELECT shop_url FROM tblShop WHERE mem_id = b.mem_id AND shop_kind = 'I'), '' ) AS shop_url from  a,tblMember b where a.mem_id=b.mem_id and a._idx =  order by a._c_idx 
------------------------------------------------------------------------------------------
1064 : You have an error in your SQL syntax; check the manual that corresponds to your MySQL server version for the right syntax to use near 'order by a._c_idx' at line 1
===========================================================================================

=== [2008/08/22 17:22:12] =================================================================
filename: /common/ajax_comment.php?notice_idx=4
select a.*,b.mem_name,b.mem_grade,b.mem_kind, ifnull( (SELECT shop_url FROM tblShop WHERE mem_id = b.mem_id AND shop_kind = 'I'), '' ) AS shop_url from  a,tblMember b where a.mem_id=b.mem_id and a._idx =  order by a._c_idx 
------------------------------------------------------------------------------------------
1064 : You have an error in your SQL syntax; check the manual that corresponds to your MySQL server version for the right syntax to use near 'order by a._c_idx' at line 1
===========================================================================================

=== [2008/08/22 17:22:26] =================================================================
filename: /common/ajax_comment.php?notice_idx=4
select a.*,b.mem_name,b.mem_grade,b.mem_kind, ifnull( (SELECT shop_url FROM tblShop WHERE mem_id = b.mem_id AND shop_kind = 'I'), '' ) AS shop_url from  a,tblMember b where a.mem_id=b.mem_id and a._idx =  order by a._c_idx 
------------------------------------------------------------------------------------------
1064 : You have an error in your SQL syntax; check the manual that corresponds to your MySQL server version for the right syntax to use near 'order by a._c_idx' at line 1
===========================================================================================

=== [2008/08/22 17:24:10] =================================================================
filename: /common/ajax_comment.php?notice_idx=4
select a.*,b.mem_name,b.mem_grade,b.mem_kind, ifnull( (SELECT shop_url FROM tblShop WHERE mem_id = b.mem_id AND shop_kind = 'I'), '' ) AS shop_url from  a,tblMember b where a.mem_id=b.mem_id and a._c_idx =  order by a._c_idx 
------------------------------------------------------------------------------------------
1064 : You have an error in your SQL syntax; check the manual that corresponds to your MySQL server version for the right syntax to use near 'order by a._c_idx' at line 1
===========================================================================================

=== [2008/08/22 17:24:11] =================================================================
filename: /common/ajax_comment.php?notice_idx=4
select a.*,b.mem_name,b.mem_grade,b.mem_kind, ifnull( (SELECT shop_url FROM tblShop WHERE mem_id = b.mem_id AND shop_kind = 'I'), '' ) AS shop_url from  a,tblMember b where a.mem_id=b.mem_id and a._c_idx =  order by a._c_idx 
------------------------------------------------------------------------------------------
1064 : You have an error in your SQL syntax; check the manual that corresponds to your MySQL server version for the right syntax to use near 'order by a._c_idx' at line 1
===========================================================================================

=== [2008/08/22 17:24:31] =================================================================
filename: /common/ajax_comment.php?notice_idx=4&kind=4
select a.*,b.mem_name,b.mem_grade,b.mem_kind, ifnull( (SELECT shop_url FROM tblShop WHERE mem_id = b.mem_id AND shop_kind = 'I'), '' ) AS shop_url from  a,tblMember b where a.mem_id=b.mem_id and a._c_idx =  order by a._c_idx 
------------------------------------------------------------------------------------------
1064 : You have an error in your SQL syntax; check the manual that corresponds to your MySQL server version for the right syntax to use near 'order by a._c_idx' at line 1
===========================================================================================

=== [2008/08/22 17:39:44] =================================================================
filename: /common/ajax_comment.php?notice_idx=4&kind=4
select a.*,b.mem_name,b.mem_grade,b.mem_kind, ifnull( (SELECT shop_url FROM tblShop WHERE mem_id = b.mem_id AND shop_kind = 'I'), '' ) AS shop_url from  a,tblMember b where a.mem_id=b.mem_id and a._c_idx =  order by a._c_idx 
------------------------------------------------------------------------------------------
1064 : You have an error in your SQL syntax; check the manual that corresponds to your MySQL server version for the right syntax to use near 'order by a._c_idx' at line 1
===========================================================================================

=== [2008/08/22 17:40:03] =================================================================
filename: /common/ajax_comment.php?notice_idx=4&kind=%A4%CC
select a.*,b.mem_name,b.mem_grade,b.mem_kind, ifnull( (SELECT shop_url FROM tblShop WHERE mem_id = b.mem_id AND shop_kind = 'I'), '' ) AS shop_url from  a,tblMember b where a.mem_id=b.mem_id and a._c_idx =  order by a._c_idx 
------------------------------------------------------------------------------------------
1064 : You have an error in your SQL syntax; check the manual that corresponds to your MySQL server version for the right syntax to use near 'order by a._c_idx' at line 1
===========================================================================================

=== [2008/08/22 17:40:08] =================================================================
filename: /common/ajax_comment.php?notice_idx=4&kind=N
select a.*,b.mem_name,b.mem_grade,b.mem_kind, ifnull( (SELECT shop_url FROM tblShop WHERE mem_id = b.mem_id AND shop_kind = 'I'), '' ) AS shop_url from tblNoticeComment a,tblMember b where a.mem_id=b.mem_id and a.notice_c_idx =  order by a.notice_c_idx 
------------------------------------------------------------------------------------------
1064 : You have an error in your SQL syntax; check the manual that corresponds to your MySQL server version for the right syntax to use near 'order by a.notice_c_idx' at line 1
===========================================================================================

=== [2008/08/22 17:41:49] =================================================================
filename: /common/ajax_comment.php?notice_idx=4&kind=N
select a.*,b.mem_name,b.mem_grade,b.mem_kind, ifnull( (SELECT shop_url FROM tblShop WHERE mem_id = b.mem_id AND shop_kind = 'I'), '' ) AS shop_url from tblNoticeComment a,tblMember b where a.mem_id=b.mem_id and a.notice_idx =  order by a.notice_c_idx 
------------------------------------------------------------------------------------------
1064 : You have an error in your SQL syntax; check the manual that corresponds to your MySQL server version for the right syntax to use near 'order by a.notice_c_idx' at line 1
===========================================================================================

=== [2008/08/22 17:41:50] =================================================================
filename: /common/ajax_comment.php?notice_idx=4&kind=N
select a.*,b.mem_name,b.mem_grade,b.mem_kind, ifnull( (SELECT shop_url FROM tblShop WHERE mem_id = b.mem_id AND shop_kind = 'I'), '' ) AS shop_url from tblNoticeComment a,tblMember b where a.mem_id=b.mem_id and a.notice_idx =  order by a.notice_c_idx 
------------------------------------------------------------------------------------------
1064 : You have an error in your SQL syntax; check the manual that corresponds to your MySQL server version for the right syntax to use near 'order by a.notice_c_idx' at line 1
===========================================================================================

