=== [2008/08/12 16:34:06] =================================================================
filename: /manage/member/member_write_ok.php

	insert into tblMember
	(mem_id,mem_pwd,mem_kind,mem_name,mem_jumin,mem_email,mem_mobile,zipcode,mem_addr1,mem_addr2,mem_recom_id,mem_mailing,mem_status,mem_grade,mem_cash,mem_score,mem_reg_dt)

	values
	('','','S','','','','','','','','','Y','Y',10,0,0,now())
	
------------------------------------------------------------------------------------------
1062 : Duplicate entry '' for key 1
===========================================================================================

=== [2008/08/12 16:34:37] =================================================================
filename: /manage/member/member_write_ok.php

	insert into tblMember
	(mem_id,mem_pwd,mem_kind,mem_name,mem_jumin,mem_email,mem_mobile,zipcode,mem_addr1,mem_addr2,mem_recom_id,mem_mailing,mem_status,mem_grade,mem_cash,mem_score,mem_reg_dt)

	values
	('','','S','','','','','','','','','Y','Y',10,0,0,now())
	
------------------------------------------------------------------------------------------
1062 : Duplicate entry '' for key 1
===========================================================================================

=== [2008/08/12 16:35:04] =================================================================
filename: /manage/member/member_write_ok.php

	insert into tblMember
	(mem_id,mem_pwd,mem_kind,mem_name,mem_jumin,mem_email,mem_mobile,zipcode,mem_addr1,mem_addr2,mem_recom_id,mem_mailing,mem_status,mem_grade,mem_cash,mem_score,mem_reg_dt)

	values
	('','','','','','','','','','','','Y','Y',10,0,0,now())
	
------------------------------------------------------------------------------------------
1062 : Duplicate entry '' for key 1
===========================================================================================

=== [2008/08/12 17:22:29] =================================================================
filename: /manage/member/member_write_ok.php

	insert into tblMember
	(mem_id,mem_pwd,mem_kind,mem_name,mem_jumin,mem_email,mem_mobile,zipcode,mem_addr1,mem_addr2,mem_recom_id,mem_mailing,mem_status,mem_grade,mem_cash,mem_score,mem_reg_dt)

	values
	('','','S','','','','','','','','','Y','Y',10,0,0,now())
	
------------------------------------------------------------------------------------------
1062 : Duplicate entry '' for key 1
===========================================================================================

