=== [2008/08/18 12:16:06] =================================================================
filename: /manage/product/wait_write_ok.php
update tblProduct set p_judgment = 'Y' where p_idx = 2;1;
------------------------------------------------------------------------------------------
1064 : You have an error in your SQL syntax; check the manual that corresponds to your MySQL server version for the right syntax to use near ';1' at line 1
===========================================================================================

=== [2008/08/18 12:16:06] =================================================================
filename: /manage/product/wait_write_ok.php
select mem_id,p_title from tblProduct where p_idx = 2;1;
------------------------------------------------------------------------------------------
1064 : You have an error in your SQL syntax; check the manual that corresponds to your MySQL server version for the right syntax to use near ';1' at line 1
===========================================================================================

=== [2008/08/18 16:56:49] =================================================================
filename: /manage/member/member_lotto_grade_config.php
select *,(SELECT cvalue FROM tblCode WHERE cid = tblLottoItem.cid) as cvalue from tblLottoItem  where 1 and li_status = 'Y'   order by li_idx 
------------------------------------------------------------------------------------------
1054 : Unknown column 'tblLottoItem.cid' in 'where clause'
===========================================================================================

=== [2008/08/18 17:15:54] =================================================================
filename: /manage/member/member_lotto_grade_config_ok.php
update tblLottoItem set li_score = 1 where li_cid = LI01
------------------------------------------------------------------------------------------
1054 : Unknown column 'LI01' in 'where clause'
===========================================================================================

=== [2008/08/18 17:15:54] =================================================================
filename: /manage/member/member_lotto_grade_config_ok.php
update tblLottoItem set li_score = 2 where li_cid = LI02
------------------------------------------------------------------------------------------
1054 : Unknown column 'LI02' in 'where clause'
===========================================================================================

=== [2008/08/18 17:15:54] =================================================================
filename: /manage/member/member_lotto_grade_config_ok.php
update tblLottoItem set li_score = 2 where li_cid = LI03
------------------------------------------------------------------------------------------
1054 : Unknown column 'LI03' in 'where clause'
===========================================================================================

=== [2008/08/18 17:15:54] =================================================================
filename: /manage/member/member_lotto_grade_config_ok.php
update tblLottoItem set li_score = 3 where li_cid = LI04
------------------------------------------------------------------------------------------
1054 : Unknown column 'LI04' in 'where clause'
===========================================================================================

=== [2008/08/18 17:15:54] =================================================================
filename: /manage/member/member_lotto_grade_config_ok.php
update tblLottoItem set li_score = 3 where li_cid = LI05
------------------------------------------------------------------------------------------
1054 : Unknown column 'LI05' in 'where clause'
===========================================================================================

=== [2008/08/18 17:15:54] =================================================================
filename: /manage/member/member_lotto_grade_config_ok.php
update tblLottoItem set li_score = 3 where li_cid = LI06
------------------------------------------------------------------------------------------
1054 : Unknown column 'LI06' in 'where clause'
===========================================================================================

=== [2008/08/18 17:15:54] =================================================================
filename: /manage/member/member_lotto_grade_config_ok.php
update tblLottoItem set li_score = 7 where li_cid = LI07
------------------------------------------------------------------------------------------
1054 : Unknown column 'LI07' in 'where clause'
===========================================================================================

=== [2008/08/18 17:15:54] =================================================================
filename: /manage/member/member_lotto_grade_config_ok.php
update tblLottoItem set li_score = 10 where li_cid = LI08
------------------------------------------------------------------------------------------
1054 : Unknown column 'LI08' in 'where clause'
===========================================================================================

=== [2008/08/18 17:18:42] =================================================================
filename: /manage/member/member_lotto_grade_config_ok.php
update tblLottoItem set li_score = 55 where li_cid = LI07
------------------------------------------------------------------------------------------
1054 : Unknown column 'LI07' in 'where clause'
===========================================================================================

=== [2008/08/18 17:21:39] =================================================================
filename: /manage/member/shop_cash_config.php
select *,(SELECT cvalue FROM tblCode WHERE cid = tblCashConfig.cid) as cvalue from tblCashConfig  where 1 and cash_status = 'Y'   order by cc_idx 
------------------------------------------------------------------------------------------
1054 : Unknown column 'tblCashConfig.cid' in 'where clause'
===========================================================================================

=== [2008/08/18 17:27:29] =================================================================
filename: /manage/member/shop_cash_config_ok.php
update tblCashConfig set cash = 10000 where cc_idx = 'CC01'
------------------------------------------------------------------------------------------
1054 : Unknown column 'cc_idx' in 'where clause'
===========================================================================================

=== [2008/08/18 17:27:29] =================================================================
filename: /manage/member/shop_cash_config_ok.php
update tblCashConfig set cash = 0 where cc_idx = 'CC02'
------------------------------------------------------------------------------------------
1054 : Unknown column 'cc_idx' in 'where clause'
===========================================================================================

=== [2008/08/18 17:27:29] =================================================================
filename: /manage/member/shop_cash_config_ok.php
update tblCashConfig set cash = 0 where cc_idx = 'CC03'
------------------------------------------------------------------------------------------
1054 : Unknown column 'cc_idx' in 'where clause'
===========================================================================================

=== [2008/08/18 17:27:29] =================================================================
filename: /manage/member/shop_cash_config_ok.php
update tblCashConfig set cash = 1000 where cc_idx = 'CC04'
------------------------------------------------------------------------------------------
1054 : Unknown column 'cc_idx' in 'where clause'
===========================================================================================

=== [2008/08/18 17:27:29] =================================================================
filename: /manage/member/shop_cash_config_ok.php
update tblCashConfig set cash = 0 where cc_idx = 'CC05'
------------------------------------------------------------------------------------------
1054 : Unknown column 'cc_idx' in 'where clause'
===========================================================================================

=== [2008/08/18 17:27:36] =================================================================
filename: /manage/member/shop_cash_config_ok.php
update tblCashConfig set cash = 10000 where cc_idx = 'CC01'
------------------------------------------------------------------------------------------
1054 : Unknown column 'cc_idx' in 'where clause'
===========================================================================================

=== [2008/08/18 17:27:36] =================================================================
filename: /manage/member/shop_cash_config_ok.php
update tblCashConfig set cash = 0 where cc_idx = 'CC02'
------------------------------------------------------------------------------------------
1054 : Unknown column 'cc_idx' in 'where clause'
===========================================================================================

=== [2008/08/18 17:27:36] =================================================================
filename: /manage/member/shop_cash_config_ok.php
update tblCashConfig set cash = 0 where cc_idx = 'CC03'
------------------------------------------------------------------------------------------
1054 : Unknown column 'cc_idx' in 'where clause'
===========================================================================================

=== [2008/08/18 17:27:36] =================================================================
filename: /manage/member/shop_cash_config_ok.php
update tblCashConfig set cash = 1000 where cc_idx = 'CC04'
------------------------------------------------------------------------------------------
1054 : Unknown column 'cc_idx' in 'where clause'
===========================================================================================

=== [2008/08/18 17:27:36] =================================================================
filename: /manage/member/shop_cash_config_ok.php
update tblCashConfig set cash = 0 where cc_idx = 'CC05'
------------------------------------------------------------------------------------------
1054 : Unknown column 'cc_idx' in 'where clause'
===========================================================================================

