=== [2008/11/21 02:42:48] =================================================================
filename: /product/product_view.php?p_idx=11
select ifnull(sum(A.score),0) from tblScoreConfig A, tblScore B where A.sc_cid = B.sc_cid and B.p_e_idx =  
------------------------------------------------------------------------------------------
1064 : You have an error in your SQL syntax; check the manual that corresponds to your MySQL server version for the right syntax to use near '' at line 1
===========================================================================================

=== [2008/11/21 02:42:48] =================================================================
filename: /product/product_view.php?p_idx=11

select A.p_idx, B.p_e_idx, A.p_main_img
from tblProduct A, tblProductEach B
where 1 
and A.p_idx = B.p_idx
and A.p_idx != 11
and A.shop_idx = 
and now() between B.start_dt and B.end_dt

------------------------------------------------------------------------------------------
1064 : You have an error in your SQL syntax; check the manual that corresponds to your MySQL server version for the right syntax to use near 'and now() between B.start_dt and B.end_dt' at line 7
===========================================================================================

=== [2008/11/21 02:43:03] =================================================================
filename: /product/product_view.php?p_idx=12
select ifnull(sum(A.score),0) from tblScoreConfig A, tblScore B where A.sc_cid = B.sc_cid and B.p_e_idx =  
------------------------------------------------------------------------------------------
1064 : You have an error in your SQL syntax; check the manual that corresponds to your MySQL server version for the right syntax to use near '' at line 1
===========================================================================================

=== [2008/11/21 02:43:03] =================================================================
filename: /product/product_view.php?p_idx=12

select A.p_idx, B.p_e_idx, A.p_main_img
from tblProduct A, tblProductEach B
where 1 
and A.p_idx = B.p_idx
and A.p_idx != 12
and A.shop_idx = 
and now() between B.start_dt and B.end_dt

------------------------------------------------------------------------------------------
1064 : You have an error in your SQL syntax; check the manual that corresponds to your MySQL server version for the right syntax to use near 'and now() between B.start_dt and B.end_dt' at line 7
===========================================================================================

=== [2008/11/21 02:43:16] =================================================================
filename: /product/product_view.php?p_idx=27
select ifnull(sum(A.score),0) from tblScoreConfig A, tblScore B where A.sc_cid = B.sc_cid and B.p_e_idx =  
------------------------------------------------------------------------------------------
1064 : You have an error in your SQL syntax; check the manual that corresponds to your MySQL server version for the right syntax to use near '' at line 1
===========================================================================================

=== [2008/11/21 02:43:16] =================================================================
filename: /product/product_view.php?p_idx=27

select A.p_idx, B.p_e_idx, A.p_main_img
from tblProduct A, tblProductEach B
where 1 
and A.p_idx = B.p_idx
and A.p_idx != 27
and A.shop_idx = 
and now() between B.start_dt and B.end_dt

------------------------------------------------------------------------------------------
1064 : You have an error in your SQL syntax; check the manual that corresponds to your MySQL server version for the right syntax to use near 'and now() between B.start_dt and B.end_dt' at line 7
===========================================================================================

=== [2008/11/21 02:43:48] =================================================================
filename: /product/product_view.php?p_idx=16
select ifnull(sum(A.score),0) from tblScoreConfig A, tblScore B where A.sc_cid = B.sc_cid and B.p_e_idx =  
------------------------------------------------------------------------------------------
1064 : You have an error in your SQL syntax; check the manual that corresponds to your MySQL server version for the right syntax to use near '' at line 1
===========================================================================================

=== [2008/11/21 02:43:48] =================================================================
filename: /product/product_view.php?p_idx=16

select A.p_idx, B.p_e_idx, A.p_main_img
from tblProduct A, tblProductEach B
where 1 
and A.p_idx = B.p_idx
and A.p_idx != 16
and A.shop_idx = 
and now() between B.start_dt and B.end_dt

------------------------------------------------------------------------------------------
1064 : You have an error in your SQL syntax; check the manual that corresponds to your MySQL server version for the right syntax to use near 'and now() between B.start_dt and B.end_dt' at line 7
===========================================================================================

=== [2008/11/21 04:47:09] =================================================================
filename: /product/product_view.php?p_idx=21
select ifnull(sum(A.score),0) from tblScoreConfig A, tblScore B where A.sc_cid = B.sc_cid and B.p_e_idx =  
------------------------------------------------------------------------------------------
1064 : You have an error in your SQL syntax; check the manual that corresponds to your MySQL server version for the right syntax to use near '' at line 1
===========================================================================================

=== [2008/11/21 04:47:09] =================================================================
filename: /product/product_view.php?p_idx=21

select A.p_idx, B.p_e_idx, A.p_main_img
from tblProduct A, tblProductEach B
where 1 
and A.p_idx = B.p_idx
and A.p_idx != 21
and A.shop_idx = 
and now() between B.start_dt and B.end_dt

------------------------------------------------------------------------------------------
1064 : You have an error in your SQL syntax; check the manual that corresponds to your MySQL server version for the right syntax to use near 'and now() between B.start_dt and B.end_dt' at line 7
===========================================================================================

=== [2008/11/21 04:47:10] =================================================================
filename: /product/ajax_product_gift_tracking.php?p_idx=21&pe_idx=&shop_idx=&giftpage=1

SELECT count(*)
FROM tblProduct A, tblProductEach B, tblGiftTracking C
WHERE 1
AND A.p_idx = B.p_idx
AND B.p_e_idx = C.p_e_idx
AND A.shop_idx = 
GROUP BY C.p_e_idx

------------------------------------------------------------------------------------------
1064 : You have an error in your SQL syntax; check the manual that corresponds to your MySQL server version for the right syntax to use near 'GROUP BY C.p_e_idx' at line 7
===========================================================================================

=== [2008/11/21 04:47:10] =================================================================
filename: /product/ajax_product_gift_tracking.php?p_idx=21&pe_idx=&shop_idx=&giftpage=1

SELECT A.p_idx, A.p_title, A.p_main_img, A.p_gift, B.p_e_idx, B.end_dt
FROM tblProduct A, tblProductEach B, tblGiftTracking C
WHERE 1
AND A.p_idx = B.p_idx
AND B.p_e_idx = C.p_e_idx
AND A.shop_idx = 
GROUP BY C.p_e_idx
 order by B.p_e_idx desc  limit 1, 10 

------------------------------------------------------------------------------------------
1064 : You have an error in your SQL syntax; check the manual that corresponds to your MySQL server version for the right syntax to use near 'GROUP BY C.p_e_idx
 order by B.p_e_idx desc  limit 1, 10' at line 7
===========================================================================================

=== [2008/11/21 04:47:44] =================================================================
filename: /product/product_view.php?p_idx=15
select ifnull(sum(A.score),0) from tblScoreConfig A, tblScore B where A.sc_cid = B.sc_cid and B.p_e_idx =  
------------------------------------------------------------------------------------------
1064 : You have an error in your SQL syntax; check the manual that corresponds to your MySQL server version for the right syntax to use near '' at line 1
===========================================================================================

=== [2008/11/21 04:47:44] =================================================================
filename: /product/product_view.php?p_idx=15

select A.p_idx, B.p_e_idx, A.p_main_img
from tblProduct A, tblProductEach B
where 1 
and A.p_idx = B.p_idx
and A.p_idx != 15
and A.shop_idx = 
and now() between B.start_dt and B.end_dt

------------------------------------------------------------------------------------------
1064 : You have an error in your SQL syntax; check the manual that corresponds to your MySQL server version for the right syntax to use near 'and now() between B.start_dt and B.end_dt' at line 7
===========================================================================================

=== [2008/11/21 04:47:45] =================================================================
filename: /product/ajax_product_gift_tracking.php?p_idx=15&pe_idx=&shop_idx=&giftpage=1

SELECT count(*)
FROM tblProduct A, tblProductEach B, tblGiftTracking C
WHERE 1
AND A.p_idx = B.p_idx
AND B.p_e_idx = C.p_e_idx
AND A.shop_idx = 
GROUP BY C.p_e_idx

------------------------------------------------------------------------------------------
1064 : You have an error in your SQL syntax; check the manual that corresponds to your MySQL server version for the right syntax to use near 'GROUP BY C.p_e_idx' at line 7
===========================================================================================

=== [2008/11/21 04:47:45] =================================================================
filename: /product/ajax_product_gift_tracking.php?p_idx=15&pe_idx=&shop_idx=&giftpage=1

SELECT A.p_idx, A.p_title, A.p_main_img, A.p_gift, B.p_e_idx, B.end_dt
FROM tblProduct A, tblProductEach B, tblGiftTracking C
WHERE 1
AND A.p_idx = B.p_idx
AND B.p_e_idx = C.p_e_idx
AND A.shop_idx = 
GROUP BY C.p_e_idx
 order by B.p_e_idx desc  limit 1, 10 

------------------------------------------------------------------------------------------
1064 : You have an error in your SQL syntax; check the manual that corresponds to your MySQL server version for the right syntax to use near 'GROUP BY C.p_e_idx
 order by B.p_e_idx desc  limit 1, 10' at line 7
===========================================================================================

=== [2008/11/21 04:47:54] =================================================================
filename: /product/product_view.php?p_idx=11
select ifnull(sum(A.score),0) from tblScoreConfig A, tblScore B where A.sc_cid = B.sc_cid and B.p_e_idx =  
------------------------------------------------------------------------------------------
1064 : You have an error in your SQL syntax; check the manual that corresponds to your MySQL server version for the right syntax to use near '' at line 1
===========================================================================================

=== [2008/11/21 04:47:54] =================================================================
filename: /product/product_view.php?p_idx=11

select A.p_idx, B.p_e_idx, A.p_main_img
from tblProduct A, tblProductEach B
where 1 
and A.p_idx = B.p_idx
and A.p_idx != 11
and A.shop_idx = 
and now() between B.start_dt and B.end_dt

------------------------------------------------------------------------------------------
1064 : You have an error in your SQL syntax; check the manual that corresponds to your MySQL server version for the right syntax to use near 'and now() between B.start_dt and B.end_dt' at line 7
===========================================================================================

=== [2008/11/21 04:47:55] =================================================================
filename: /product/ajax_product_gift_tracking.php?p_idx=11&pe_idx=&shop_idx=&giftpage=1

SELECT count(*)
FROM tblProduct A, tblProductEach B, tblGiftTracking C
WHERE 1
AND A.p_idx = B.p_idx
AND B.p_e_idx = C.p_e_idx
AND A.shop_idx = 
GROUP BY C.p_e_idx

------------------------------------------------------------------------------------------
1064 : You have an error in your SQL syntax; check the manual that corresponds to your MySQL server version for the right syntax to use near 'GROUP BY C.p_e_idx' at line 7
===========================================================================================

=== [2008/11/21 04:47:55] =================================================================
filename: /product/ajax_product_gift_tracking.php?p_idx=11&pe_idx=&shop_idx=&giftpage=1

SELECT A.p_idx, A.p_title, A.p_main_img, A.p_gift, B.p_e_idx, B.end_dt
FROM tblProduct A, tblProductEach B, tblGiftTracking C
WHERE 1
AND A.p_idx = B.p_idx
AND B.p_e_idx = C.p_e_idx
AND A.shop_idx = 
GROUP BY C.p_e_idx
 order by B.p_e_idx desc  limit 1, 10 

------------------------------------------------------------------------------------------
1064 : You have an error in your SQL syntax; check the manual that corresponds to your MySQL server version for the right syntax to use near 'GROUP BY C.p_e_idx
 order by B.p_e_idx desc  limit 1, 10' at line 7
===========================================================================================

=== [2008/11/21 10:49:38] =================================================================
filename: /product/product_view.php?p_idx=20
select ifnull(sum(A.score),0) from tblScoreConfig A, tblScore B where A.sc_cid = B.sc_cid and B.p_e_idx =  
------------------------------------------------------------------------------------------
1064 : You have an error in your SQL syntax; check the manual that corresponds to your MySQL server version for the right syntax to use near '' at line 1
===========================================================================================

=== [2008/11/21 10:49:38] =================================================================
filename: /product/product_view.php?p_idx=20

select A.p_idx, B.p_e_idx, A.p_main_img
from tblProduct A, tblProductEach B
where 1 
and A.p_idx = B.p_idx
and A.p_idx != 20
and A.shop_idx = 
and now() between B.start_dt and B.end_dt

------------------------------------------------------------------------------------------
1064 : You have an error in your SQL syntax; check the manual that corresponds to your MySQL server version for the right syntax to use near 'and now() between B.start_dt and B.end_dt' at line 7
===========================================================================================

=== [2008/11/21 10:49:38] =================================================================
filename: /product/ajax_product_gift_tracking.php?p_idx=20&pe_idx=&shop_idx=&giftpage=1

SELECT count(*)
FROM tblProduct A, tblProductEach B, tblGiftTracking C
WHERE 1
AND A.p_idx = B.p_idx
AND B.p_e_idx = C.p_e_idx
AND A.shop_idx = 
GROUP BY C.p_e_idx

------------------------------------------------------------------------------------------
1064 : You have an error in your SQL syntax; check the manual that corresponds to your MySQL server version for the right syntax to use near 'GROUP BY C.p_e_idx' at line 7
===========================================================================================

=== [2008/11/21 10:49:38] =================================================================
filename: /product/ajax_product_gift_tracking.php?p_idx=20&pe_idx=&shop_idx=&giftpage=1

SELECT A.p_idx, A.p_title, A.p_main_img, A.p_gift, B.p_e_idx, B.end_dt
FROM tblProduct A, tblProductEach B, tblGiftTracking C
WHERE 1
AND A.p_idx = B.p_idx
AND B.p_e_idx = C.p_e_idx
AND A.shop_idx = 
GROUP BY C.p_e_idx
 order by B.p_e_idx desc  limit 1, 10 

------------------------------------------------------------------------------------------
1064 : You have an error in your SQL syntax; check the manual that corresponds to your MySQL server version for the right syntax to use near 'GROUP BY C.p_e_idx
 order by B.p_e_idx desc  limit 1, 10' at line 7
===========================================================================================

=== [2008/11/21 10:49:44] =================================================================
filename: /product/product_view.php?p_idx=25
select ifnull(sum(A.score),0) from tblScoreConfig A, tblScore B where A.sc_cid = B.sc_cid and B.p_e_idx =  
------------------------------------------------------------------------------------------
1064 : You have an error in your SQL syntax; check the manual that corresponds to your MySQL server version for the right syntax to use near '' at line 1
===========================================================================================

=== [2008/11/21 10:49:44] =================================================================
filename: /product/product_view.php?p_idx=25

select A.p_idx, B.p_e_idx, A.p_main_img
from tblProduct A, tblProductEach B
where 1 
and A.p_idx = B.p_idx
and A.p_idx != 25
and A.shop_idx = 
and now() between B.start_dt and B.end_dt

------------------------------------------------------------------------------------------
1064 : You have an error in your SQL syntax; check the manual that corresponds to your MySQL server version for the right syntax to use near 'and now() between B.start_dt and B.end_dt' at line 7
===========================================================================================

=== [2008/11/21 10:49:44] =================================================================
filename: /product/ajax_product_gift_tracking.php?p_idx=25&pe_idx=&shop_idx=&giftpage=1

SELECT count(*)
FROM tblProduct A, tblProductEach B, tblGiftTracking C
WHERE 1
AND A.p_idx = B.p_idx
AND B.p_e_idx = C.p_e_idx
AND A.shop_idx = 
GROUP BY C.p_e_idx

------------------------------------------------------------------------------------------
1064 : You have an error in your SQL syntax; check the manual that corresponds to your MySQL server version for the right syntax to use near 'GROUP BY C.p_e_idx' at line 7
===========================================================================================

=== [2008/11/21 10:49:44] =================================================================
filename: /product/ajax_product_gift_tracking.php?p_idx=25&pe_idx=&shop_idx=&giftpage=1

SELECT A.p_idx, A.p_title, A.p_main_img, A.p_gift, B.p_e_idx, B.end_dt
FROM tblProduct A, tblProductEach B, tblGiftTracking C
WHERE 1
AND A.p_idx = B.p_idx
AND B.p_e_idx = C.p_e_idx
AND A.shop_idx = 
GROUP BY C.p_e_idx
 order by B.p_e_idx desc  limit 1, 10 

------------------------------------------------------------------------------------------
1064 : You have an error in your SQL syntax; check the manual that corresponds to your MySQL server version for the right syntax to use near 'GROUP BY C.p_e_idx
 order by B.p_e_idx desc  limit 1, 10' at line 7
===========================================================================================

=== [2008/11/21 15:01:29] =================================================================
filename: /product/product_view.php?p_idx=21
select ifnull(sum(A.score),0) from tblScoreConfig A, tblScore B where A.sc_cid = B.sc_cid and B.p_e_idx =  
------------------------------------------------------------------------------------------
1064 : You have an error in your SQL syntax; check the manual that corresponds to your MySQL server version for the right syntax to use near '' at line 1
===========================================================================================

=== [2008/11/21 15:01:29] =================================================================
filename: /product/product_view.php?p_idx=21

select A.p_idx, B.p_e_idx, A.p_main_img
from tblProduct A, tblProductEach B
where 1 
and A.p_idx = B.p_idx
and A.p_idx != 21
and A.shop_idx = 
and now() between B.start_dt and B.end_dt

------------------------------------------------------------------------------------------
1064 : You have an error in your SQL syntax; check the manual that corresponds to your MySQL server version for the right syntax to use near 'and now() between B.start_dt and B.end_dt' at line 7
===========================================================================================

=== [2008/11/21 15:01:29] =================================================================
filename: /product/ajax_product_gift_tracking.php?p_idx=21&pe_idx=&shop_idx=&giftpage=1

SELECT count(*)
FROM tblProduct A, tblProductEach B, tblGiftTracking C
WHERE 1
AND A.p_idx = B.p_idx
AND B.p_e_idx = C.p_e_idx
AND A.shop_idx = 
GROUP BY C.p_e_idx

------------------------------------------------------------------------------------------
1064 : You have an error in your SQL syntax; check the manual that corresponds to your MySQL server version for the right syntax to use near 'GROUP BY C.p_e_idx' at line 7
===========================================================================================

=== [2008/11/21 15:01:29] =================================================================
filename: /product/ajax_product_gift_tracking.php?p_idx=21&pe_idx=&shop_idx=&giftpage=1

SELECT A.p_idx, A.p_title, A.p_main_img, A.p_gift, B.p_e_idx, B.end_dt
FROM tblProduct A, tblProductEach B, tblGiftTracking C
WHERE 1
AND A.p_idx = B.p_idx
AND B.p_e_idx = C.p_e_idx
AND A.shop_idx = 
GROUP BY C.p_e_idx
 order by B.p_e_idx desc  limit 1, 10 

------------------------------------------------------------------------------------------
1064 : You have an error in your SQL syntax; check the manual that corresponds to your MySQL server version for the right syntax to use near 'GROUP BY C.p_e_idx
 order by B.p_e_idx desc  limit 1, 10' at line 7
===========================================================================================

=== [2008/11/21 15:02:17] =================================================================
filename: /product/product_view.php?p_idx=11
select ifnull(sum(A.score),0) from tblScoreConfig A, tblScore B where A.sc_cid = B.sc_cid and B.p_e_idx =  
------------------------------------------------------------------------------------------
1064 : You have an error in your SQL syntax; check the manual that corresponds to your MySQL server version for the right syntax to use near '' at line 1
===========================================================================================

=== [2008/11/21 15:02:17] =================================================================
filename: /product/product_view.php?p_idx=11

select A.p_idx, B.p_e_idx, A.p_main_img
from tblProduct A, tblProductEach B
where 1 
and A.p_idx = B.p_idx
and A.p_idx != 11
and A.shop_idx = 
and now() between B.start_dt and B.end_dt

------------------------------------------------------------------------------------------
1064 : You have an error in your SQL syntax; check the manual that corresponds to your MySQL server version for the right syntax to use near 'and now() between B.start_dt and B.end_dt' at line 7
===========================================================================================

=== [2008/11/21 15:02:18] =================================================================
filename: /product/ajax_product_gift_tracking.php?p_idx=11&pe_idx=&shop_idx=&giftpage=1

SELECT count(*)
FROM tblProduct A, tblProductEach B, tblGiftTracking C
WHERE 1
AND A.p_idx = B.p_idx
AND B.p_e_idx = C.p_e_idx
AND A.shop_idx = 
GROUP BY C.p_e_idx

------------------------------------------------------------------------------------------
1064 : You have an error in your SQL syntax; check the manual that corresponds to your MySQL server version for the right syntax to use near 'GROUP BY C.p_e_idx' at line 7
===========================================================================================

=== [2008/11/21 15:02:18] =================================================================
filename: /product/ajax_product_gift_tracking.php?p_idx=11&pe_idx=&shop_idx=&giftpage=1

SELECT A.p_idx, A.p_title, A.p_main_img, A.p_gift, B.p_e_idx, B.end_dt
FROM tblProduct A, tblProductEach B, tblGiftTracking C
WHERE 1
AND A.p_idx = B.p_idx
AND B.p_e_idx = C.p_e_idx
AND A.shop_idx = 
GROUP BY C.p_e_idx
 order by B.p_e_idx desc  limit 1, 10 

------------------------------------------------------------------------------------------
1064 : You have an error in your SQL syntax; check the manual that corresponds to your MySQL server version for the right syntax to use near 'GROUP BY C.p_e_idx
 order by B.p_e_idx desc  limit 1, 10' at line 7
===========================================================================================

=== [2008/11/21 17:19:22] =================================================================
filename: /product/product_view.php?p_idx=27
select ifnull(sum(A.score),0) from tblScoreConfig A, tblScore B where A.sc_cid = B.sc_cid and B.p_e_idx =  
------------------------------------------------------------------------------------------
1064 : You have an error in your SQL syntax; check the manual that corresponds to your MySQL server version for the right syntax to use near '' at line 1
===========================================================================================

=== [2008/11/21 17:19:22] =================================================================
filename: /product/product_view.php?p_idx=27

select A.p_idx, B.p_e_idx, A.p_main_img
from tblProduct A, tblProductEach B
where 1 
and A.p_idx = B.p_idx
and A.p_idx != 27
and A.shop_idx = 
and now() between B.start_dt and B.end_dt

------------------------------------------------------------------------------------------
1064 : You have an error in your SQL syntax; check the manual that corresponds to your MySQL server version for the right syntax to use near 'and now() between B.start_dt and B.end_dt' at line 7
===========================================================================================

=== [2008/11/21 17:19:23] =================================================================
filename: /product/ajax_product_gift_tracking.php?p_idx=27&pe_idx=&shop_idx=&giftpage=1

SELECT count(*)
FROM tblProduct A, tblProductEach B, tblGiftTracking C
WHERE 1
AND A.p_idx = B.p_idx
AND B.p_e_idx = C.p_e_idx
AND A.shop_idx = 
GROUP BY C.p_e_idx

------------------------------------------------------------------------------------------
1064 : You have an error in your SQL syntax; check the manual that corresponds to your MySQL server version for the right syntax to use near 'GROUP BY C.p_e_idx' at line 7
===========================================================================================

=== [2008/11/21 17:19:23] =================================================================
filename: /product/ajax_product_gift_tracking.php?p_idx=27&pe_idx=&shop_idx=&giftpage=1

SELECT A.p_idx, A.p_title, A.p_main_img, A.p_gift, B.p_e_idx, B.end_dt
FROM tblProduct A, tblProductEach B, tblGiftTracking C
WHERE 1
AND A.p_idx = B.p_idx
AND B.p_e_idx = C.p_e_idx
AND A.shop_idx = 
GROUP BY C.p_e_idx
 order by B.p_e_idx desc  limit 1, 10 

------------------------------------------------------------------------------------------
1064 : You have an error in your SQL syntax; check the manual that corresponds to your MySQL server version for the right syntax to use near 'GROUP BY C.p_e_idx
 order by B.p_e_idx desc  limit 1, 10' at line 7
===========================================================================================

=== [2008/11/21 18:38:18] =================================================================
filename: /msg/pop_msg_read.php
select *,(select mem_name from tblMember where mem_id=tblMsg.send_mem_id) as send_mem_name from tblMsg where msg_idx = 

 and recv_mem_id = 'hong' 
------------------------------------------------------------------------------------------
1064 : You have an error in your SQL syntax; check the manual that corresponds to your MySQL server version for the right syntax to use near 'and recv_mem_id = 'hong'' at line 3
===========================================================================================

=== [2008/11/21 18:38:29] =================================================================
filename: /msg/pop_msg_read.php
select *,(select mem_name from tblMember where mem_id=tblMsg.send_mem_id) as send_mem_name from tblMsg where msg_idx = 

 and recv_mem_id = 'hong' 
------------------------------------------------------------------------------------------
1064 : You have an error in your SQL syntax; check the manual that corresponds to your MySQL server version for the right syntax to use near 'and recv_mem_id = 'hong'' at line 3
===========================================================================================

=== [2008/11/21 18:38:36] =================================================================
filename: /msg/pop_msg_read.php
select *,(select mem_name from tblMember where mem_id=tblMsg.send_mem_id) as send_mem_name from tblMsg where msg_idx = 

 and recv_mem_id = 'hong' 
------------------------------------------------------------------------------------------
1064 : You have an error in your SQL syntax; check the manual that corresponds to your MySQL server version for the right syntax to use near 'and recv_mem_id = 'hong'' at line 3
===========================================================================================

=== [2008/11/21 18:38:39] =================================================================
filename: /msg/pop_msg_read.php
select *,(select mem_name from tblMember where mem_id=tblMsg.send_mem_id) as send_mem_name from tblMsg where msg_idx = 

 and recv_mem_id = 'hong' 
------------------------------------------------------------------------------------------
1064 : You have an error in your SQL syntax; check the manual that corresponds to your MySQL server version for the right syntax to use near 'and recv_mem_id = 'hong'' at line 3
===========================================================================================

=== [2008/11/21 18:38:46] =================================================================
filename: /msg/pop_msg_read.php
select *,(select mem_name from tblMember where mem_id=tblMsg.send_mem_id) as send_mem_name from tblMsg where msg_idx = 

 and recv_mem_id = 'hong' 
------------------------------------------------------------------------------------------
1064 : You have an error in your SQL syntax; check the manual that corresponds to your MySQL server version for the right syntax to use near 'and recv_mem_id = 'hong'' at line 3
===========================================================================================

=== [2008/11/21 18:38:51] =================================================================
filename: /msg/pop_msg_read.php
select *,(select mem_name from tblMember where mem_id=tblMsg.send_mem_id) as send_mem_name from tblMsg where msg_idx = 

 and recv_mem_id = 'hong' 
------------------------------------------------------------------------------------------
1064 : You have an error in your SQL syntax; check the manual that corresponds to your MySQL server version for the right syntax to use near 'and recv_mem_id = 'hong'' at line 3
===========================================================================================

=== [2008/11/21 18:39:55] =================================================================
filename: /msg/pop_msg_read.php
select *,(select mem_name from tblMember where mem_id=tblMsg.send_mem_id) as send_mem_name from tblMsg where msg_idx = 

 and recv_mem_id = 'goodshop' 
------------------------------------------------------------------------------------------
1064 : You have an error in your SQL syntax; check the manual that corresponds to your MySQL server version for the right syntax to use near 'and recv_mem_id = 'goodshop'' at line 3
===========================================================================================

=== [2008/11/21 18:40:15] =================================================================
filename: /msg/pop_msg_read.php
select *,(select mem_name from tblMember where mem_id=tblMsg.send_mem_id) as send_mem_name from tblMsg where msg_idx = 

 and recv_mem_id = 'goodshop' 
------------------------------------------------------------------------------------------
1064 : You have an error in your SQL syntax; check the manual that corresponds to your MySQL server version for the right syntax to use near 'and recv_mem_id = 'goodshop'' at line 3
===========================================================================================

=== [2008/11/21 18:40:35] =================================================================
filename: /msg/pop_msg_read.php
select *,(select mem_name from tblMember where mem_id=tblMsg.send_mem_id) as send_mem_name from tblMsg where msg_idx = 

 and recv_mem_id = 'goodshop' 
------------------------------------------------------------------------------------------
1064 : You have an error in your SQL syntax; check the manual that corresponds to your MySQL server version for the right syntax to use near 'and recv_mem_id = 'goodshop'' at line 3
===========================================================================================

=== [2008/11/21 18:40:55] =================================================================
filename: /msg/pop_msg_read.php
select *,(select mem_name from tblMember where mem_id=tblMsg.send_mem_id) as send_mem_name from tblMsg where msg_idx = 

 and recv_mem_id = 'goodshop' 
------------------------------------------------------------------------------------------
1064 : You have an error in your SQL syntax; check the manual that corresponds to your MySQL server version for the right syntax to use near 'and recv_mem_id = 'goodshop'' at line 3
===========================================================================================

=== [2008/11/21 18:41:05] =================================================================
filename: /msg/pop_msg_read.php
select *,(select mem_name from tblMember where mem_id=tblMsg.send_mem_id) as send_mem_name from tblMsg where msg_idx = 

 and recv_mem_id = 'goodshop' 
------------------------------------------------------------------------------------------
1064 : You have an error in your SQL syntax; check the manual that corresponds to your MySQL server version for the right syntax to use near 'and recv_mem_id = 'goodshop'' at line 3
===========================================================================================

=== [2008/11/21 18:41:25] =================================================================
filename: /msg/pop_msg_read.php
select *,(select mem_name from tblMember where mem_id=tblMsg.send_mem_id) as send_mem_name from tblMsg where msg_idx = 

 and recv_mem_id = 'goodshop' 
------------------------------------------------------------------------------------------
1064 : You have an error in your SQL syntax; check the manual that corresponds to your MySQL server version for the right syntax to use near 'and recv_mem_id = 'goodshop'' at line 3
===========================================================================================

=== [2008/11/21 18:41:45] =================================================================
filename: /msg/pop_msg_read.php
select *,(select mem_name from tblMember where mem_id=tblMsg.send_mem_id) as send_mem_name from tblMsg where msg_idx = 

 and recv_mem_id = 'goodshop' 
------------------------------------------------------------------------------------------
1064 : You have an error in your SQL syntax; check the manual that corresponds to your MySQL server version for the right syntax to use near 'and recv_mem_id = 'goodshop'' at line 3
===========================================================================================

=== [2008/11/21 18:41:55] =================================================================
filename: /msg/pop_msg_read.php
select *,(select mem_name from tblMember where mem_id=tblMsg.send_mem_id) as send_mem_name from tblMsg where msg_idx = 

 and recv_mem_id = 'goodshop' 
------------------------------------------------------------------------------------------
1064 : You have an error in your SQL syntax; check the manual that corresponds to your MySQL server version for the right syntax to use near 'and recv_mem_id = 'goodshop'' at line 3
===========================================================================================

=== [2008/11/21 18:42:15] =================================================================
filename: /msg/pop_msg_read.php
select *,(select mem_name from tblMember where mem_id=tblMsg.send_mem_id) as send_mem_name from tblMsg where msg_idx = 

 and recv_mem_id = 'goodshop' 
------------------------------------------------------------------------------------------
1064 : You have an error in your SQL syntax; check the manual that corresponds to your MySQL server version for the right syntax to use near 'and recv_mem_id = 'goodshop'' at line 3
===========================================================================================

=== [2008/11/21 18:42:35] =================================================================
filename: /msg/pop_msg_read.php
select *,(select mem_name from tblMember where mem_id=tblMsg.send_mem_id) as send_mem_name from tblMsg where msg_idx = 

 and recv_mem_id = 'goodshop' 
------------------------------------------------------------------------------------------
1064 : You have an error in your SQL syntax; check the manual that corresponds to your MySQL server version for the right syntax to use near 'and recv_mem_id = 'goodshop'' at line 3
===========================================================================================

=== [2008/11/21 18:42:55] =================================================================
filename: /msg/pop_msg_read.php
select *,(select mem_name from tblMember where mem_id=tblMsg.send_mem_id) as send_mem_name from tblMsg where msg_idx = 

 and recv_mem_id = 'goodshop' 
------------------------------------------------------------------------------------------
1064 : You have an error in your SQL syntax; check the manual that corresponds to your MySQL server version for the right syntax to use near 'and recv_mem_id = 'goodshop'' at line 3
===========================================================================================

=== [2008/11/21 18:43:15] =================================================================
filename: /msg/pop_msg_read.php
select *,(select mem_name from tblMember where mem_id=tblMsg.send_mem_id) as send_mem_name from tblMsg where msg_idx = 

 and recv_mem_id = 'goodshop' 
------------------------------------------------------------------------------------------
1064 : You have an error in your SQL syntax; check the manual that corresponds to your MySQL server version for the right syntax to use near 'and recv_mem_id = 'goodshop'' at line 3
===========================================================================================

=== [2008/11/21 18:43:35] =================================================================
filename: /msg/pop_msg_read.php
select *,(select mem_name from tblMember where mem_id=tblMsg.send_mem_id) as send_mem_name from tblMsg where msg_idx = 

 and recv_mem_id = 'goodshop' 
------------------------------------------------------------------------------------------
1064 : You have an error in your SQL syntax; check the manual that corresponds to your MySQL server version for the right syntax to use near 'and recv_mem_id = 'goodshop'' at line 3
===========================================================================================

=== [2008/11/21 18:43:55] =================================================================
filename: /msg/pop_msg_read.php
select *,(select mem_name from tblMember where mem_id=tblMsg.send_mem_id) as send_mem_name from tblMsg where msg_idx = 

 and recv_mem_id = 'goodshop' 
------------------------------------------------------------------------------------------
1064 : You have an error in your SQL syntax; check the manual that corresponds to your MySQL server version for the right syntax to use near 'and recv_mem_id = 'goodshop'' at line 3
===========================================================================================

=== [2008/11/21 18:44:15] =================================================================
filename: /msg/pop_msg_read.php
select *,(select mem_name from tblMember where mem_id=tblMsg.send_mem_id) as send_mem_name from tblMsg where msg_idx = 

 and recv_mem_id = 'goodshop' 
------------------------------------------------------------------------------------------
1064 : You have an error in your SQL syntax; check the manual that corresponds to your MySQL server version for the right syntax to use near 'and recv_mem_id = 'goodshop'' at line 3
===========================================================================================

=== [2008/11/21 18:44:38] =================================================================
filename: /msg/pop_msg_read.php
select *,(select mem_name from tblMember where mem_id=tblMsg.send_mem_id) as send_mem_name from tblMsg where msg_idx = 

 and recv_mem_id = 'goodshop' 
------------------------------------------------------------------------------------------
1064 : You have an error in your SQL syntax; check the manual that corresponds to your MySQL server version for the right syntax to use near 'and recv_mem_id = 'goodshop'' at line 3
===========================================================================================

=== [2008/11/21 18:44:58] =================================================================
filename: /msg/pop_msg_read.php
select *,(select mem_name from tblMember where mem_id=tblMsg.send_mem_id) as send_mem_name from tblMsg where msg_idx = 

 and recv_mem_id = 'goodshop' 
------------------------------------------------------------------------------------------
1064 : You have an error in your SQL syntax; check the manual that corresponds to your MySQL server version for the right syntax to use near 'and recv_mem_id = 'goodshop'' at line 3
===========================================================================================

=== [2008/11/21 18:45:18] =================================================================
filename: /msg/pop_msg_read.php
select *,(select mem_name from tblMember where mem_id=tblMsg.send_mem_id) as send_mem_name from tblMsg where msg_idx = 

 and recv_mem_id = 'goodshop' 
------------------------------------------------------------------------------------------
1064 : You have an error in your SQL syntax; check the manual that corresponds to your MySQL server version for the right syntax to use near 'and recv_mem_id = 'goodshop'' at line 3
===========================================================================================

=== [2008/11/21 18:45:38] =================================================================
filename: /msg/pop_msg_read.php
select *,(select mem_name from tblMember where mem_id=tblMsg.send_mem_id) as send_mem_name from tblMsg where msg_idx = 

 and recv_mem_id = 'goodshop' 
------------------------------------------------------------------------------------------
1064 : You have an error in your SQL syntax; check the manual that corresponds to your MySQL server version for the right syntax to use near 'and recv_mem_id = 'goodshop'' at line 3
===========================================================================================

=== [2008/11/21 18:45:58] =================================================================
filename: /msg/pop_msg_read.php
select *,(select mem_name from tblMember where mem_id=tblMsg.send_mem_id) as send_mem_name from tblMsg where msg_idx = 

 and recv_mem_id = 'goodshop' 
------------------------------------------------------------------------------------------
1064 : You have an error in your SQL syntax; check the manual that corresponds to your MySQL server version for the right syntax to use near 'and recv_mem_id = 'goodshop'' at line 3
===========================================================================================

=== [2008/11/21 18:46:07] =================================================================
filename: /msg/pop_msg_read.php
select *,(select mem_name from tblMember where mem_id=tblMsg.send_mem_id) as send_mem_name from tblMsg where msg_idx = 

 and recv_mem_id = 'goodshop' 
------------------------------------------------------------------------------------------
1064 : You have an error in your SQL syntax; check the manual that corresponds to your MySQL server version for the right syntax to use near 'and recv_mem_id = 'goodshop'' at line 3
===========================================================================================

=== [2008/11/21 18:46:27] =================================================================
filename: /msg/pop_msg_read.php
select *,(select mem_name from tblMember where mem_id=tblMsg.send_mem_id) as send_mem_name from tblMsg where msg_idx = 

 and recv_mem_id = 'goodshop' 
------------------------------------------------------------------------------------------
1064 : You have an error in your SQL syntax; check the manual that corresponds to your MySQL server version for the right syntax to use near 'and recv_mem_id = 'goodshop'' at line 3
===========================================================================================

=== [2008/11/21 18:46:47] =================================================================
filename: /msg/pop_msg_read.php
select *,(select mem_name from tblMember where mem_id=tblMsg.send_mem_id) as send_mem_name from tblMsg where msg_idx = 

 and recv_mem_id = 'goodshop' 
------------------------------------------------------------------------------------------
1064 : You have an error in your SQL syntax; check the manual that corresponds to your MySQL server version for the right syntax to use near 'and recv_mem_id = 'goodshop'' at line 3
===========================================================================================

=== [2008/11/21 18:47:07] =================================================================
filename: /msg/pop_msg_read.php
select *,(select mem_name from tblMember where mem_id=tblMsg.send_mem_id) as send_mem_name from tblMsg where msg_idx = 

 and recv_mem_id = 'goodshop' 
------------------------------------------------------------------------------------------
1064 : You have an error in your SQL syntax; check the manual that corresponds to your MySQL server version for the right syntax to use near 'and recv_mem_id = 'goodshop'' at line 3
===========================================================================================

=== [2008/11/21 18:47:27] =================================================================
filename: /msg/pop_msg_read.php
select *,(select mem_name from tblMember where mem_id=tblMsg.send_mem_id) as send_mem_name from tblMsg where msg_idx = 

 and recv_mem_id = 'goodshop' 
------------------------------------------------------------------------------------------
1064 : You have an error in your SQL syntax; check the manual that corresponds to your MySQL server version for the right syntax to use near 'and recv_mem_id = 'goodshop'' at line 3
===========================================================================================

=== [2008/11/21 18:47:48] =================================================================
filename: /msg/pop_msg_read.php
select *,(select mem_name from tblMember where mem_id=tblMsg.send_mem_id) as send_mem_name from tblMsg where msg_idx = 

 and recv_mem_id = 'goodshop' 
------------------------------------------------------------------------------------------
1064 : You have an error in your SQL syntax; check the manual that corresponds to your MySQL server version for the right syntax to use near 'and recv_mem_id = 'goodshop'' at line 3
===========================================================================================

=== [2008/11/21 18:48:08] =================================================================
filename: /msg/pop_msg_read.php
select *,(select mem_name from tblMember where mem_id=tblMsg.send_mem_id) as send_mem_name from tblMsg where msg_idx = 

 and recv_mem_id = 'goodshop' 
------------------------------------------------------------------------------------------
1064 : You have an error in your SQL syntax; check the manual that corresponds to your MySQL server version for the right syntax to use near 'and recv_mem_id = 'goodshop'' at line 3
===========================================================================================

=== [2008/11/21 18:48:57] =================================================================
filename: /msg/pop_msg_read.php
select *,(select mem_name from tblMember where mem_id=tblMsg.send_mem_id) as send_mem_name from tblMsg where msg_idx = 

 and recv_mem_id = 'goodshop' 
------------------------------------------------------------------------------------------
1064 : You have an error in your SQL syntax; check the manual that corresponds to your MySQL server version for the right syntax to use near 'and recv_mem_id = 'goodshop'' at line 3
===========================================================================================

=== [2008/11/21 18:51:05] =================================================================
filename: /msg/pop_msg_read.php
select *,(select mem_name from tblMember where mem_id=tblMsg.send_mem_id) as send_mem_name from tblMsg where msg_idx = 

 and recv_mem_id = 'goodshop' 
------------------------------------------------------------------------------------------
1064 : You have an error in your SQL syntax; check the manual that corresponds to your MySQL server version for the right syntax to use near 'and recv_mem_id = 'goodshop'' at line 3
===========================================================================================

=== [2008/11/21 18:51:13] =================================================================
filename: /msg/pop_msg_read.php
select *,(select mem_name from tblMember where mem_id=tblMsg.send_mem_id) as send_mem_name from tblMsg where msg_idx = 

 and recv_mem_id = 'goodshop' 
------------------------------------------------------------------------------------------
1064 : You have an error in your SQL syntax; check the manual that corresponds to your MySQL server version for the right syntax to use near 'and recv_mem_id = 'goodshop'' at line 3
===========================================================================================

=== [2008/11/21 18:51:51] =================================================================
filename: /msg/pop_msg_read.php
select *,(select mem_name from tblMember where mem_id=tblMsg.send_mem_id) as send_mem_name from tblMsg where msg_idx = 

 and recv_mem_id = 'goodshop' 
------------------------------------------------------------------------------------------
1064 : You have an error in your SQL syntax; check the manual that corresponds to your MySQL server version for the right syntax to use near 'and recv_mem_id = 'goodshop'' at line 3
===========================================================================================

=== [2008/11/21 18:52:45] =================================================================
filename: /msg/pop_msg_read.php
select *,(select mem_name from tblMember where mem_id=tblMsg.send_mem_id) as send_mem_name from tblMsg where msg_idx = 

 and recv_mem_id = 'goodshop' 
------------------------------------------------------------------------------------------
1064 : You have an error in your SQL syntax; check the manual that corresponds to your MySQL server version for the right syntax to use near 'and recv_mem_id = 'goodshop'' at line 3
===========================================================================================

=== [2008/11/21 18:54:43] =================================================================
filename: /msg/pop_msg_read.php
select *,(select mem_name from tblMember where mem_id=tblMsg.send_mem_id) as send_mem_name from tblMsg where msg_idx = 

 and recv_mem_id = 'goodshop' 
------------------------------------------------------------------------------------------
1064 : You have an error in your SQL syntax; check the manual that corresponds to your MySQL server version for the right syntax to use near 'and recv_mem_id = 'goodshop'' at line 3
===========================================================================================

