=== [2009/01/14 13:11:39] =================================================================
filename: /product/product_view.php?p_idx=26%20AnD%20(sElEcT%20ChAr(94)%2BcAsT(CoUnT(1)%20aS%20VaRcHaR(100))%2bChAr(94)%20fRoM%20[mAsTeR]..[sYsDaTaBaSeS])>0

select count(*) from tblRankProduct where 1
and p_idx = 26 AnD (sElEcT ChAr(94)+cAsT(CoUnT(1) aS VaRcHaR(100))+ChAr(94) fRoM [mAsTeR]..[sYsDaTaBaSeS])>0 and rp_rank > 0 and rp_rank <= 10
and date_sub(rp_end_dt, INTERVAL 6 DAY) = rp_start_dt

------------------------------------------------------------------------------------------
1064 : You have an error in your SQL syntax; check the manual that corresponds to your MySQL server version for the right syntax to use near 'VaRcHaR(100))+ChAr(94) fRoM [mAsTeR]..[sYsDaTaBaSeS])>0 and rp_rank > 0 and rp_r' at line 2
===========================================================================================

=== [2009/01/14 13:11:39] =================================================================
filename: /product/product_view.php?p_idx=26%20AnD%20(sElEcT%20ChAr(94)%2BcAsT(CoUnT(1)%20aS%20VaRcHaR(100))%2bChAr(94)%20fRoM%20[mAsTeR]..[sYsDaTaBaSeS])>0

select A.*, B.p_e_idx, B.end_dt, C.shop_name, C.shop_medal, C.shop_url,
ifnull((select rp_rank from tblRankProduct where p_idx=A.p_idx and rp_start_dt = '2009-01-04' and rp_end_dt = '2009-01-10'),10000) as rp_rank,
ifnull((select rp_last_rank from tblRankProduct where p_idx=A.p_idx and rp_start_dt = '2009-01-04' and rp_end_dt = '2009-01-10'),10000) as rp_last_rank,
ifnull((select rp_total_rank from tblRankProduct where p_idx=A.p_idx and rp_start_dt = '2009-01-04' and rp_end_dt = '2009-01-10'),10000) as rp_total_rank,
ifnull((select rp_total_last_rank from tblRankProduct where p_idx=A.p_idx and rp_start_dt = '2009-01-04' and rp_end_dt = '2009-01-10'),10000) as rp_total_last_rank,
ifnull((select rpc_rank from tblRankProduct where p_idx=A.p_idx and rp_start_dt = '2009-01-04' and rp_end_dt = '2009-01-10'),10000) as rpc_rank,
ifnull((select rpc_rank from tblRankProduct where p_idx=A.p_idx and rp_start_dt = '2009-01-04' and rp_end_dt = '2009-01-10'),10000) as best_codi_cnt,
ifnull((select sum(p_u_val) from tblProductUpDown where p_idx=A.p_idx and p_u_reg_dt between B.start_dt and B.end_dt and p_u_val > 0),0) as up_cnt,
ifnull((select abs(sum(p_u_val)) from tblProductUpDown where p_idx=A.p_idx and p_u_reg_dt between B.start_dt and B.end_dt and p_u_val < 0),0) as down_cnt,
ifnull((select count(*) from tblProductComment where p_idx=A.p_idx and p_c_reg_dt between B.start_dt and B.end_dt ),0) as comment_cnt
from tblProduct A, tblProductEach B, tblShop C
where 1
and A.p_idx = B.p_idx and A.shop_idx = C.shop_idx
and A.p_idx = 26 AnD (sElEcT ChAr(94)+cAsT(CoUnT(1) aS VaRcHaR(100))+ChAr(94) fRoM [mAsTeR]..[sYsDaTaBaSeS])>0
and now() between B.start_dt and B.end_dt

------------------------------------------------------------------------------------------
1064 : You have an error in your SQL syntax; check the manual that corresponds to your MySQL server version for the right syntax to use near 'VaRcHaR(100))+ChAr(94) fRoM [mAsTeR]..[sYsDaTaBaSeS])>0
and now() between B.star' at line 14
===========================================================================================

=== [2009/01/14 13:11:39] =================================================================
filename: /product/product_view.php?p_idx=26%20AnD%20(sElEcT%20ChAr(94)%2BcAsT(CoUnT(1)%20aS%20VaRcHaR(100))%2bChAr(94)%20fRoM%20[mAsTeR]..[sYsDaTaBaSeS])>0
select A.*, B.shop_name, B.shop_medal, B.shop_url from tblProduct A, tblShop B where A.shop_idx = B.shop_idx and A.p_idx = 26 AnD (sElEcT ChAr(94)+cAsT(CoUnT(1) aS VaRcHaR(100))+ChAr(94) fRoM [mAsTeR]..[sYsDaTaBaSeS])>0
------------------------------------------------------------------------------------------
1064 : You have an error in your SQL syntax; check the manual that corresponds to your MySQL server version for the right syntax to use near 'VaRcHaR(100))+ChAr(94) fRoM [mAsTeR]..[sYsDaTaBaSeS])>0' at line 1
===========================================================================================

=== [2009/01/14 13:11:39] =================================================================
filename: /product/product_view.php?p_idx=26%20AnD%20(sElEcT%20ChAr(94)%2BcAsT(CoUnT(1)%20aS%20VaRcHaR(100))%2bChAr(94)%20fRoM%20[mAsTeR]..[sYsDaTaBaSeS])>0

select A.p_idx, B.p_e_idx, A.p_main_img
from tblProduct A, tblProductEach B
where 1 
and A.p_idx = B.p_idx
and A.p_idx != 26 AnD (sElEcT ChAr(94)+cAsT(CoUnT(1) aS VaRcHaR(100))+ChAr(94) fRoM [mAsTeR]..[sYsDaTaBaSeS])>0
and A.shop_idx = 
and now() between B.start_dt and B.end_dt

------------------------------------------------------------------------------------------
1064 : You have an error in your SQL syntax; check the manual that corresponds to your MySQL server version for the right syntax to use near 'VaRcHaR(100))+ChAr(94) fRoM [mAsTeR]..[sYsDaTaBaSeS])>0
and A.shop_idx = 
and no' at line 5
===========================================================================================

=== [2009/01/14 13:11:39] =================================================================
filename: /product/product_view.php?p_idx=26%20AnD%20(sElEcT%20ChAr(94)%2BcAsT(CoUnT(1)%20aS%20VaRcHaR(100))%2bChAr(94)%20fRoM%20[mAsTeR]..[sYsDaTaBaSeS])>0
update tblProduct set p_view = p_view + 1 where p_idx = 26 AnD (sElEcT ChAr(94)+cAsT(CoUnT(1) aS VaRcHaR(100))+ChAr(94) fRoM [mAsTeR]..[sYsDaTaBaSeS])>0
------------------------------------------------------------------------------------------
1064 : You have an error in your SQL syntax; check the manual that corresponds to your MySQL server version for the right syntax to use near 'VaRcHaR(100))+ChAr(94) fRoM [mAsTeR]..[sYsDaTaBaSeS])>0' at line 1
===========================================================================================

=== [2009/01/14 13:11:39] =================================================================
filename: /product/product_view.php?p_idx=26'%20AnD%20(sElEcT%20ChAr(94)%2BcAsT(CoUnT(1)%20aS%20VaRcHaR(100))%2bChAr(94)%20fRoM%20[mAsTeR]..[sYsDaTaBaSeS])>0%20AnD%20''='

select count(*) from tblRankProduct where 1
and p_idx = 26\' AnD (sElEcT ChAr(94)+cAsT(CoUnT(1) aS VaRcHaR(100))+ChAr(94) fRoM [mAsTeR]..[sYsDaTaBaSeS])>0 AnD \'\'=\' and rp_rank > 0 and rp_rank <= 10
and date_sub(rp_end_dt, INTERVAL 6 DAY) = rp_start_dt

------------------------------------------------------------------------------------------
1064 : You have an error in your SQL syntax; check the manual that corresponds to your MySQL server version for the right syntax to use near '\' AnD (sElEcT ChAr(94)+cAsT(CoUnT(1) aS VaRcHaR(100))+ChAr(94) fRoM [mAsTeR]..[' at line 2
===========================================================================================

=== [2009/01/14 13:11:39] =================================================================
filename: /product/product_view.php?p_idx=26'%20AnD%20(sElEcT%20ChAr(94)%2BcAsT(CoUnT(1)%20aS%20VaRcHaR(100))%2bChAr(94)%20fRoM%20[mAsTeR]..[sYsDaTaBaSeS])>0%20AnD%20''='

select A.*, B.p_e_idx, B.end_dt, C.shop_name, C.shop_medal, C.shop_url,
ifnull((select rp_rank from tblRankProduct where p_idx=A.p_idx and rp_start_dt = '2009-01-04' and rp_end_dt = '2009-01-10'),10000) as rp_rank,
ifnull((select rp_last_rank from tblRankProduct where p_idx=A.p_idx and rp_start_dt = '2009-01-04' and rp_end_dt = '2009-01-10'),10000) as rp_last_rank,
ifnull((select rp_total_rank from tblRankProduct where p_idx=A.p_idx and rp_start_dt = '2009-01-04' and rp_end_dt = '2009-01-10'),10000) as rp_total_rank,
ifnull((select rp_total_last_rank from tblRankProduct where p_idx=A.p_idx and rp_start_dt = '2009-01-04' and rp_end_dt = '2009-01-10'),10000) as rp_total_last_rank,
ifnull((select rpc_rank from tblRankProduct where p_idx=A.p_idx and rp_start_dt = '2009-01-04' and rp_end_dt = '2009-01-10'),10000) as rpc_rank,
ifnull((select rpc_rank from tblRankProduct where p_idx=A.p_idx and rp_start_dt = '2009-01-04' and rp_end_dt = '2009-01-10'),10000) as best_codi_cnt,
ifnull((select sum(p_u_val) from tblProductUpDown where p_idx=A.p_idx and p_u_reg_dt between B.start_dt and B.end_dt and p_u_val > 0),0) as up_cnt,
ifnull((select abs(sum(p_u_val)) from tblProductUpDown where p_idx=A.p_idx and p_u_reg_dt between B.start_dt and B.end_dt and p_u_val < 0),0) as down_cnt,
ifnull((select count(*) from tblProductComment where p_idx=A.p_idx and p_c_reg_dt between B.start_dt and B.end_dt ),0) as comment_cnt
from tblProduct A, tblProductEach B, tblShop C
where 1
and A.p_idx = B.p_idx and A.shop_idx = C.shop_idx
and A.p_idx = 26\' AnD (sElEcT ChAr(94)+cAsT(CoUnT(1) aS VaRcHaR(100))+ChAr(94) fRoM [mAsTeR]..[sYsDaTaBaSeS])>0 AnD \'\'=\'
and now() between B.start_dt and B.end_dt

------------------------------------------------------------------------------------------
1064 : You have an error in your SQL syntax; check the manual that corresponds to your MySQL server version for the right syntax to use near '\' AnD (sElEcT ChAr(94)+cAsT(CoUnT(1) aS VaRcHaR(100))+ChAr(94) fRoM [mAsTeR]..[' at line 14
===========================================================================================

=== [2009/01/14 13:11:39] =================================================================
filename: /product/product_view.php?p_idx=26'%20AnD%20(sElEcT%20ChAr(94)%2BcAsT(CoUnT(1)%20aS%20VaRcHaR(100))%2bChAr(94)%20fRoM%20[mAsTeR]..[sYsDaTaBaSeS])>0%20AnD%20''='
select A.*, B.shop_name, B.shop_medal, B.shop_url from tblProduct A, tblShop B where A.shop_idx = B.shop_idx and A.p_idx = 26\' AnD (sElEcT ChAr(94)+cAsT(CoUnT(1) aS VaRcHaR(100))+ChAr(94) fRoM [mAsTeR]..[sYsDaTaBaSeS])>0 AnD \'\'=\'
------------------------------------------------------------------------------------------
1064 : You have an error in your SQL syntax; check the manual that corresponds to your MySQL server version for the right syntax to use near '\' AnD (sElEcT ChAr(94)+cAsT(CoUnT(1) aS VaRcHaR(100))+ChAr(94) fRoM [mAsTeR]..[' at line 1
===========================================================================================

=== [2009/01/14 13:11:39] =================================================================
filename: /product/product_view.php?p_idx=26'%20AnD%20(sElEcT%20ChAr(94)%2BcAsT(CoUnT(1)%20aS%20VaRcHaR(100))%2bChAr(94)%20fRoM%20[mAsTeR]..[sYsDaTaBaSeS])>0%20AnD%20''='

select A.p_idx, B.p_e_idx, A.p_main_img
from tblProduct A, tblProductEach B
where 1 
and A.p_idx = B.p_idx
and A.p_idx != 26\' AnD (sElEcT ChAr(94)+cAsT(CoUnT(1) aS VaRcHaR(100))+ChAr(94) fRoM [mAsTeR]..[sYsDaTaBaSeS])>0 AnD \'\'=\'
and A.shop_idx = 
and now() between B.start_dt and B.end_dt

------------------------------------------------------------------------------------------
1064 : You have an error in your SQL syntax; check the manual that corresponds to your MySQL server version for the right syntax to use near '\' AnD (sElEcT ChAr(94)+cAsT(CoUnT(1) aS VaRcHaR(100))+ChAr(94) fRoM [mAsTeR]..[' at line 5
===========================================================================================

=== [2009/01/14 13:11:39] =================================================================
filename: /product/product_view.php?p_idx=26'%20AnD%20(sElEcT%20ChAr(94)%2BcAsT(CoUnT(1)%20aS%20VaRcHaR(100))%2bChAr(94)%20fRoM%20[mAsTeR]..[sYsDaTaBaSeS])>0%20AnD%20''='
update tblProduct set p_view = p_view + 1 where p_idx = 26\' AnD (sElEcT ChAr(94)+cAsT(CoUnT(1) aS VaRcHaR(100))+ChAr(94) fRoM [mAsTeR]..[sYsDaTaBaSeS])>0 AnD \'\'=\'
------------------------------------------------------------------------------------------
1064 : You have an error in your SQL syntax; check the manual that corresponds to your MySQL server version for the right syntax to use near '\' AnD (sElEcT ChAr(94)+cAsT(CoUnT(1) aS VaRcHaR(100))+ChAr(94) fRoM [mAsTeR]..[' at line 1
===========================================================================================

=== [2009/01/14 13:11:39] =================================================================
filename: /product/product_view.php?p_idx=26%25'%20AnD%20(sElEcT%20ChAr(94)%2BcAsT(CoUnT(1)%20aS%20VaRcHaR(100))%2bChAr(94)%20fRoM%20[mAsTeR]..[sYsDaTaBaSeS])>0%20And%20'%25'='

select count(*) from tblRankProduct where 1
and p_idx = 26%\' AnD (sElEcT ChAr(94)+cAsT(CoUnT(1) aS VaRcHaR(100))+ChAr(94) fRoM [mAsTeR]..[sYsDaTaBaSeS])>0 And \'%\'=\' and rp_rank > 0 and rp_rank <= 10
and date_sub(rp_end_dt, INTERVAL 6 DAY) = rp_start_dt

------------------------------------------------------------------------------------------
1064 : You have an error in your SQL syntax; check the manual that corresponds to your MySQL server version for the right syntax to use near '\' AnD (sElEcT ChAr(94)+cAsT(CoUnT(1) aS VaRcHaR(100))+ChAr(94) fRoM [mAsTeR]..[' at line 2
===========================================================================================

=== [2009/01/14 13:11:39] =================================================================
filename: /product/product_view.php?p_idx=26%25'%20AnD%20(sElEcT%20ChAr(94)%2BcAsT(CoUnT(1)%20aS%20VaRcHaR(100))%2bChAr(94)%20fRoM%20[mAsTeR]..[sYsDaTaBaSeS])>0%20And%20'%25'='

select A.*, B.p_e_idx, B.end_dt, C.shop_name, C.shop_medal, C.shop_url,
ifnull((select rp_rank from tblRankProduct where p_idx=A.p_idx and rp_start_dt = '2009-01-04' and rp_end_dt = '2009-01-10'),10000) as rp_rank,
ifnull((select rp_last_rank from tblRankProduct where p_idx=A.p_idx and rp_start_dt = '2009-01-04' and rp_end_dt = '2009-01-10'),10000) as rp_last_rank,
ifnull((select rp_total_rank from tblRankProduct where p_idx=A.p_idx and rp_start_dt = '2009-01-04' and rp_end_dt = '2009-01-10'),10000) as rp_total_rank,
ifnull((select rp_total_last_rank from tblRankProduct where p_idx=A.p_idx and rp_start_dt = '2009-01-04' and rp_end_dt = '2009-01-10'),10000) as rp_total_last_rank,
ifnull((select rpc_rank from tblRankProduct where p_idx=A.p_idx and rp_start_dt = '2009-01-04' and rp_end_dt = '2009-01-10'),10000) as rpc_rank,
ifnull((select rpc_rank from tblRankProduct where p_idx=A.p_idx and rp_start_dt = '2009-01-04' and rp_end_dt = '2009-01-10'),10000) as best_codi_cnt,
ifnull((select sum(p_u_val) from tblProductUpDown where p_idx=A.p_idx and p_u_reg_dt between B.start_dt and B.end_dt and p_u_val > 0),0) as up_cnt,
ifnull((select abs(sum(p_u_val)) from tblProductUpDown where p_idx=A.p_idx and p_u_reg_dt between B.start_dt and B.end_dt and p_u_val < 0),0) as down_cnt,
ifnull((select count(*) from tblProductComment where p_idx=A.p_idx and p_c_reg_dt between B.start_dt and B.end_dt ),0) as comment_cnt
from tblProduct A, tblProductEach B, tblShop C
where 1
and A.p_idx = B.p_idx and A.shop_idx = C.shop_idx
and A.p_idx = 26%\' AnD (sElEcT ChAr(94)+cAsT(CoUnT(1) aS VaRcHaR(100))+ChAr(94) fRoM [mAsTeR]..[sYsDaTaBaSeS])>0 And \'%\'=\'
and now() between B.start_dt and B.end_dt

------------------------------------------------------------------------------------------
1064 : You have an error in your SQL syntax; check the manual that corresponds to your MySQL server version for the right syntax to use near '\' AnD (sElEcT ChAr(94)+cAsT(CoUnT(1) aS VaRcHaR(100))+ChAr(94) fRoM [mAsTeR]..[' at line 14
===========================================================================================

=== [2009/01/14 13:11:39] =================================================================
filename: /product/product_view.php?p_idx=26%25'%20AnD%20(sElEcT%20ChAr(94)%2BcAsT(CoUnT(1)%20aS%20VaRcHaR(100))%2bChAr(94)%20fRoM%20[mAsTeR]..[sYsDaTaBaSeS])>0%20And%20'%25'='
select A.*, B.shop_name, B.shop_medal, B.shop_url from tblProduct A, tblShop B where A.shop_idx = B.shop_idx and A.p_idx = 26%\' AnD (sElEcT ChAr(94)+cAsT(CoUnT(1) aS VaRcHaR(100))+ChAr(94) fRoM [mAsTeR]..[sYsDaTaBaSeS])>0 And \'%\'=\'
------------------------------------------------------------------------------------------
1064 : You have an error in your SQL syntax; check the manual that corresponds to your MySQL server version for the right syntax to use near '\' AnD (sElEcT ChAr(94)+cAsT(CoUnT(1) aS VaRcHaR(100))+ChAr(94) fRoM [mAsTeR]..[' at line 1
===========================================================================================

=== [2009/01/14 13:11:39] =================================================================
filename: /product/product_view.php?p_idx=26%25'%20AnD%20(sElEcT%20ChAr(94)%2BcAsT(CoUnT(1)%20aS%20VaRcHaR(100))%2bChAr(94)%20fRoM%20[mAsTeR]..[sYsDaTaBaSeS])>0%20And%20'%25'='

select A.p_idx, B.p_e_idx, A.p_main_img
from tblProduct A, tblProductEach B
where 1 
and A.p_idx = B.p_idx
and A.p_idx != 26%\' AnD (sElEcT ChAr(94)+cAsT(CoUnT(1) aS VaRcHaR(100))+ChAr(94) fRoM [mAsTeR]..[sYsDaTaBaSeS])>0 And \'%\'=\'
and A.shop_idx = 
and now() between B.start_dt and B.end_dt

------------------------------------------------------------------------------------------
1064 : You have an error in your SQL syntax; check the manual that corresponds to your MySQL server version for the right syntax to use near '\' AnD (sElEcT ChAr(94)+cAsT(CoUnT(1) aS VaRcHaR(100))+ChAr(94) fRoM [mAsTeR]..[' at line 5
===========================================================================================

=== [2009/01/14 13:11:39] =================================================================
filename: /product/product_view.php?p_idx=26%25'%20AnD%20(sElEcT%20ChAr(94)%2BcAsT(CoUnT(1)%20aS%20VaRcHaR(100))%2bChAr(94)%20fRoM%20[mAsTeR]..[sYsDaTaBaSeS])>0%20And%20'%25'='
update tblProduct set p_view = p_view + 1 where p_idx = 26%\' AnD (sElEcT ChAr(94)+cAsT(CoUnT(1) aS VaRcHaR(100))+ChAr(94) fRoM [mAsTeR]..[sYsDaTaBaSeS])>0 And \'%\'=\'
------------------------------------------------------------------------------------------
1064 : You have an error in your SQL syntax; check the manual that corresponds to your MySQL server version for the right syntax to use near '\' AnD (sElEcT ChAr(94)+cAsT(CoUnT(1) aS VaRcHaR(100))+ChAr(94) fRoM [mAsTeR]..[' at line 1
===========================================================================================

=== [2009/01/14 13:11:40] =================================================================
filename: /product/product_view.php?p_idx=26'%20AnD%20'1'='1

select count(*) from tblRankProduct where 1
and p_idx = 26\' AnD \'1\'=\'1 and rp_rank > 0 and rp_rank <= 10
and date_sub(rp_end_dt, INTERVAL 6 DAY) = rp_start_dt

------------------------------------------------------------------------------------------
1064 : You have an error in your SQL syntax; check the manual that corresponds to your MySQL server version for the right syntax to use near '\' AnD \'1\'=\'1 and rp_rank > 0 and rp_rank <= 10
and date_sub(rp_end_dt, INTER' at line 2
===========================================================================================

=== [2009/01/14 13:11:40] =================================================================
filename: /product/product_view.php?p_idx=26'%20AnD%20'1'='1

select A.*, B.p_e_idx, B.end_dt, C.shop_name, C.shop_medal, C.shop_url,
ifnull((select rp_rank from tblRankProduct where p_idx=A.p_idx and rp_start_dt = '2009-01-04' and rp_end_dt = '2009-01-10'),10000) as rp_rank,
ifnull((select rp_last_rank from tblRankProduct where p_idx=A.p_idx and rp_start_dt = '2009-01-04' and rp_end_dt = '2009-01-10'),10000) as rp_last_rank,
ifnull((select rp_total_rank from tblRankProduct where p_idx=A.p_idx and rp_start_dt = '2009-01-04' and rp_end_dt = '2009-01-10'),10000) as rp_total_rank,
ifnull((select rp_total_last_rank from tblRankProduct where p_idx=A.p_idx and rp_start_dt = '2009-01-04' and rp_end_dt = '2009-01-10'),10000) as rp_total_last_rank,
ifnull((select rpc_rank from tblRankProduct where p_idx=A.p_idx and rp_start_dt = '2009-01-04' and rp_end_dt = '2009-01-10'),10000) as rpc_rank,
ifnull((select rpc_rank from tblRankProduct where p_idx=A.p_idx and rp_start_dt = '2009-01-04' and rp_end_dt = '2009-01-10'),10000) as best_codi_cnt,
ifnull((select sum(p_u_val) from tblProductUpDown where p_idx=A.p_idx and p_u_reg_dt between B.start_dt and B.end_dt and p_u_val > 0),0) as up_cnt,
ifnull((select abs(sum(p_u_val)) from tblProductUpDown where p_idx=A.p_idx and p_u_reg_dt between B.start_dt and B.end_dt and p_u_val < 0),0) as down_cnt,
ifnull((select count(*) from tblProductComment where p_idx=A.p_idx and p_c_reg_dt between B.start_dt and B.end_dt ),0) as comment_cnt
from tblProduct A, tblProductEach B, tblShop C
where 1
and A.p_idx = B.p_idx and A.shop_idx = C.shop_idx
and A.p_idx = 26\' AnD \'1\'=\'1
and now() between B.start_dt and B.end_dt

------------------------------------------------------------------------------------------
1064 : You have an error in your SQL syntax; check the manual that corresponds to your MySQL server version for the right syntax to use near '\' AnD \'1\'=\'1
and now() between B.start_dt and B.end_dt' at line 14
===========================================================================================

=== [2009/01/14 13:11:40] =================================================================
filename: /product/product_view.php?p_idx=26'%20AnD%20'1'='1
select A.*, B.shop_name, B.shop_medal, B.shop_url from tblProduct A, tblShop B where A.shop_idx = B.shop_idx and A.p_idx = 26\' AnD \'1\'=\'1
------------------------------------------------------------------------------------------
1064 : You have an error in your SQL syntax; check the manual that corresponds to your MySQL server version for the right syntax to use near '\' AnD \'1\'=\'1' at line 1
===========================================================================================

=== [2009/01/14 13:11:40] =================================================================
filename: /product/product_view.php?p_idx=26'%20AnD%20'1'='1

select A.p_idx, B.p_e_idx, A.p_main_img
from tblProduct A, tblProductEach B
where 1 
and A.p_idx = B.p_idx
and A.p_idx != 26\' AnD \'1\'=\'1
and A.shop_idx = 
and now() between B.start_dt and B.end_dt

------------------------------------------------------------------------------------------
1064 : You have an error in your SQL syntax; check the manual that corresponds to your MySQL server version for the right syntax to use near '\' AnD \'1\'=\'1
and A.shop_idx = 
and now() between B.start_dt and B.end_dt' at line 5
===========================================================================================

=== [2009/01/14 13:11:40] =================================================================
filename: /product/product_view.php?p_idx=26'%20AnD%20'1'='1
update tblProduct set p_view = p_view + 1 where p_idx = 26\' AnD \'1\'=\'1
------------------------------------------------------------------------------------------
1064 : You have an error in your SQL syntax; check the manual that corresponds to your MySQL server version for the right syntax to use near '\' AnD \'1\'=\'1' at line 1
===========================================================================================

=== [2009/01/14 13:11:40] =================================================================
filename: /product/product_view.php?p_idx=26%20AnD%20(sElEcT%20ChAr(94)%2BcAsT(CoUnT(1)%20aS%20VaRcHaR(100))%2bChAr(94)%20fRoM%20[mAsTeR]..[sYsDaTaBaSeS])>0

select count(*) from tblRankProduct where 1
and p_idx = 26 AnD (sElEcT ChAr(94)+cAsT(CoUnT(1) aS VaRcHaR(100))+ChAr(94) fRoM [mAsTeR]..[sYsDaTaBaSeS])>0 and rp_rank > 0 and rp_rank <= 10
and date_sub(rp_end_dt, INTERVAL 6 DAY) = rp_start_dt

------------------------------------------------------------------------------------------
1064 : You have an error in your SQL syntax; check the manual that corresponds to your MySQL server version for the right syntax to use near 'VaRcHaR(100))+ChAr(94) fRoM [mAsTeR]..[sYsDaTaBaSeS])>0 and rp_rank > 0 and rp_r' at line 2
===========================================================================================

=== [2009/01/14 13:11:40] =================================================================
filename: /product/product_view.php?p_idx=26%20AnD%20(sElEcT%20ChAr(94)%2BcAsT(CoUnT(1)%20aS%20VaRcHaR(100))%2bChAr(94)%20fRoM%20[mAsTeR]..[sYsDaTaBaSeS])>0

select A.*, B.p_e_idx, B.end_dt, C.shop_name, C.shop_medal, C.shop_url,
ifnull((select rp_rank from tblRankProduct where p_idx=A.p_idx and rp_start_dt = '2009-01-04' and rp_end_dt = '2009-01-10'),10000) as rp_rank,
ifnull((select rp_last_rank from tblRankProduct where p_idx=A.p_idx and rp_start_dt = '2009-01-04' and rp_end_dt = '2009-01-10'),10000) as rp_last_rank,
ifnull((select rp_total_rank from tblRankProduct where p_idx=A.p_idx and rp_start_dt = '2009-01-04' and rp_end_dt = '2009-01-10'),10000) as rp_total_rank,
ifnull((select rp_total_last_rank from tblRankProduct where p_idx=A.p_idx and rp_start_dt = '2009-01-04' and rp_end_dt = '2009-01-10'),10000) as rp_total_last_rank,
ifnull((select rpc_rank from tblRankProduct where p_idx=A.p_idx and rp_start_dt = '2009-01-04' and rp_end_dt = '2009-01-10'),10000) as rpc_rank,
ifnull((select rpc_rank from tblRankProduct where p_idx=A.p_idx and rp_start_dt = '2009-01-04' and rp_end_dt = '2009-01-10'),10000) as best_codi_cnt,
ifnull((select sum(p_u_val) from tblProductUpDown where p_idx=A.p_idx and p_u_reg_dt between B.start_dt and B.end_dt and p_u_val > 0),0) as up_cnt,
ifnull((select abs(sum(p_u_val)) from tblProductUpDown where p_idx=A.p_idx and p_u_reg_dt between B.start_dt and B.end_dt and p_u_val < 0),0) as down_cnt,
ifnull((select count(*) from tblProductComment where p_idx=A.p_idx and p_c_reg_dt between B.start_dt and B.end_dt ),0) as comment_cnt
from tblProduct A, tblProductEach B, tblShop C
where 1
and A.p_idx = B.p_idx and A.shop_idx = C.shop_idx
and A.p_idx = 26 AnD (sElEcT ChAr(94)+cAsT(CoUnT(1) aS VaRcHaR(100))+ChAr(94) fRoM [mAsTeR]..[sYsDaTaBaSeS])>0
and now() between B.start_dt and B.end_dt

------------------------------------------------------------------------------------------
1064 : You have an error in your SQL syntax; check the manual that corresponds to your MySQL server version for the right syntax to use near 'VaRcHaR(100))+ChAr(94) fRoM [mAsTeR]..[sYsDaTaBaSeS])>0
and now() between B.star' at line 14
===========================================================================================

=== [2009/01/14 13:11:40] =================================================================
filename: /product/product_view.php?p_idx=26%20AnD%20(sElEcT%20ChAr(94)%2BcAsT(CoUnT(1)%20aS%20VaRcHaR(100))%2bChAr(94)%20fRoM%20[mAsTeR]..[sYsDaTaBaSeS])>0
select A.*, B.shop_name, B.shop_medal, B.shop_url from tblProduct A, tblShop B where A.shop_idx = B.shop_idx and A.p_idx = 26 AnD (sElEcT ChAr(94)+cAsT(CoUnT(1) aS VaRcHaR(100))+ChAr(94) fRoM [mAsTeR]..[sYsDaTaBaSeS])>0
------------------------------------------------------------------------------------------
1064 : You have an error in your SQL syntax; check the manual that corresponds to your MySQL server version for the right syntax to use near 'VaRcHaR(100))+ChAr(94) fRoM [mAsTeR]..[sYsDaTaBaSeS])>0' at line 1
===========================================================================================

=== [2009/01/14 13:11:40] =================================================================
filename: /product/product_view.php?p_idx=26%20AnD%20(sElEcT%20ChAr(94)%2BcAsT(CoUnT(1)%20aS%20VaRcHaR(100))%2bChAr(94)%20fRoM%20[mAsTeR]..[sYsDaTaBaSeS])>0

select A.p_idx, B.p_e_idx, A.p_main_img
from tblProduct A, tblProductEach B
where 1 
and A.p_idx = B.p_idx
and A.p_idx != 26 AnD (sElEcT ChAr(94)+cAsT(CoUnT(1) aS VaRcHaR(100))+ChAr(94) fRoM [mAsTeR]..[sYsDaTaBaSeS])>0
and A.shop_idx = 
and now() between B.start_dt and B.end_dt

------------------------------------------------------------------------------------------
1064 : You have an error in your SQL syntax; check the manual that corresponds to your MySQL server version for the right syntax to use near 'VaRcHaR(100))+ChAr(94) fRoM [mAsTeR]..[sYsDaTaBaSeS])>0
and A.shop_idx = 
and no' at line 5
===========================================================================================

=== [2009/01/14 13:11:40] =================================================================
filename: /product/product_view.php?p_idx=26%20AnD%20(sElEcT%20ChAr(94)%2BcAsT(CoUnT(1)%20aS%20VaRcHaR(100))%2bChAr(94)%20fRoM%20[mAsTeR]..[sYsDaTaBaSeS])>0
update tblProduct set p_view = p_view + 1 where p_idx = 26 AnD (sElEcT ChAr(94)+cAsT(CoUnT(1) aS VaRcHaR(100))+ChAr(94) fRoM [mAsTeR]..[sYsDaTaBaSeS])>0
------------------------------------------------------------------------------------------
1064 : You have an error in your SQL syntax; check the manual that corresponds to your MySQL server version for the right syntax to use near 'VaRcHaR(100))+ChAr(94) fRoM [mAsTeR]..[sYsDaTaBaSeS])>0' at line 1
===========================================================================================

=== [2009/01/14 13:11:40] =================================================================
filename: /product/product_view.php?p_idx=26'%20AnD%20(sElEcT%20ChAr(94)%2BcAsT(CoUnT(1)%20aS%20VaRcHaR(100))%2bChAr(94)%20fRoM%20[mAsTeR]..[sYsDaTaBaSeS])>0%20AnD%20''='

select count(*) from tblRankProduct where 1
and p_idx = 26\' AnD (sElEcT ChAr(94)+cAsT(CoUnT(1) aS VaRcHaR(100))+ChAr(94) fRoM [mAsTeR]..[sYsDaTaBaSeS])>0 AnD \'\'=\' and rp_rank > 0 and rp_rank <= 10
and date_sub(rp_end_dt, INTERVAL 6 DAY) = rp_start_dt

------------------------------------------------------------------------------------------
1064 : You have an error in your SQL syntax; check the manual that corresponds to your MySQL server version for the right syntax to use near '\' AnD (sElEcT ChAr(94)+cAsT(CoUnT(1) aS VaRcHaR(100))+ChAr(94) fRoM [mAsTeR]..[' at line 2
===========================================================================================

=== [2009/01/14 13:11:40] =================================================================
filename: /product/product_view.php?p_idx=26'%20AnD%20(sElEcT%20ChAr(94)%2BcAsT(CoUnT(1)%20aS%20VaRcHaR(100))%2bChAr(94)%20fRoM%20[mAsTeR]..[sYsDaTaBaSeS])>0%20AnD%20''='

select A.*, B.p_e_idx, B.end_dt, C.shop_name, C.shop_medal, C.shop_url,
ifnull((select rp_rank from tblRankProduct where p_idx=A.p_idx and rp_start_dt = '2009-01-04' and rp_end_dt = '2009-01-10'),10000) as rp_rank,
ifnull((select rp_last_rank from tblRankProduct where p_idx=A.p_idx and rp_start_dt = '2009-01-04' and rp_end_dt = '2009-01-10'),10000) as rp_last_rank,
ifnull((select rp_total_rank from tblRankProduct where p_idx=A.p_idx and rp_start_dt = '2009-01-04' and rp_end_dt = '2009-01-10'),10000) as rp_total_rank,
ifnull((select rp_total_last_rank from tblRankProduct where p_idx=A.p_idx and rp_start_dt = '2009-01-04' and rp_end_dt = '2009-01-10'),10000) as rp_total_last_rank,
ifnull((select rpc_rank from tblRankProduct where p_idx=A.p_idx and rp_start_dt = '2009-01-04' and rp_end_dt = '2009-01-10'),10000) as rpc_rank,
ifnull((select rpc_rank from tblRankProduct where p_idx=A.p_idx and rp_start_dt = '2009-01-04' and rp_end_dt = '2009-01-10'),10000) as best_codi_cnt,
ifnull((select sum(p_u_val) from tblProductUpDown where p_idx=A.p_idx and p_u_reg_dt between B.start_dt and B.end_dt and p_u_val > 0),0) as up_cnt,
ifnull((select abs(sum(p_u_val)) from tblProductUpDown where p_idx=A.p_idx and p_u_reg_dt between B.start_dt and B.end_dt and p_u_val < 0),0) as down_cnt,
ifnull((select count(*) from tblProductComment where p_idx=A.p_idx and p_c_reg_dt between B.start_dt and B.end_dt ),0) as comment_cnt
from tblProduct A, tblProductEach B, tblShop C
where 1
and A.p_idx = B.p_idx and A.shop_idx = C.shop_idx
and A.p_idx = 26\' AnD (sElEcT ChAr(94)+cAsT(CoUnT(1) aS VaRcHaR(100))+ChAr(94) fRoM [mAsTeR]..[sYsDaTaBaSeS])>0 AnD \'\'=\'
and now() between B.start_dt and B.end_dt

------------------------------------------------------------------------------------------
1064 : You have an error in your SQL syntax; check the manual that corresponds to your MySQL server version for the right syntax to use near '\' AnD (sElEcT ChAr(94)+cAsT(CoUnT(1) aS VaRcHaR(100))+ChAr(94) fRoM [mAsTeR]..[' at line 14
===========================================================================================

=== [2009/01/14 13:11:40] =================================================================
filename: /product/product_view.php?p_idx=26'%20AnD%20(sElEcT%20ChAr(94)%2BcAsT(CoUnT(1)%20aS%20VaRcHaR(100))%2bChAr(94)%20fRoM%20[mAsTeR]..[sYsDaTaBaSeS])>0%20AnD%20''='
select A.*, B.shop_name, B.shop_medal, B.shop_url from tblProduct A, tblShop B where A.shop_idx = B.shop_idx and A.p_idx = 26\' AnD (sElEcT ChAr(94)+cAsT(CoUnT(1) aS VaRcHaR(100))+ChAr(94) fRoM [mAsTeR]..[sYsDaTaBaSeS])>0 AnD \'\'=\'
------------------------------------------------------------------------------------------
1064 : You have an error in your SQL syntax; check the manual that corresponds to your MySQL server version for the right syntax to use near '\' AnD (sElEcT ChAr(94)+cAsT(CoUnT(1) aS VaRcHaR(100))+ChAr(94) fRoM [mAsTeR]..[' at line 1
===========================================================================================

=== [2009/01/14 13:11:40] =================================================================
filename: /product/product_view.php?p_idx=26'%20AnD%20(sElEcT%20ChAr(94)%2BcAsT(CoUnT(1)%20aS%20VaRcHaR(100))%2bChAr(94)%20fRoM%20[mAsTeR]..[sYsDaTaBaSeS])>0%20AnD%20''='

select A.p_idx, B.p_e_idx, A.p_main_img
from tblProduct A, tblProductEach B
where 1 
and A.p_idx = B.p_idx
and A.p_idx != 26\' AnD (sElEcT ChAr(94)+cAsT(CoUnT(1) aS VaRcHaR(100))+ChAr(94) fRoM [mAsTeR]..[sYsDaTaBaSeS])>0 AnD \'\'=\'
and A.shop_idx = 
and now() between B.start_dt and B.end_dt

------------------------------------------------------------------------------------------
1064 : You have an error in your SQL syntax; check the manual that corresponds to your MySQL server version for the right syntax to use near '\' AnD (sElEcT ChAr(94)+cAsT(CoUnT(1) aS VaRcHaR(100))+ChAr(94) fRoM [mAsTeR]..[' at line 5
===========================================================================================

=== [2009/01/14 13:11:40] =================================================================
filename: /product/product_view.php?p_idx=26'%20AnD%20(sElEcT%20ChAr(94)%2BcAsT(CoUnT(1)%20aS%20VaRcHaR(100))%2bChAr(94)%20fRoM%20[mAsTeR]..[sYsDaTaBaSeS])>0%20AnD%20''='
update tblProduct set p_view = p_view + 1 where p_idx = 26\' AnD (sElEcT ChAr(94)+cAsT(CoUnT(1) aS VaRcHaR(100))+ChAr(94) fRoM [mAsTeR]..[sYsDaTaBaSeS])>0 AnD \'\'=\'
------------------------------------------------------------------------------------------
1064 : You have an error in your SQL syntax; check the manual that corresponds to your MySQL server version for the right syntax to use near '\' AnD (sElEcT ChAr(94)+cAsT(CoUnT(1) aS VaRcHaR(100))+ChAr(94) fRoM [mAsTeR]..[' at line 1
===========================================================================================

=== [2009/01/14 13:11:40] =================================================================
filename: /product/product_view.php?p_idx=26%25'%20AnD%20(sElEcT%20ChAr(94)%2BcAsT(CoUnT(1)%20aS%20VaRcHaR(100))%2bChAr(94)%20fRoM%20[mAsTeR]..[sYsDaTaBaSeS])>0%20And%20'%25'='

select count(*) from tblRankProduct where 1
and p_idx = 26%\' AnD (sElEcT ChAr(94)+cAsT(CoUnT(1) aS VaRcHaR(100))+ChAr(94) fRoM [mAsTeR]..[sYsDaTaBaSeS])>0 And \'%\'=\' and rp_rank > 0 and rp_rank <= 10
and date_sub(rp_end_dt, INTERVAL 6 DAY) = rp_start_dt

------------------------------------------------------------------------------------------
1064 : You have an error in your SQL syntax; check the manual that corresponds to your MySQL server version for the right syntax to use near '\' AnD (sElEcT ChAr(94)+cAsT(CoUnT(1) aS VaRcHaR(100))+ChAr(94) fRoM [mAsTeR]..[' at line 2
===========================================================================================

=== [2009/01/14 13:11:40] =================================================================
filename: /product/product_view.php?p_idx=26%25'%20AnD%20(sElEcT%20ChAr(94)%2BcAsT(CoUnT(1)%20aS%20VaRcHaR(100))%2bChAr(94)%20fRoM%20[mAsTeR]..[sYsDaTaBaSeS])>0%20And%20'%25'='

select A.*, B.p_e_idx, B.end_dt, C.shop_name, C.shop_medal, C.shop_url,
ifnull((select rp_rank from tblRankProduct where p_idx=A.p_idx and rp_start_dt = '2009-01-04' and rp_end_dt = '2009-01-10'),10000) as rp_rank,
ifnull((select rp_last_rank from tblRankProduct where p_idx=A.p_idx and rp_start_dt = '2009-01-04' and rp_end_dt = '2009-01-10'),10000) as rp_last_rank,
ifnull((select rp_total_rank from tblRankProduct where p_idx=A.p_idx and rp_start_dt = '2009-01-04' and rp_end_dt = '2009-01-10'),10000) as rp_total_rank,
ifnull((select rp_total_last_rank from tblRankProduct where p_idx=A.p_idx and rp_start_dt = '2009-01-04' and rp_end_dt = '2009-01-10'),10000) as rp_total_last_rank,
ifnull((select rpc_rank from tblRankProduct where p_idx=A.p_idx and rp_start_dt = '2009-01-04' and rp_end_dt = '2009-01-10'),10000) as rpc_rank,
ifnull((select rpc_rank from tblRankProduct where p_idx=A.p_idx and rp_start_dt = '2009-01-04' and rp_end_dt = '2009-01-10'),10000) as best_codi_cnt,
ifnull((select sum(p_u_val) from tblProductUpDown where p_idx=A.p_idx and p_u_reg_dt between B.start_dt and B.end_dt and p_u_val > 0),0) as up_cnt,
ifnull((select abs(sum(p_u_val)) from tblProductUpDown where p_idx=A.p_idx and p_u_reg_dt between B.start_dt and B.end_dt and p_u_val < 0),0) as down_cnt,
ifnull((select count(*) from tblProductComment where p_idx=A.p_idx and p_c_reg_dt between B.start_dt and B.end_dt ),0) as comment_cnt
from tblProduct A, tblProductEach B, tblShop C
where 1
and A.p_idx = B.p_idx and A.shop_idx = C.shop_idx
and A.p_idx = 26%\' AnD (sElEcT ChAr(94)+cAsT(CoUnT(1) aS VaRcHaR(100))+ChAr(94) fRoM [mAsTeR]..[sYsDaTaBaSeS])>0 And \'%\'=\'
and now() between B.start_dt and B.end_dt

------------------------------------------------------------------------------------------
1064 : You have an error in your SQL syntax; check the manual that corresponds to your MySQL server version for the right syntax to use near '\' AnD (sElEcT ChAr(94)+cAsT(CoUnT(1) aS VaRcHaR(100))+ChAr(94) fRoM [mAsTeR]..[' at line 14
===========================================================================================

=== [2009/01/14 13:11:40] =================================================================
filename: /product/product_view.php?p_idx=26%25'%20AnD%20(sElEcT%20ChAr(94)%2BcAsT(CoUnT(1)%20aS%20VaRcHaR(100))%2bChAr(94)%20fRoM%20[mAsTeR]..[sYsDaTaBaSeS])>0%20And%20'%25'='
select A.*, B.shop_name, B.shop_medal, B.shop_url from tblProduct A, tblShop B where A.shop_idx = B.shop_idx and A.p_idx = 26%\' AnD (sElEcT ChAr(94)+cAsT(CoUnT(1) aS VaRcHaR(100))+ChAr(94) fRoM [mAsTeR]..[sYsDaTaBaSeS])>0 And \'%\'=\'
------------------------------------------------------------------------------------------
1064 : You have an error in your SQL syntax; check the manual that corresponds to your MySQL server version for the right syntax to use near '\' AnD (sElEcT ChAr(94)+cAsT(CoUnT(1) aS VaRcHaR(100))+ChAr(94) fRoM [mAsTeR]..[' at line 1
===========================================================================================

=== [2009/01/14 13:11:40] =================================================================
filename: /product/product_view.php?p_idx=26%25'%20AnD%20(sElEcT%20ChAr(94)%2BcAsT(CoUnT(1)%20aS%20VaRcHaR(100))%2bChAr(94)%20fRoM%20[mAsTeR]..[sYsDaTaBaSeS])>0%20And%20'%25'='

select A.p_idx, B.p_e_idx, A.p_main_img
from tblProduct A, tblProductEach B
where 1 
and A.p_idx = B.p_idx
and A.p_idx != 26%\' AnD (sElEcT ChAr(94)+cAsT(CoUnT(1) aS VaRcHaR(100))+ChAr(94) fRoM [mAsTeR]..[sYsDaTaBaSeS])>0 And \'%\'=\'
and A.shop_idx = 
and now() between B.start_dt and B.end_dt

------------------------------------------------------------------------------------------
1064 : You have an error in your SQL syntax; check the manual that corresponds to your MySQL server version for the right syntax to use near '\' AnD (sElEcT ChAr(94)+cAsT(CoUnT(1) aS VaRcHaR(100))+ChAr(94) fRoM [mAsTeR]..[' at line 5
===========================================================================================

=== [2009/01/14 13:11:40] =================================================================
filename: /product/product_view.php?p_idx=26%25'%20AnD%20(sElEcT%20ChAr(94)%2BcAsT(CoUnT(1)%20aS%20VaRcHaR(100))%2bChAr(94)%20fRoM%20[mAsTeR]..[sYsDaTaBaSeS])>0%20And%20'%25'='
update tblProduct set p_view = p_view + 1 where p_idx = 26%\' AnD (sElEcT ChAr(94)+cAsT(CoUnT(1) aS VaRcHaR(100))+ChAr(94) fRoM [mAsTeR]..[sYsDaTaBaSeS])>0 And \'%\'=\'
------------------------------------------------------------------------------------------
1064 : You have an error in your SQL syntax; check the manual that corresponds to your MySQL server version for the right syntax to use near '\' AnD (sElEcT ChAr(94)+cAsT(CoUnT(1) aS VaRcHaR(100))+ChAr(94) fRoM [mAsTeR]..[' at line 1
===========================================================================================

=== [2009/01/14 13:11:41] =================================================================
filename: /product/product_view.php?p_idx=26'%20AnD%20'1'='1

select count(*) from tblRankProduct where 1
and p_idx = 26\' AnD \'1\'=\'1 and rp_rank > 0 and rp_rank <= 10
and date_sub(rp_end_dt, INTERVAL 6 DAY) = rp_start_dt

------------------------------------------------------------------------------------------
1064 : You have an error in your SQL syntax; check the manual that corresponds to your MySQL server version for the right syntax to use near '\' AnD \'1\'=\'1 and rp_rank > 0 and rp_rank <= 10
and date_sub(rp_end_dt, INTER' at line 2
===========================================================================================

=== [2009/01/14 13:11:41] =================================================================
filename: /product/product_view.php?p_idx=26'%20AnD%20'1'='1

select A.*, B.p_e_idx, B.end_dt, C.shop_name, C.shop_medal, C.shop_url,
ifnull((select rp_rank from tblRankProduct where p_idx=A.p_idx and rp_start_dt = '2009-01-04' and rp_end_dt = '2009-01-10'),10000) as rp_rank,
ifnull((select rp_last_rank from tblRankProduct where p_idx=A.p_idx and rp_start_dt = '2009-01-04' and rp_end_dt = '2009-01-10'),10000) as rp_last_rank,
ifnull((select rp_total_rank from tblRankProduct where p_idx=A.p_idx and rp_start_dt = '2009-01-04' and rp_end_dt = '2009-01-10'),10000) as rp_total_rank,
ifnull((select rp_total_last_rank from tblRankProduct where p_idx=A.p_idx and rp_start_dt = '2009-01-04' and rp_end_dt = '2009-01-10'),10000) as rp_total_last_rank,
ifnull((select rpc_rank from tblRankProduct where p_idx=A.p_idx and rp_start_dt = '2009-01-04' and rp_end_dt = '2009-01-10'),10000) as rpc_rank,
ifnull((select rpc_rank from tblRankProduct where p_idx=A.p_idx and rp_start_dt = '2009-01-04' and rp_end_dt = '2009-01-10'),10000) as best_codi_cnt,
ifnull((select sum(p_u_val) from tblProductUpDown where p_idx=A.p_idx and p_u_reg_dt between B.start_dt and B.end_dt and p_u_val > 0),0) as up_cnt,
ifnull((select abs(sum(p_u_val)) from tblProductUpDown where p_idx=A.p_idx and p_u_reg_dt between B.start_dt and B.end_dt and p_u_val < 0),0) as down_cnt,
ifnull((select count(*) from tblProductComment where p_idx=A.p_idx and p_c_reg_dt between B.start_dt and B.end_dt ),0) as comment_cnt
from tblProduct A, tblProductEach B, tblShop C
where 1
and A.p_idx = B.p_idx and A.shop_idx = C.shop_idx
and A.p_idx = 26\' AnD \'1\'=\'1
and now() between B.start_dt and B.end_dt

------------------------------------------------------------------------------------------
1064 : You have an error in your SQL syntax; check the manual that corresponds to your MySQL server version for the right syntax to use near '\' AnD \'1\'=\'1
and now() between B.start_dt and B.end_dt' at line 14
===========================================================================================

=== [2009/01/14 13:11:41] =================================================================
filename: /product/product_view.php?p_idx=26'%20AnD%20'1'='1
select A.*, B.shop_name, B.shop_medal, B.shop_url from tblProduct A, tblShop B where A.shop_idx = B.shop_idx and A.p_idx = 26\' AnD \'1\'=\'1
------------------------------------------------------------------------------------------
1064 : You have an error in your SQL syntax; check the manual that corresponds to your MySQL server version for the right syntax to use near '\' AnD \'1\'=\'1' at line 1
===========================================================================================

=== [2009/01/14 13:11:41] =================================================================
filename: /product/product_view.php?p_idx=26'%20AnD%20'1'='1

select A.p_idx, B.p_e_idx, A.p_main_img
from tblProduct A, tblProductEach B
where 1 
and A.p_idx = B.p_idx
and A.p_idx != 26\' AnD \'1\'=\'1
and A.shop_idx = 
and now() between B.start_dt and B.end_dt

------------------------------------------------------------------------------------------
1064 : You have an error in your SQL syntax; check the manual that corresponds to your MySQL server version for the right syntax to use near '\' AnD \'1\'=\'1
and A.shop_idx = 
and now() between B.start_dt and B.end_dt' at line 5
===========================================================================================

=== [2009/01/14 13:11:41] =================================================================
filename: /product/product_view.php?p_idx=26'%20AnD%20'1'='1
update tblProduct set p_view = p_view + 1 where p_idx = 26\' AnD \'1\'=\'1
------------------------------------------------------------------------------------------
1064 : You have an error in your SQL syntax; check the manual that corresponds to your MySQL server version for the right syntax to use near '\' AnD \'1\'=\'1' at line 1
===========================================================================================

=== [2009/01/14 21:27:48] =================================================================
filename: /mypage/pop_codi_view.php

	select *,
	(select start_dt from tblProductEach where p_idx = tblProduct.p_idx order by p_e_idx asc limit 1) as start_dt,
	(select end_dt from tblProductEach where p_idx = tblProduct.p_idx order by p_e_idx desc limit 1) as end_dt,
	(select count(*) from tblProductUpDown where p_idx = tblProduct.p_idx and p_u_val = 1) as up,
	(select count(*) from tblProductUpDown where p_idx = tblProduct.p_idx and p_u_val = -1) as down,
	(select count(*) from tblProductComment where p_idx = tblProduct.p_idx) as comment_cnt,
	(select count(*) from tblProductVisit where p_idx = tblProduct.p_idx) as visit
	from tblProduct
	where p_idx = 
	
------------------------------------------------------------------------------------------
1064 : You have an error in your SQL syntax; check the manual that corresponds to your MySQL server version for the right syntax to use near '' at line 9
===========================================================================================

=== [2009/01/14 21:27:48] =================================================================
filename: /mypage/pop_codi_view.php
select count(DISTINCT(p_v_ip)) from tblProductVisit  where 1 and p_idx =   
------------------------------------------------------------------------------------------
1064 : You have an error in your SQL syntax; check the manual that corresponds to your MySQL server version for the right syntax to use near '' at line 1
===========================================================================================

=== [2009/01/14 21:27:48] =================================================================
filename: /mypage/pop_codi_view.php
SELECT p_v_ip, min(p_v_reg_dt) as first, max(p_v_reg_dt) as last, count(*) AS cnt FROM tblProductVisit  where 1 and p_idx =   GROUP BY p_v_ip limit 1, 10
------------------------------------------------------------------------------------------
1064 : You have an error in your SQL syntax; check the manual that corresponds to your MySQL server version for the right syntax to use near 'GROUP BY p_v_ip limit 1, 10' at line 1
===========================================================================================

=== [2009/01/14 21:27:49] =================================================================
filename: /product/product_view.php?p_idx=

select count(*) from tblRankProduct where 1
and p_idx =  and rp_rank > 0 and rp_rank <= 10
and date_sub(rp_end_dt, INTERVAL 6 DAY) = rp_start_dt

------------------------------------------------------------------------------------------
1064 : You have an error in your SQL syntax; check the manual that corresponds to your MySQL server version for the right syntax to use near 'and rp_rank > 0 and rp_rank <= 10
and date_sub(rp_end_dt, INTERVAL 6 DAY) = rp_s' at line 2
===========================================================================================

=== [2009/01/14 21:27:49] =================================================================
filename: /product/product_view.php?p_idx=

select A.*, B.p_e_idx, B.end_dt, C.shop_name, C.shop_medal, C.shop_url,
ifnull((select rp_rank from tblRankProduct where p_idx=A.p_idx and rp_start_dt = '2009-01-04' and rp_end_dt = '2009-01-10'),10000) as rp_rank,
ifnull((select rp_last_rank from tblRankProduct where p_idx=A.p_idx and rp_start_dt = '2009-01-04' and rp_end_dt = '2009-01-10'),10000) as rp_last_rank,
ifnull((select rp_total_rank from tblRankProduct where p_idx=A.p_idx and rp_start_dt = '2009-01-04' and rp_end_dt = '2009-01-10'),10000) as rp_total_rank,
ifnull((select rp_total_last_rank from tblRankProduct where p_idx=A.p_idx and rp_start_dt = '2009-01-04' and rp_end_dt = '2009-01-10'),10000) as rp_total_last_rank,
ifnull((select rpc_rank from tblRankProduct where p_idx=A.p_idx and rp_start_dt = '2009-01-04' and rp_end_dt = '2009-01-10'),10000) as rpc_rank,
ifnull((select rpc_rank from tblRankProduct where p_idx=A.p_idx and rp_start_dt = '2009-01-04' and rp_end_dt = '2009-01-10'),10000) as best_codi_cnt,
ifnull((select sum(p_u_val) from tblProductUpDown where p_idx=A.p_idx and p_u_reg_dt between B.start_dt and B.end_dt and p_u_val > 0),0) as up_cnt,
ifnull((select abs(sum(p_u_val)) from tblProductUpDown where p_idx=A.p_idx and p_u_reg_dt between B.start_dt and B.end_dt and p_u_val < 0),0) as down_cnt,
ifnull((select count(*) from tblProductComment where p_idx=A.p_idx and p_c_reg_dt between B.start_dt and B.end_dt ),0) as comment_cnt
from tblProduct A, tblProductEach B, tblShop C
where 1
and A.p_idx = B.p_idx and A.shop_idx = C.shop_idx
and A.p_idx = 
and now() between B.start_dt and B.end_dt

------------------------------------------------------------------------------------------
1064 : You have an error in your SQL syntax; check the manual that corresponds to your MySQL server version for the right syntax to use near 'and now() between B.start_dt and B.end_dt' at line 15
===========================================================================================

=== [2009/01/14 21:27:49] =================================================================
filename: /product/product_view.php?p_idx=
select A.*, B.shop_name, B.shop_medal, B.shop_url from tblProduct A, tblShop B where A.shop_idx = B.shop_idx and A.p_idx = 
------------------------------------------------------------------------------------------
1064 : You have an error in your SQL syntax; check the manual that corresponds to your MySQL server version for the right syntax to use near '' at line 1
===========================================================================================

=== [2009/01/14 21:27:49] =================================================================
filename: /product/product_view.php?p_idx=

select A.p_idx, B.p_e_idx, A.p_main_img
from tblProduct A, tblProductEach B
where 1 
and A.p_idx = B.p_idx
and A.p_idx != 
and A.shop_idx = 
and now() between B.start_dt and B.end_dt

------------------------------------------------------------------------------------------
1064 : You have an error in your SQL syntax; check the manual that corresponds to your MySQL server version for the right syntax to use near 'and A.shop_idx = 
and now() between B.start_dt and B.end_dt' at line 6
===========================================================================================

=== [2009/01/14 21:27:49] =================================================================
filename: /product/product_view.php?p_idx=
update tblProduct set p_view = p_view + 1 where p_idx = 
------------------------------------------------------------------------------------------
1064 : You have an error in your SQL syntax; check the manual that corresponds to your MySQL server version for the right syntax to use near '' at line 1
===========================================================================================

=== [2009/01/14 21:27:51] =================================================================
filename: /product/ajax_product_gift_tracking.php?p_idx=

SELECT count(*)
FROM tblProduct A, tblProductEach B, tblGiftTracking C
WHERE 1
AND A.p_idx = B.p_idx
AND B.p_e_idx = C.p_e_idx
AND A.shop_idx = 
GROUP BY C.p_e_idx

------------------------------------------------------------------------------------------
1064 : You have an error in your SQL syntax; check the manual that corresponds to your MySQL server version for the right syntax to use near 'GROUP BY C.p_e_idx' at line 7
===========================================================================================

=== [2009/01/14 21:27:51] =================================================================
filename: /product/ajax_product_gift_tracking.php?p_idx=

SELECT A.p_idx, A.p_title, A.p_main_img, A.p_gift, B.p_e_idx, B.end_dt
FROM tblProduct A, tblProductEach B, tblGiftTracking C
WHERE 1
AND A.p_idx = B.p_idx
AND B.p_e_idx = C.p_e_idx
AND A.shop_idx = 
GROUP BY C.p_e_idx
 order by B.p_e_idx desc  limit 1, 10 

------------------------------------------------------------------------------------------
1064 : You have an error in your SQL syntax; check the manual that corresponds to your MySQL server version for the right syntax to use near 'GROUP BY C.p_e_idx
 order by B.p_e_idx desc  limit 1, 10' at line 7
===========================================================================================

=== [2009/01/14 21:27:52] =================================================================
filename: /mypage/pop_codi_view.php?page=2

	select *,
	(select start_dt from tblProductEach where p_idx = tblProduct.p_idx order by p_e_idx asc limit 1) as start_dt,
	(select end_dt from tblProductEach where p_idx = tblProduct.p_idx order by p_e_idx desc limit 1) as end_dt,
	(select count(*) from tblProductUpDown where p_idx = tblProduct.p_idx and p_u_val = 1) as up,
	(select count(*) from tblProductUpDown where p_idx = tblProduct.p_idx and p_u_val = -1) as down,
	(select count(*) from tblProductComment where p_idx = tblProduct.p_idx) as comment_cnt,
	(select count(*) from tblProductVisit where p_idx = tblProduct.p_idx) as visit
	from tblProduct
	where p_idx = 
	
------------------------------------------------------------------------------------------
1064 : You have an error in your SQL syntax; check the manual that corresponds to your MySQL server version for the right syntax to use near '' at line 9
===========================================================================================

=== [2009/01/14 21:27:52] =================================================================
filename: /mypage/pop_codi_view.php?page=2
select count(DISTINCT(p_v_ip)) from tblProductVisit  where 1 and p_idx =   
------------------------------------------------------------------------------------------
1064 : You have an error in your SQL syntax; check the manual that corresponds to your MySQL server version for the right syntax to use near '' at line 1
===========================================================================================

=== [2009/01/14 21:27:52] =================================================================
filename: /mypage/pop_codi_view.php?page=2
SELECT p_v_ip, min(p_v_reg_dt) as first, max(p_v_reg_dt) as last, count(*) AS cnt FROM tblProductVisit  where 1 and p_idx =   GROUP BY p_v_ip limit 1, 10
------------------------------------------------------------------------------------------
1064 : You have an error in your SQL syntax; check the manual that corresponds to your MySQL server version for the right syntax to use near 'GROUP BY p_v_ip limit 1, 10' at line 1
===========================================================================================

=== [2009/01/14 21:27:53] =================================================================
filename: /product/visit_proc.php
select count(*) from tblProductVisit where p_e_idx =  and p_v_ip = '116.123.14.12' and unix_timestamp() - unix_timestamp(p_v_reg_dt) < 3600 
------------------------------------------------------------------------------------------
1064 : You have an error in your SQL syntax; check the manual that corresponds to your MySQL server version for the right syntax to use near 'and p_v_ip = '116.123.14.12' and unix_timestamp() - unix_timestamp(p_v_reg_dt) <' at line 1
===========================================================================================

=== [2009/01/14 21:27:53] =================================================================
filename: /product/visit_proc.php
select count(*) from tblProductVisit where p_e_idx =  
------------------------------------------------------------------------------------------
1064 : You have an error in your SQL syntax; check the manual that corresponds to your MySQL server version for the right syntax to use near '' at line 1
===========================================================================================

=== [2009/01/14 21:27:53] =================================================================
filename: /product/visit_proc.php

insert into tblProductVisit (p_idx, p_e_idx, mem_id, p_v_ip, p_v_reg_dt) 
	values 
(, , 'anonymous', '116.123.14.12', now())

------------------------------------------------------------------------------------------
1064 : You have an error in your SQL syntax; check the manual that corresponds to your MySQL server version for the right syntax to use near ' , 'anonymous', '116.123.14.12', now())' at line 3
===========================================================================================

=== [2009/01/14 21:27:54] =================================================================
filename: /product/visit_proc.php
select count(*) from tblProductVisit where p_e_idx =  and p_v_ip = '116.123.14.12' and unix_timestamp() - unix_timestamp(p_v_reg_dt) < 3600 
------------------------------------------------------------------------------------------
1064 : You have an error in your SQL syntax; check the manual that corresponds to your MySQL server version for the right syntax to use near 'and p_v_ip = '116.123.14.12' and unix_timestamp() - unix_timestamp(p_v_reg_dt) <' at line 1
===========================================================================================

=== [2009/01/14 21:27:54] =================================================================
filename: /product/visit_proc.php
select count(*) from tblProductVisit where p_e_idx =  
------------------------------------------------------------------------------------------
1064 : You have an error in your SQL syntax; check the manual that corresponds to your MySQL server version for the right syntax to use near '' at line 1
===========================================================================================

=== [2009/01/14 21:27:54] =================================================================
filename: /product/visit_proc.php

insert into tblProductVisit (p_idx, p_e_idx, mem_id, p_v_ip, p_v_reg_dt) 
	values 
(, , 'anonymous', '116.123.14.12', now())

------------------------------------------------------------------------------------------
1064 : You have an error in your SQL syntax; check the manual that corresponds to your MySQL server version for the right syntax to use near ' , 'anonymous', '116.123.14.12', now())' at line 3
===========================================================================================

