=== [2009/01/06 16:42:44] =================================================================
filename: /product/product_view.php

select count(*) from tblRankProduct where 1
and p_idx =  and rp_rank > 0 and rp_rank <= 10
and date_sub(rp_end_dt, INTERVAL 6 DAY) = rp_start_dt

------------------------------------------------------------------------------------------
1064 : You have an error in your SQL syntax; check the manual that corresponds to your MySQL server version for the right syntax to use near 'and rp_rank > 0 and rp_rank <= 10
and date_sub(rp_end_dt, INTERVAL 6 DAY) = rp_s' at line 2
===========================================================================================

=== [2009/01/06 16:42:44] =================================================================
filename: /product/product_view.php

select A.*, B.p_e_idx, B.end_dt, C.shop_name, C.shop_medal, C.shop_url,
ifnull((select rp_rank from tblRankProduct where p_idx=A.p_idx and rp_start_dt = '2008-12-28' and rp_end_dt = '2009-01-03'),10000) as rp_rank,
ifnull((select rp_last_rank from tblRankProduct where p_idx=A.p_idx and rp_start_dt = '2008-12-28' and rp_end_dt = '2009-01-03'),10000) as rp_last_rank,
ifnull((select rp_total_rank from tblRankProduct where p_idx=A.p_idx and rp_start_dt = '2008-12-28' and rp_end_dt = '2009-01-03'),10000) as rp_total_rank,
ifnull((select rp_total_last_rank from tblRankProduct where p_idx=A.p_idx and rp_start_dt = '2008-12-28' and rp_end_dt = '2009-01-03'),10000) as rp_total_last_rank,
ifnull((select rpc_rank from tblRankProduct where p_idx=A.p_idx and rp_start_dt = '2008-12-28' and rp_end_dt = '2009-01-03'),10000) as rpc_rank,
ifnull((select rpc_rank from tblRankProduct where p_idx=A.p_idx and rp_start_dt = '2008-12-28' and rp_end_dt = '2009-01-03'),10000) as best_codi_cnt,
ifnull((select sum(p_u_val) from tblProductUpDown where p_idx=A.p_idx and p_u_reg_dt between B.start_dt and B.end_dt and p_u_val > 0),0) as up_cnt,
ifnull((select abs(sum(p_u_val)) from tblProductUpDown where p_idx=A.p_idx and p_u_reg_dt between B.start_dt and B.end_dt and p_u_val < 0),0) as down_cnt,
ifnull((select count(*) from tblProductComment where p_idx=A.p_idx and p_c_reg_dt between B.start_dt and B.end_dt ),0) as comment_cnt
from tblProduct A, tblProductEach B, tblShop C
where 1
and A.p_idx = B.p_idx and A.shop_idx = C.shop_idx
and A.p_idx = 
and now() between B.start_dt and B.end_dt

------------------------------------------------------------------------------------------
1064 : You have an error in your SQL syntax; check the manual that corresponds to your MySQL server version for the right syntax to use near 'and now() between B.start_dt and B.end_dt' at line 15
===========================================================================================

=== [2009/01/06 16:42:44] =================================================================
filename: /product/product_view.php
select A.*, B.shop_name, B.shop_medal, B.shop_url from tblProduct A, tblShop B where A.shop_idx = B.shop_idx and A.p_idx = 
------------------------------------------------------------------------------------------
1064 : You have an error in your SQL syntax; check the manual that corresponds to your MySQL server version for the right syntax to use near '' at line 1
===========================================================================================

=== [2009/01/06 16:42:44] =================================================================
filename: /product/product_view.php

select A.p_idx, B.p_e_idx, A.p_main_img
from tblProduct A, tblProductEach B
where 1 
and A.p_idx = B.p_idx
and A.p_idx != 
and A.shop_idx = 
and now() between B.start_dt and B.end_dt

------------------------------------------------------------------------------------------
1064 : You have an error in your SQL syntax; check the manual that corresponds to your MySQL server version for the right syntax to use near 'and A.shop_idx = 
and now() between B.start_dt and B.end_dt' at line 6
===========================================================================================

=== [2009/01/06 16:42:44] =================================================================
filename: /product/product_view.php
update tblProduct set p_view = p_view + 1 where p_idx = 
------------------------------------------------------------------------------------------
1064 : You have an error in your SQL syntax; check the manual that corresponds to your MySQL server version for the right syntax to use near '' at line 1
===========================================================================================

=== [2009/01/06 16:42:44] =================================================================
filename: /product/ajax_product_gift_tracking.php?p_idx=&pe_idx=&shop_idx=&giftpage=1

SELECT count(*)
FROM tblProduct A, tblProductEach B, tblGiftTracking C
WHERE 1
AND A.p_idx = B.p_idx
AND B.p_e_idx = C.p_e_idx
AND A.shop_idx = 
GROUP BY C.p_e_idx

------------------------------------------------------------------------------------------
1064 : You have an error in your SQL syntax; check the manual that corresponds to your MySQL server version for the right syntax to use near 'GROUP BY C.p_e_idx' at line 7
===========================================================================================

=== [2009/01/06 16:42:44] =================================================================
filename: /product/ajax_product_gift_tracking.php?p_idx=&pe_idx=&shop_idx=&giftpage=1

SELECT A.p_idx, A.p_title, A.p_main_img, A.p_gift, B.p_e_idx, B.end_dt
FROM tblProduct A, tblProductEach B, tblGiftTracking C
WHERE 1
AND A.p_idx = B.p_idx
AND B.p_e_idx = C.p_e_idx
AND A.shop_idx = 
GROUP BY C.p_e_idx
 order by B.p_e_idx desc  limit 1, 10 

------------------------------------------------------------------------------------------
1064 : You have an error in your SQL syntax; check the manual that corresponds to your MySQL server version for the right syntax to use near 'GROUP BY C.p_e_idx
 order by B.p_e_idx desc  limit 1, 10' at line 7
===========================================================================================

