=== [2009/03/12 09:07:33] =================================================================
filename: /product/product_view.php?p_idx=MAIL_IDX_1
update tblProduct set p_view = p_view + 1 where p_idx = MAIL_IDX_1 
------------------------------------------------------------------------------------------
1054 : Unknown column 'MAIL_IDX_1' in 'where clause'
===========================================================================================

=== [2009/03/12 09:07:33] =================================================================
filename: /product/product_view.php?p_idx=MAIL_IDX_1

select count(*) from tblRankProduct where 1
and p_idx = MAIL_IDX_1 and rp_rank > 0 and rp_rank <= 10
and date_sub(rp_end_dt, INTERVAL 6 DAY) = rp_start_dt

------------------------------------------------------------------------------------------
1054 : Unknown column 'MAIL_IDX_1' in 'where clause'
===========================================================================================

=== [2009/03/12 09:07:33] =================================================================
filename: /product/product_view.php?p_idx=MAIL_IDX_1

select A.*, B.p_e_idx, B.end_dt, C.shop_name, C.shop_medal, C.shop_url,
ifnull((select rp_rank from tblRankProduct where p_idx=A.p_idx and rp_start_dt = '2009-03-01' and rp_end_dt = '2009-03-07'),10000) as rp_rank,
ifnull((select rp_last_rank from tblRankProduct where p_idx=A.p_idx and rp_start_dt = '2009-03-01' and rp_end_dt = '2009-03-07'),10000) as rp_last_rank,
ifnull((select rp_total_rank from tblRankProduct where p_idx=A.p_idx and rp_start_dt = '2009-03-01' and rp_end_dt = '2009-03-07'),10000) as rp_total_rank,
ifnull((select rp_total_last_rank from tblRankProduct where p_idx=A.p_idx and rp_start_dt = '2009-03-01' and rp_end_dt = '2009-03-07'),10000) as rp_total_last_rank,
ifnull((select rpc_rank from tblRankProduct where p_idx=A.p_idx and rp_start_dt = '2009-03-01' and rp_end_dt = '2009-03-07'),10000) as rpc_rank,
ifnull((select rpc_rank from tblRankProduct where p_idx=A.p_idx and rp_start_dt = '2009-03-01' and rp_end_dt = '2009-03-07'),10000) as best_codi_cnt,
ifnull((select sum(p_u_val) from tblProductUpDown where p_idx=A.p_idx and p_u_reg_dt between B.start_dt and B.end_dt and p_u_val > 0),0) as up_cnt,
ifnull((select abs(sum(p_u_val)) from tblProductUpDown where p_idx=A.p_idx and p_u_reg_dt between B.start_dt and B.end_dt and p_u_val < 0),0) as down_cnt,
ifnull((select count(*) from tblProductComment where p_idx=A.p_idx and p_c_reg_dt between B.start_dt and B.end_dt ),0) as comment_cnt
from tblProduct A, tblProductEach B, tblShop C
where 1
and A.p_idx = B.p_idx and A.shop_idx = C.shop_idx
and A.p_idx = MAIL_IDX_1
and now() between B.start_dt and B.end_dt

------------------------------------------------------------------------------------------
1054 : Unknown column 'MAIL_IDX_1' in 'where clause'
===========================================================================================

=== [2009/03/12 09:07:33] =================================================================
filename: /product/product_view.php?p_idx=MAIL_IDX_1
select A.*, unix_timestamp(A.p_reg_dt) as stamp,B.shop_name, B.shop_medal, B.shop_url from tblProduct A, tblShop B where A.shop_idx = B.shop_idx and A.p_idx = MAIL_IDX_1
------------------------------------------------------------------------------------------
1054 : Unknown column 'MAIL_IDX_1' in 'where clause'
===========================================================================================

=== [2009/03/12 09:07:33] =================================================================
filename: /product/product_view.php?p_idx=MAIL_IDX_1

select A.p_idx, B.p_e_idx, A.p_main_img
from tblProduct A, tblProductEach B
where 1 
and A.p_idx = B.p_idx
and A.p_idx != MAIL_IDX_1
and A.shop_idx = 
and now() between B.start_dt and B.end_dt

------------------------------------------------------------------------------------------
1064 : You have an error in your SQL syntax; check the manual that corresponds to your MySQL server version for the right syntax to use near 'and now() between B.start_dt and B.end_dt' at line 7
===========================================================================================

=== [2009/03/12 10:34:27] =================================================================
filename: /product/product_view.php?p_idx=MAIL_IDX_5
update tblProduct set p_view = p_view + 1 where p_idx = MAIL_IDX_5 
------------------------------------------------------------------------------------------
1054 : Unknown column 'MAIL_IDX_5' in 'where clause'
===========================================================================================

=== [2009/03/12 10:34:27] =================================================================
filename: /product/product_view.php?p_idx=MAIL_IDX_5

select count(*) from tblRankProduct where 1
and p_idx = MAIL_IDX_5 and rp_rank > 0 and rp_rank <= 10
and date_sub(rp_end_dt, INTERVAL 6 DAY) = rp_start_dt

------------------------------------------------------------------------------------------
1054 : Unknown column 'MAIL_IDX_5' in 'where clause'
===========================================================================================

=== [2009/03/12 10:34:27] =================================================================
filename: /product/product_view.php?p_idx=MAIL_IDX_5

select A.*, B.p_e_idx, B.end_dt, C.shop_name, C.shop_medal, C.shop_url,
ifnull((select rp_rank from tblRankProduct where p_idx=A.p_idx and rp_start_dt = '2009-03-01' and rp_end_dt = '2009-03-07'),10000) as rp_rank,
ifnull((select rp_last_rank from tblRankProduct where p_idx=A.p_idx and rp_start_dt = '2009-03-01' and rp_end_dt = '2009-03-07'),10000) as rp_last_rank,
ifnull((select rp_total_rank from tblRankProduct where p_idx=A.p_idx and rp_start_dt = '2009-03-01' and rp_end_dt = '2009-03-07'),10000) as rp_total_rank,
ifnull((select rp_total_last_rank from tblRankProduct where p_idx=A.p_idx and rp_start_dt = '2009-03-01' and rp_end_dt = '2009-03-07'),10000) as rp_total_last_rank,
ifnull((select rpc_rank from tblRankProduct where p_idx=A.p_idx and rp_start_dt = '2009-03-01' and rp_end_dt = '2009-03-07'),10000) as rpc_rank,
ifnull((select rpc_rank from tblRankProduct where p_idx=A.p_idx and rp_start_dt = '2009-03-01' and rp_end_dt = '2009-03-07'),10000) as best_codi_cnt,
ifnull((select sum(p_u_val) from tblProductUpDown where p_idx=A.p_idx and p_u_reg_dt between B.start_dt and B.end_dt and p_u_val > 0),0) as up_cnt,
ifnull((select abs(sum(p_u_val)) from tblProductUpDown where p_idx=A.p_idx and p_u_reg_dt between B.start_dt and B.end_dt and p_u_val < 0),0) as down_cnt,
ifnull((select count(*) from tblProductComment where p_idx=A.p_idx and p_c_reg_dt between B.start_dt and B.end_dt ),0) as comment_cnt
from tblProduct A, tblProductEach B, tblShop C
where 1
and A.p_idx = B.p_idx and A.shop_idx = C.shop_idx
and A.p_idx = MAIL_IDX_5
and now() between B.start_dt and B.end_dt

------------------------------------------------------------------------------------------
1054 : Unknown column 'MAIL_IDX_5' in 'where clause'
===========================================================================================

=== [2009/03/12 10:34:27] =================================================================
filename: /product/product_view.php?p_idx=MAIL_IDX_5
select A.*, unix_timestamp(A.p_reg_dt) as stamp,B.shop_name, B.shop_medal, B.shop_url from tblProduct A, tblShop B where A.shop_idx = B.shop_idx and A.p_idx = MAIL_IDX_5
------------------------------------------------------------------------------------------
1054 : Unknown column 'MAIL_IDX_5' in 'where clause'
===========================================================================================

=== [2009/03/12 10:34:27] =================================================================
filename: /product/product_view.php?p_idx=MAIL_IDX_5

select A.p_idx, B.p_e_idx, A.p_main_img
from tblProduct A, tblProductEach B
where 1 
and A.p_idx = B.p_idx
and A.p_idx != MAIL_IDX_5
and A.shop_idx = 
and now() between B.start_dt and B.end_dt

------------------------------------------------------------------------------------------
1064 : You have an error in your SQL syntax; check the manual that corresponds to your MySQL server version for the right syntax to use near 'and now() between B.start_dt and B.end_dt' at line 7
===========================================================================================

=== [2009/03/12 11:07:32] =================================================================
filename: /product/product_view.php?p_idx=MAIL_IDX_3
update tblProduct set p_view = p_view + 1 where p_idx = MAIL_IDX_3 
------------------------------------------------------------------------------------------
1054 : Unknown column 'MAIL_IDX_3' in 'where clause'
===========================================================================================

=== [2009/03/12 11:07:32] =================================================================
filename: /product/product_view.php?p_idx=MAIL_IDX_3

select count(*) from tblRankProduct where 1
and p_idx = MAIL_IDX_3 and rp_rank > 0 and rp_rank <= 10
and date_sub(rp_end_dt, INTERVAL 6 DAY) = rp_start_dt

------------------------------------------------------------------------------------------
1054 : Unknown column 'MAIL_IDX_3' in 'where clause'
===========================================================================================

=== [2009/03/12 11:07:32] =================================================================
filename: /product/product_view.php?p_idx=MAIL_IDX_3

select A.*, B.p_e_idx, B.end_dt, C.shop_name, C.shop_medal, C.shop_url,
ifnull((select rp_rank from tblRankProduct where p_idx=A.p_idx and rp_start_dt = '2009-03-01' and rp_end_dt = '2009-03-07'),10000) as rp_rank,
ifnull((select rp_last_rank from tblRankProduct where p_idx=A.p_idx and rp_start_dt = '2009-03-01' and rp_end_dt = '2009-03-07'),10000) as rp_last_rank,
ifnull((select rp_total_rank from tblRankProduct where p_idx=A.p_idx and rp_start_dt = '2009-03-01' and rp_end_dt = '2009-03-07'),10000) as rp_total_rank,
ifnull((select rp_total_last_rank from tblRankProduct where p_idx=A.p_idx and rp_start_dt = '2009-03-01' and rp_end_dt = '2009-03-07'),10000) as rp_total_last_rank,
ifnull((select rpc_rank from tblRankProduct where p_idx=A.p_idx and rp_start_dt = '2009-03-01' and rp_end_dt = '2009-03-07'),10000) as rpc_rank,
ifnull((select rpc_rank from tblRankProduct where p_idx=A.p_idx and rp_start_dt = '2009-03-01' and rp_end_dt = '2009-03-07'),10000) as best_codi_cnt,
ifnull((select sum(p_u_val) from tblProductUpDown where p_idx=A.p_idx and p_u_reg_dt between B.start_dt and B.end_dt and p_u_val > 0),0) as up_cnt,
ifnull((select abs(sum(p_u_val)) from tblProductUpDown where p_idx=A.p_idx and p_u_reg_dt between B.start_dt and B.end_dt and p_u_val < 0),0) as down_cnt,
ifnull((select count(*) from tblProductComment where p_idx=A.p_idx and p_c_reg_dt between B.start_dt and B.end_dt ),0) as comment_cnt
from tblProduct A, tblProductEach B, tblShop C
where 1
and A.p_idx = B.p_idx and A.shop_idx = C.shop_idx
and A.p_idx = MAIL_IDX_3
and now() between B.start_dt and B.end_dt

------------------------------------------------------------------------------------------
1054 : Unknown column 'MAIL_IDX_3' in 'where clause'
===========================================================================================

=== [2009/03/12 11:07:32] =================================================================
filename: /product/product_view.php?p_idx=MAIL_IDX_3
select A.*, unix_timestamp(A.p_reg_dt) as stamp,B.shop_name, B.shop_medal, B.shop_url from tblProduct A, tblShop B where A.shop_idx = B.shop_idx and A.p_idx = MAIL_IDX_3
------------------------------------------------------------------------------------------
1054 : Unknown column 'MAIL_IDX_3' in 'where clause'
===========================================================================================

=== [2009/03/12 11:07:32] =================================================================
filename: /product/product_view.php?p_idx=MAIL_IDX_3

select A.p_idx, B.p_e_idx, A.p_main_img
from tblProduct A, tblProductEach B
where 1 
and A.p_idx = B.p_idx
and A.p_idx != MAIL_IDX_3
and A.shop_idx = 
and now() between B.start_dt and B.end_dt

------------------------------------------------------------------------------------------
1064 : You have an error in your SQL syntax; check the manual that corresponds to your MySQL server version for the right syntax to use near 'and now() between B.start_dt and B.end_dt' at line 7
===========================================================================================

=== [2009/03/12 12:35:13] =================================================================
filename: /product/product_view.php?p_idx=MAIL_IDX_10
update tblProduct set p_view = p_view + 1 where p_idx = MAIL_IDX_10 
------------------------------------------------------------------------------------------
1054 : Unknown column 'MAIL_IDX_10' in 'where clause'
===========================================================================================

=== [2009/03/12 12:35:13] =================================================================
filename: /product/product_view.php?p_idx=MAIL_IDX_10

select count(*) from tblRankProduct where 1
and p_idx = MAIL_IDX_10 and rp_rank > 0 and rp_rank <= 10
and date_sub(rp_end_dt, INTERVAL 6 DAY) = rp_start_dt

------------------------------------------------------------------------------------------
1054 : Unknown column 'MAIL_IDX_10' in 'where clause'
===========================================================================================

=== [2009/03/12 12:35:13] =================================================================
filename: /product/product_view.php?p_idx=MAIL_IDX_10

select A.*, B.p_e_idx, B.end_dt, C.shop_name, C.shop_medal, C.shop_url,
ifnull((select rp_rank from tblRankProduct where p_idx=A.p_idx and rp_start_dt = '2009-03-01' and rp_end_dt = '2009-03-07'),10000) as rp_rank,
ifnull((select rp_last_rank from tblRankProduct where p_idx=A.p_idx and rp_start_dt = '2009-03-01' and rp_end_dt = '2009-03-07'),10000) as rp_last_rank,
ifnull((select rp_total_rank from tblRankProduct where p_idx=A.p_idx and rp_start_dt = '2009-03-01' and rp_end_dt = '2009-03-07'),10000) as rp_total_rank,
ifnull((select rp_total_last_rank from tblRankProduct where p_idx=A.p_idx and rp_start_dt = '2009-03-01' and rp_end_dt = '2009-03-07'),10000) as rp_total_last_rank,
ifnull((select rpc_rank from tblRankProduct where p_idx=A.p_idx and rp_start_dt = '2009-03-01' and rp_end_dt = '2009-03-07'),10000) as rpc_rank,
ifnull((select rpc_rank from tblRankProduct where p_idx=A.p_idx and rp_start_dt = '2009-03-01' and rp_end_dt = '2009-03-07'),10000) as best_codi_cnt,
ifnull((select sum(p_u_val) from tblProductUpDown where p_idx=A.p_idx and p_u_reg_dt between B.start_dt and B.end_dt and p_u_val > 0),0) as up_cnt,
ifnull((select abs(sum(p_u_val)) from tblProductUpDown where p_idx=A.p_idx and p_u_reg_dt between B.start_dt and B.end_dt and p_u_val < 0),0) as down_cnt,
ifnull((select count(*) from tblProductComment where p_idx=A.p_idx and p_c_reg_dt between B.start_dt and B.end_dt ),0) as comment_cnt
from tblProduct A, tblProductEach B, tblShop C
where 1
and A.p_idx = B.p_idx and A.shop_idx = C.shop_idx
and A.p_idx = MAIL_IDX_10
and now() between B.start_dt and B.end_dt

------------------------------------------------------------------------------------------
1054 : Unknown column 'MAIL_IDX_10' in 'where clause'
===========================================================================================

=== [2009/03/12 12:35:13] =================================================================
filename: /product/product_view.php?p_idx=MAIL_IDX_10
select A.*, unix_timestamp(A.p_reg_dt) as stamp,B.shop_name, B.shop_medal, B.shop_url from tblProduct A, tblShop B where A.shop_idx = B.shop_idx and A.p_idx = MAIL_IDX_10
------------------------------------------------------------------------------------------
1054 : Unknown column 'MAIL_IDX_10' in 'where clause'
===========================================================================================

=== [2009/03/12 12:35:13] =================================================================
filename: /product/product_view.php?p_idx=MAIL_IDX_10

select A.p_idx, B.p_e_idx, A.p_main_img
from tblProduct A, tblProductEach B
where 1 
and A.p_idx = B.p_idx
and A.p_idx != MAIL_IDX_10
and A.shop_idx = 
and now() between B.start_dt and B.end_dt

------------------------------------------------------------------------------------------
1064 : You have an error in your SQL syntax; check the manual that corresponds to your MySQL server version for the right syntax to use near 'and now() between B.start_dt and B.end_dt' at line 7
===========================================================================================

=== [2009/03/12 16:47:39] =================================================================
filename: /product/product_view.php?p_idx=MAIL_IDX_7
update tblProduct set p_view = p_view + 1 where p_idx = MAIL_IDX_7 
------------------------------------------------------------------------------------------
1054 : Unknown column 'MAIL_IDX_7' in 'where clause'
===========================================================================================

=== [2009/03/12 16:47:39] =================================================================
filename: /product/product_view.php?p_idx=MAIL_IDX_7

select count(*) from tblRankProduct where 1
and p_idx = MAIL_IDX_7 and rp_rank > 0 and rp_rank <= 10
and date_sub(rp_end_dt, INTERVAL 6 DAY) = rp_start_dt

------------------------------------------------------------------------------------------
1054 : Unknown column 'MAIL_IDX_7' in 'where clause'
===========================================================================================

=== [2009/03/12 16:47:39] =================================================================
filename: /product/product_view.php?p_idx=MAIL_IDX_7

select A.*, B.p_e_idx, B.end_dt, C.shop_name, C.shop_medal, C.shop_url,
ifnull((select rp_rank from tblRankProduct where p_idx=A.p_idx and rp_start_dt = '2009-03-01' and rp_end_dt = '2009-03-07'),10000) as rp_rank,
ifnull((select rp_last_rank from tblRankProduct where p_idx=A.p_idx and rp_start_dt = '2009-03-01' and rp_end_dt = '2009-03-07'),10000) as rp_last_rank,
ifnull((select rp_total_rank from tblRankProduct where p_idx=A.p_idx and rp_start_dt = '2009-03-01' and rp_end_dt = '2009-03-07'),10000) as rp_total_rank,
ifnull((select rp_total_last_rank from tblRankProduct where p_idx=A.p_idx and rp_start_dt = '2009-03-01' and rp_end_dt = '2009-03-07'),10000) as rp_total_last_rank,
ifnull((select rpc_rank from tblRankProduct where p_idx=A.p_idx and rp_start_dt = '2009-03-01' and rp_end_dt = '2009-03-07'),10000) as rpc_rank,
ifnull((select rpc_rank from tblRankProduct where p_idx=A.p_idx and rp_start_dt = '2009-03-01' and rp_end_dt = '2009-03-07'),10000) as best_codi_cnt,
ifnull((select sum(p_u_val) from tblProductUpDown where p_idx=A.p_idx and p_u_reg_dt between B.start_dt and B.end_dt and p_u_val > 0),0) as up_cnt,
ifnull((select abs(sum(p_u_val)) from tblProductUpDown where p_idx=A.p_idx and p_u_reg_dt between B.start_dt and B.end_dt and p_u_val < 0),0) as down_cnt,
ifnull((select count(*) from tblProductComment where p_idx=A.p_idx and p_c_reg_dt between B.start_dt and B.end_dt ),0) as comment_cnt
from tblProduct A, tblProductEach B, tblShop C
where 1
and A.p_idx = B.p_idx and A.shop_idx = C.shop_idx
and A.p_idx = MAIL_IDX_7
and now() between B.start_dt and B.end_dt

------------------------------------------------------------------------------------------
1054 : Unknown column 'MAIL_IDX_7' in 'where clause'
===========================================================================================

=== [2009/03/12 16:47:39] =================================================================
filename: /product/product_view.php?p_idx=MAIL_IDX_7
select A.*, unix_timestamp(A.p_reg_dt) as stamp,B.shop_name, B.shop_medal, B.shop_url from tblProduct A, tblShop B where A.shop_idx = B.shop_idx and A.p_idx = MAIL_IDX_7
------------------------------------------------------------------------------------------
1054 : Unknown column 'MAIL_IDX_7' in 'where clause'
===========================================================================================

=== [2009/03/12 16:47:39] =================================================================
filename: /product/product_view.php?p_idx=MAIL_IDX_7

select A.p_idx, B.p_e_idx, A.p_main_img
from tblProduct A, tblProductEach B
where 1 
and A.p_idx = B.p_idx
and A.p_idx != MAIL_IDX_7
and A.shop_idx = 
and now() between B.start_dt and B.end_dt

------------------------------------------------------------------------------------------
1064 : You have an error in your SQL syntax; check the manual that corresponds to your MySQL server version for the right syntax to use near 'and now() between B.start_dt and B.end_dt' at line 7
===========================================================================================

=== [2009/03/12 17:07:42] =================================================================
filename: /product/product_view.php?p_idx=MAIL_IDX_4
update tblProduct set p_view = p_view + 1 where p_idx = MAIL_IDX_4 
------------------------------------------------------------------------------------------
1054 : Unknown column 'MAIL_IDX_4' in 'where clause'
===========================================================================================

=== [2009/03/12 17:07:42] =================================================================
filename: /product/product_view.php?p_idx=MAIL_IDX_4

select count(*) from tblRankProduct where 1
and p_idx = MAIL_IDX_4 and rp_rank > 0 and rp_rank <= 10
and date_sub(rp_end_dt, INTERVAL 6 DAY) = rp_start_dt

------------------------------------------------------------------------------------------
1054 : Unknown column 'MAIL_IDX_4' in 'where clause'
===========================================================================================

=== [2009/03/12 17:07:42] =================================================================
filename: /product/product_view.php?p_idx=MAIL_IDX_4

select A.*, B.p_e_idx, B.end_dt, C.shop_name, C.shop_medal, C.shop_url,
ifnull((select rp_rank from tblRankProduct where p_idx=A.p_idx and rp_start_dt = '2009-03-01' and rp_end_dt = '2009-03-07'),10000) as rp_rank,
ifnull((select rp_last_rank from tblRankProduct where p_idx=A.p_idx and rp_start_dt = '2009-03-01' and rp_end_dt = '2009-03-07'),10000) as rp_last_rank,
ifnull((select rp_total_rank from tblRankProduct where p_idx=A.p_idx and rp_start_dt = '2009-03-01' and rp_end_dt = '2009-03-07'),10000) as rp_total_rank,
ifnull((select rp_total_last_rank from tblRankProduct where p_idx=A.p_idx and rp_start_dt = '2009-03-01' and rp_end_dt = '2009-03-07'),10000) as rp_total_last_rank,
ifnull((select rpc_rank from tblRankProduct where p_idx=A.p_idx and rp_start_dt = '2009-03-01' and rp_end_dt = '2009-03-07'),10000) as rpc_rank,
ifnull((select rpc_rank from tblRankProduct where p_idx=A.p_idx and rp_start_dt = '2009-03-01' and rp_end_dt = '2009-03-07'),10000) as best_codi_cnt,
ifnull((select sum(p_u_val) from tblProductUpDown where p_idx=A.p_idx and p_u_reg_dt between B.start_dt and B.end_dt and p_u_val > 0),0) as up_cnt,
ifnull((select abs(sum(p_u_val)) from tblProductUpDown where p_idx=A.p_idx and p_u_reg_dt between B.start_dt and B.end_dt and p_u_val < 0),0) as down_cnt,
ifnull((select count(*) from tblProductComment where p_idx=A.p_idx and p_c_reg_dt between B.start_dt and B.end_dt ),0) as comment_cnt
from tblProduct A, tblProductEach B, tblShop C
where 1
and A.p_idx = B.p_idx and A.shop_idx = C.shop_idx
and A.p_idx = MAIL_IDX_4
and now() between B.start_dt and B.end_dt

------------------------------------------------------------------------------------------
1054 : Unknown column 'MAIL_IDX_4' in 'where clause'
===========================================================================================

=== [2009/03/12 17:07:42] =================================================================
filename: /product/product_view.php?p_idx=MAIL_IDX_4
select A.*, unix_timestamp(A.p_reg_dt) as stamp,B.shop_name, B.shop_medal, B.shop_url from tblProduct A, tblShop B where A.shop_idx = B.shop_idx and A.p_idx = MAIL_IDX_4
------------------------------------------------------------------------------------------
1054 : Unknown column 'MAIL_IDX_4' in 'where clause'
===========================================================================================

=== [2009/03/12 17:07:42] =================================================================
filename: /product/product_view.php?p_idx=MAIL_IDX_4

select A.p_idx, B.p_e_idx, A.p_main_img
from tblProduct A, tblProductEach B
where 1 
and A.p_idx = B.p_idx
and A.p_idx != MAIL_IDX_4
and A.shop_idx = 
and now() between B.start_dt and B.end_dt

------------------------------------------------------------------------------------------
1064 : You have an error in your SQL syntax; check the manual that corresponds to your MySQL server version for the right syntax to use near 'and now() between B.start_dt and B.end_dt' at line 7
===========================================================================================

=== [2009/03/12 17:47:16] =================================================================
filename: /product/product_view.php?p_idx=MAIL_IDX_6
update tblProduct set p_view = p_view + 1 where p_idx = MAIL_IDX_6 
------------------------------------------------------------------------------------------
1054 : Unknown column 'MAIL_IDX_6' in 'where clause'
===========================================================================================

=== [2009/03/12 17:47:16] =================================================================
filename: /product/product_view.php?p_idx=MAIL_IDX_6

select count(*) from tblRankProduct where 1
and p_idx = MAIL_IDX_6 and rp_rank > 0 and rp_rank <= 10
and date_sub(rp_end_dt, INTERVAL 6 DAY) = rp_start_dt

------------------------------------------------------------------------------------------
1054 : Unknown column 'MAIL_IDX_6' in 'where clause'
===========================================================================================

=== [2009/03/12 17:47:16] =================================================================
filename: /product/product_view.php?p_idx=MAIL_IDX_6

select A.*, B.p_e_idx, B.end_dt, C.shop_name, C.shop_medal, C.shop_url,
ifnull((select rp_rank from tblRankProduct where p_idx=A.p_idx and rp_start_dt = '2009-03-01' and rp_end_dt = '2009-03-07'),10000) as rp_rank,
ifnull((select rp_last_rank from tblRankProduct where p_idx=A.p_idx and rp_start_dt = '2009-03-01' and rp_end_dt = '2009-03-07'),10000) as rp_last_rank,
ifnull((select rp_total_rank from tblRankProduct where p_idx=A.p_idx and rp_start_dt = '2009-03-01' and rp_end_dt = '2009-03-07'),10000) as rp_total_rank,
ifnull((select rp_total_last_rank from tblRankProduct where p_idx=A.p_idx and rp_start_dt = '2009-03-01' and rp_end_dt = '2009-03-07'),10000) as rp_total_last_rank,
ifnull((select rpc_rank from tblRankProduct where p_idx=A.p_idx and rp_start_dt = '2009-03-01' and rp_end_dt = '2009-03-07'),10000) as rpc_rank,
ifnull((select rpc_rank from tblRankProduct where p_idx=A.p_idx and rp_start_dt = '2009-03-01' and rp_end_dt = '2009-03-07'),10000) as best_codi_cnt,
ifnull((select sum(p_u_val) from tblProductUpDown where p_idx=A.p_idx and p_u_reg_dt between B.start_dt and B.end_dt and p_u_val > 0),0) as up_cnt,
ifnull((select abs(sum(p_u_val)) from tblProductUpDown where p_idx=A.p_idx and p_u_reg_dt between B.start_dt and B.end_dt and p_u_val < 0),0) as down_cnt,
ifnull((select count(*) from tblProductComment where p_idx=A.p_idx and p_c_reg_dt between B.start_dt and B.end_dt ),0) as comment_cnt
from tblProduct A, tblProductEach B, tblShop C
where 1
and A.p_idx = B.p_idx and A.shop_idx = C.shop_idx
and A.p_idx = MAIL_IDX_6
and now() between B.start_dt and B.end_dt

------------------------------------------------------------------------------------------
1054 : Unknown column 'MAIL_IDX_6' in 'where clause'
===========================================================================================

=== [2009/03/12 17:47:16] =================================================================
filename: /product/product_view.php?p_idx=MAIL_IDX_6
select A.*, unix_timestamp(A.p_reg_dt) as stamp,B.shop_name, B.shop_medal, B.shop_url from tblProduct A, tblShop B where A.shop_idx = B.shop_idx and A.p_idx = MAIL_IDX_6
------------------------------------------------------------------------------------------
1054 : Unknown column 'MAIL_IDX_6' in 'where clause'
===========================================================================================

=== [2009/03/12 17:47:16] =================================================================
filename: /product/product_view.php?p_idx=MAIL_IDX_6

select A.p_idx, B.p_e_idx, A.p_main_img
from tblProduct A, tblProductEach B
where 1 
and A.p_idx = B.p_idx
and A.p_idx != MAIL_IDX_6
and A.shop_idx = 
and now() between B.start_dt and B.end_dt

------------------------------------------------------------------------------------------
1064 : You have an error in your SQL syntax; check the manual that corresponds to your MySQL server version for the right syntax to use near 'and now() between B.start_dt and B.end_dt' at line 7
===========================================================================================

=== [2009/03/12 19:22:36] =================================================================
filename: /product/product_view.php?p_idx=MAIL_IDX_2
update tblProduct set p_view = p_view + 1 where p_idx = MAIL_IDX_2 
------------------------------------------------------------------------------------------
1054 : Unknown column 'MAIL_IDX_2' in 'where clause'
===========================================================================================

=== [2009/03/12 19:22:36] =================================================================
filename: /product/product_view.php?p_idx=MAIL_IDX_2

select count(*) from tblRankProduct where 1
and p_idx = MAIL_IDX_2 and rp_rank > 0 and rp_rank <= 10
and date_sub(rp_end_dt, INTERVAL 6 DAY) = rp_start_dt

------------------------------------------------------------------------------------------
1054 : Unknown column 'MAIL_IDX_2' in 'where clause'
===========================================================================================

=== [2009/03/12 19:22:36] =================================================================
filename: /product/product_view.php?p_idx=MAIL_IDX_2

select A.*, B.p_e_idx, B.end_dt, C.shop_name, C.shop_medal, C.shop_url,
ifnull((select rp_rank from tblRankProduct where p_idx=A.p_idx and rp_start_dt = '2009-03-01' and rp_end_dt = '2009-03-07'),10000) as rp_rank,
ifnull((select rp_last_rank from tblRankProduct where p_idx=A.p_idx and rp_start_dt = '2009-03-01' and rp_end_dt = '2009-03-07'),10000) as rp_last_rank,
ifnull((select rp_total_rank from tblRankProduct where p_idx=A.p_idx and rp_start_dt = '2009-03-01' and rp_end_dt = '2009-03-07'),10000) as rp_total_rank,
ifnull((select rp_total_last_rank from tblRankProduct where p_idx=A.p_idx and rp_start_dt = '2009-03-01' and rp_end_dt = '2009-03-07'),10000) as rp_total_last_rank,
ifnull((select rpc_rank from tblRankProduct where p_idx=A.p_idx and rp_start_dt = '2009-03-01' and rp_end_dt = '2009-03-07'),10000) as rpc_rank,
ifnull((select rpc_rank from tblRankProduct where p_idx=A.p_idx and rp_start_dt = '2009-03-01' and rp_end_dt = '2009-03-07'),10000) as best_codi_cnt,
ifnull((select sum(p_u_val) from tblProductUpDown where p_idx=A.p_idx and p_u_reg_dt between B.start_dt and B.end_dt and p_u_val > 0),0) as up_cnt,
ifnull((select abs(sum(p_u_val)) from tblProductUpDown where p_idx=A.p_idx and p_u_reg_dt between B.start_dt and B.end_dt and p_u_val < 0),0) as down_cnt,
ifnull((select count(*) from tblProductComment where p_idx=A.p_idx and p_c_reg_dt between B.start_dt and B.end_dt ),0) as comment_cnt
from tblProduct A, tblProductEach B, tblShop C
where 1
and A.p_idx = B.p_idx and A.shop_idx = C.shop_idx
and A.p_idx = MAIL_IDX_2
and now() between B.start_dt and B.end_dt

------------------------------------------------------------------------------------------
1054 : Unknown column 'MAIL_IDX_2' in 'where clause'
===========================================================================================

=== [2009/03/12 19:22:36] =================================================================
filename: /product/product_view.php?p_idx=MAIL_IDX_2
select A.*, unix_timestamp(A.p_reg_dt) as stamp,B.shop_name, B.shop_medal, B.shop_url from tblProduct A, tblShop B where A.shop_idx = B.shop_idx and A.p_idx = MAIL_IDX_2
------------------------------------------------------------------------------------------
1054 : Unknown column 'MAIL_IDX_2' in 'where clause'
===========================================================================================

=== [2009/03/12 19:22:36] =================================================================
filename: /product/product_view.php?p_idx=MAIL_IDX_2

select A.p_idx, B.p_e_idx, A.p_main_img
from tblProduct A, tblProductEach B
where 1 
and A.p_idx = B.p_idx
and A.p_idx != MAIL_IDX_2
and A.shop_idx = 
and now() between B.start_dt and B.end_dt

------------------------------------------------------------------------------------------
1064 : You have an error in your SQL syntax; check the manual that corresponds to your MySQL server version for the right syntax to use near 'and now() between B.start_dt and B.end_dt' at line 7
===========================================================================================

=== [2009/03/12 21:13:42] =================================================================
filename: /product/product_view.php?p_idx=MAIL_IDX_9
update tblProduct set p_view = p_view + 1 where p_idx = MAIL_IDX_9 
------------------------------------------------------------------------------------------
1054 : Unknown column 'MAIL_IDX_9' in 'where clause'
===========================================================================================

=== [2009/03/12 21:13:42] =================================================================
filename: /product/product_view.php?p_idx=MAIL_IDX_9

select count(*) from tblRankProduct where 1
and p_idx = MAIL_IDX_9 and rp_rank > 0 and rp_rank <= 10
and date_sub(rp_end_dt, INTERVAL 6 DAY) = rp_start_dt

------------------------------------------------------------------------------------------
1054 : Unknown column 'MAIL_IDX_9' in 'where clause'
===========================================================================================

=== [2009/03/12 21:13:42] =================================================================
filename: /product/product_view.php?p_idx=MAIL_IDX_9

select A.*, B.p_e_idx, B.end_dt, C.shop_name, C.shop_medal, C.shop_url,
ifnull((select rp_rank from tblRankProduct where p_idx=A.p_idx and rp_start_dt = '2009-03-01' and rp_end_dt = '2009-03-07'),10000) as rp_rank,
ifnull((select rp_last_rank from tblRankProduct where p_idx=A.p_idx and rp_start_dt = '2009-03-01' and rp_end_dt = '2009-03-07'),10000) as rp_last_rank,
ifnull((select rp_total_rank from tblRankProduct where p_idx=A.p_idx and rp_start_dt = '2009-03-01' and rp_end_dt = '2009-03-07'),10000) as rp_total_rank,
ifnull((select rp_total_last_rank from tblRankProduct where p_idx=A.p_idx and rp_start_dt = '2009-03-01' and rp_end_dt = '2009-03-07'),10000) as rp_total_last_rank,
ifnull((select rpc_rank from tblRankProduct where p_idx=A.p_idx and rp_start_dt = '2009-03-01' and rp_end_dt = '2009-03-07'),10000) as rpc_rank,
ifnull((select rpc_rank from tblRankProduct where p_idx=A.p_idx and rp_start_dt = '2009-03-01' and rp_end_dt = '2009-03-07'),10000) as best_codi_cnt,
ifnull((select sum(p_u_val) from tblProductUpDown where p_idx=A.p_idx and p_u_reg_dt between B.start_dt and B.end_dt and p_u_val > 0),0) as up_cnt,
ifnull((select abs(sum(p_u_val)) from tblProductUpDown where p_idx=A.p_idx and p_u_reg_dt between B.start_dt and B.end_dt and p_u_val < 0),0) as down_cnt,
ifnull((select count(*) from tblProductComment where p_idx=A.p_idx and p_c_reg_dt between B.start_dt and B.end_dt ),0) as comment_cnt
from tblProduct A, tblProductEach B, tblShop C
where 1
and A.p_idx = B.p_idx and A.shop_idx = C.shop_idx
and A.p_idx = MAIL_IDX_9
and now() between B.start_dt and B.end_dt

------------------------------------------------------------------------------------------
1054 : Unknown column 'MAIL_IDX_9' in 'where clause'
===========================================================================================

=== [2009/03/12 21:13:42] =================================================================
filename: /product/product_view.php?p_idx=MAIL_IDX_9
select A.*, unix_timestamp(A.p_reg_dt) as stamp,B.shop_name, B.shop_medal, B.shop_url from tblProduct A, tblShop B where A.shop_idx = B.shop_idx and A.p_idx = MAIL_IDX_9
------------------------------------------------------------------------------------------
1054 : Unknown column 'MAIL_IDX_9' in 'where clause'
===========================================================================================

=== [2009/03/12 21:13:42] =================================================================
filename: /product/product_view.php?p_idx=MAIL_IDX_9

select A.p_idx, B.p_e_idx, A.p_main_img
from tblProduct A, tblProductEach B
where 1 
and A.p_idx = B.p_idx
and A.p_idx != MAIL_IDX_9
and A.shop_idx = 
and now() between B.start_dt and B.end_dt

------------------------------------------------------------------------------------------
1064 : You have an error in your SQL syntax; check the manual that corresponds to your MySQL server version for the right syntax to use near 'and now() between B.start_dt and B.end_dt' at line 7
===========================================================================================

=== [2009/03/12 22:33:30] =================================================================
filename: /product/product_view.php?p_idx=MAIL_IDX_8
update tblProduct set p_view = p_view + 1 where p_idx = MAIL_IDX_8 
------------------------------------------------------------------------------------------
1054 : Unknown column 'MAIL_IDX_8' in 'where clause'
===========================================================================================

=== [2009/03/12 22:33:30] =================================================================
filename: /product/product_view.php?p_idx=MAIL_IDX_8

select count(*) from tblRankProduct where 1
and p_idx = MAIL_IDX_8 and rp_rank > 0 and rp_rank <= 10
and date_sub(rp_end_dt, INTERVAL 6 DAY) = rp_start_dt

------------------------------------------------------------------------------------------
1054 : Unknown column 'MAIL_IDX_8' in 'where clause'
===========================================================================================

=== [2009/03/12 22:33:30] =================================================================
filename: /product/product_view.php?p_idx=MAIL_IDX_8

select A.*, B.p_e_idx, B.end_dt, C.shop_name, C.shop_medal, C.shop_url,
ifnull((select rp_rank from tblRankProduct where p_idx=A.p_idx and rp_start_dt = '2009-03-01' and rp_end_dt = '2009-03-07'),10000) as rp_rank,
ifnull((select rp_last_rank from tblRankProduct where p_idx=A.p_idx and rp_start_dt = '2009-03-01' and rp_end_dt = '2009-03-07'),10000) as rp_last_rank,
ifnull((select rp_total_rank from tblRankProduct where p_idx=A.p_idx and rp_start_dt = '2009-03-01' and rp_end_dt = '2009-03-07'),10000) as rp_total_rank,
ifnull((select rp_total_last_rank from tblRankProduct where p_idx=A.p_idx and rp_start_dt = '2009-03-01' and rp_end_dt = '2009-03-07'),10000) as rp_total_last_rank,
ifnull((select rpc_rank from tblRankProduct where p_idx=A.p_idx and rp_start_dt = '2009-03-01' and rp_end_dt = '2009-03-07'),10000) as rpc_rank,
ifnull((select rpc_rank from tblRankProduct where p_idx=A.p_idx and rp_start_dt = '2009-03-01' and rp_end_dt = '2009-03-07'),10000) as best_codi_cnt,
ifnull((select sum(p_u_val) from tblProductUpDown where p_idx=A.p_idx and p_u_reg_dt between B.start_dt and B.end_dt and p_u_val > 0),0) as up_cnt,
ifnull((select abs(sum(p_u_val)) from tblProductUpDown where p_idx=A.p_idx and p_u_reg_dt between B.start_dt and B.end_dt and p_u_val < 0),0) as down_cnt,
ifnull((select count(*) from tblProductComment where p_idx=A.p_idx and p_c_reg_dt between B.start_dt and B.end_dt ),0) as comment_cnt
from tblProduct A, tblProductEach B, tblShop C
where 1
and A.p_idx = B.p_idx and A.shop_idx = C.shop_idx
and A.p_idx = MAIL_IDX_8
and now() between B.start_dt and B.end_dt

------------------------------------------------------------------------------------------
1054 : Unknown column 'MAIL_IDX_8' in 'where clause'
===========================================================================================

=== [2009/03/12 22:33:30] =================================================================
filename: /product/product_view.php?p_idx=MAIL_IDX_8
select A.*, unix_timestamp(A.p_reg_dt) as stamp,B.shop_name, B.shop_medal, B.shop_url from tblProduct A, tblShop B where A.shop_idx = B.shop_idx and A.p_idx = MAIL_IDX_8
------------------------------------------------------------------------------------------
1054 : Unknown column 'MAIL_IDX_8' in 'where clause'
===========================================================================================

=== [2009/03/12 22:33:30] =================================================================
filename: /product/product_view.php?p_idx=MAIL_IDX_8

select A.p_idx, B.p_e_idx, A.p_main_img
from tblProduct A, tblProductEach B
where 1 
and A.p_idx = B.p_idx
and A.p_idx != MAIL_IDX_8
and A.shop_idx = 
and now() between B.start_dt and B.end_dt

------------------------------------------------------------------------------------------
1064 : You have an error in your SQL syntax; check the manual that corresponds to your MySQL server version for the right syntax to use near 'and now() between B.start_dt and B.end_dt' at line 7
===========================================================================================

