=== [2009/07/14 11:28:06] =================================================================
filename: /product/visit_proc.php
select count(*) from tblProductVisit where p_e_idx =  and p_v_ip = '58.236.98.28' and unix_timestamp() - unix_timestamp(p_v_reg_dt) < 3600 
------------------------------------------------------------------------------------------
1064 : You have an error in your SQL syntax; check the manual that corresponds to your MySQL server version for the right syntax to use near 'and p_v_ip = '58.236.98.28' and unix_timestamp() - unix_timestamp(p_v_reg_dt) < ' at line 1
===========================================================================================

=== [2009/07/14 11:28:06] =================================================================
filename: /product/visit_proc.php
select count(*) from tblProductVisit where p_e_idx =  
------------------------------------------------------------------------------------------
1064 : You have an error in your SQL syntax; check the manual that corresponds to your MySQL server version for the right syntax to use near '' at line 1
===========================================================================================

=== [2009/07/14 11:28:06] =================================================================
filename: /product/visit_proc.php
insert into tblProductVisit (p_idx, p_e_idx, mem_id, p_v_ip, p_v_reg_dt) values (30, , 'anonymous', '58.236.98.28', now()) 
------------------------------------------------------------------------------------------
1064 : You have an error in your SQL syntax; check the manual that corresponds to your MySQL server version for the right syntax to use near ' 'anonymous', '58.236.98.28', now())' at line 1
===========================================================================================

=== [2009/07/14 11:28:55] =================================================================
filename: /product/visit_proc.php
select count(*) from tblProductVisit where p_e_idx =  and p_v_ip = '58.236.98.28' and unix_timestamp() - unix_timestamp(p_v_reg_dt) < 3600 
------------------------------------------------------------------------------------------
1064 : You have an error in your SQL syntax; check the manual that corresponds to your MySQL server version for the right syntax to use near 'and p_v_ip = '58.236.98.28' and unix_timestamp() - unix_timestamp(p_v_reg_dt) < ' at line 1
===========================================================================================

=== [2009/07/14 11:28:55] =================================================================
filename: /product/visit_proc.php
select count(*) from tblProductVisit where p_e_idx =  
------------------------------------------------------------------------------------------
1064 : You have an error in your SQL syntax; check the manual that corresponds to your MySQL server version for the right syntax to use near '' at line 1
===========================================================================================

=== [2009/07/14 11:28:55] =================================================================
filename: /product/visit_proc.php
insert into tblProductVisit (p_idx, p_e_idx, mem_id, p_v_ip, p_v_reg_dt) values (27, , 'anonymous', '58.236.98.28', now()) 
------------------------------------------------------------------------------------------
1064 : You have an error in your SQL syntax; check the manual that corresponds to your MySQL server version for the right syntax to use near ' 'anonymous', '58.236.98.28', now())' at line 1
===========================================================================================

=== [2009/07/14 11:31:06] =================================================================
filename: /product/visit_proc.php
select count(*) from tblProductVisit where p_e_idx =  and p_v_ip = '58.236.98.28' and unix_timestamp() - unix_timestamp(p_v_reg_dt) < 3600 
------------------------------------------------------------------------------------------
1064 : You have an error in your SQL syntax; check the manual that corresponds to your MySQL server version for the right syntax to use near 'and p_v_ip = '58.236.98.28' and unix_timestamp() - unix_timestamp(p_v_reg_dt) < ' at line 1
===========================================================================================

=== [2009/07/14 11:31:06] =================================================================
filename: /product/visit_proc.php
select count(*) from tblProductVisit where p_e_idx =  
------------------------------------------------------------------------------------------
1064 : You have an error in your SQL syntax; check the manual that corresponds to your MySQL server version for the right syntax to use near '' at line 1
===========================================================================================

=== [2009/07/14 11:31:06] =================================================================
filename: /product/visit_proc.php
insert into tblProductVisit (p_idx, p_e_idx, mem_id, p_v_ip, p_v_reg_dt) values (29, , 'anonymous', '58.236.98.28', now()) 
------------------------------------------------------------------------------------------
1064 : You have an error in your SQL syntax; check the manual that corresponds to your MySQL server version for the right syntax to use near ' 'anonymous', '58.236.98.28', now())' at line 1
===========================================================================================

