=== [2009/04/18 08:21:31] =================================================================
filename: /mypage/pop_codi_view.php

	select *,
	(select start_dt from tblProductEach where p_idx = tblProduct.p_idx order by p_e_idx asc limit 1) as start_dt,
	(select end_dt from tblProductEach where p_idx = tblProduct.p_idx order by p_e_idx desc limit 1) as end_dt,
	(select count(*) from tblProductUpDown where p_idx = tblProduct.p_idx and p_u_val = 1) as up,
	(select count(*) from tblProductUpDown where p_idx = tblProduct.p_idx and p_u_val = -1) as down,
	(select count(*) from tblProductComment where p_idx = tblProduct.p_idx) as comment_cnt,
	(select count(*) from tblProductVisit where p_idx = tblProduct.p_idx) as visit
	from tblProduct
	where p_idx = 
	
------------------------------------------------------------------------------------------
1064 : You have an error in your SQL syntax; check the manual that corresponds to your MySQL server version for the right syntax to use near '' at line 9
===========================================================================================

=== [2009/04/18 08:21:31] =================================================================
filename: /mypage/pop_codi_view.php
select count(DISTINCT(p_v_ip)) from tblProductVisit  where 1 and p_idx =   
------------------------------------------------------------------------------------------
1064 : You have an error in your SQL syntax; check the manual that corresponds to your MySQL server version for the right syntax to use near '' at line 1
===========================================================================================

=== [2009/04/18 08:21:31] =================================================================
filename: /mypage/pop_codi_view.php
SELECT p_v_ip, min(p_v_reg_dt) as first, max(p_v_reg_dt) as last, count(*) AS cnt FROM tblProductVisit  where 1 and p_idx =   GROUP BY p_v_ip limit 1, 10
------------------------------------------------------------------------------------------
1064 : You have an error in your SQL syntax; check the manual that corresponds to your MySQL server version for the right syntax to use near 'GROUP BY p_v_ip limit 1, 10' at line 1
===========================================================================================

=== [2009/04/18 08:21:35] =================================================================
filename: /product/product_view.php?p_idx=
update tblProduct set p_view = p_view + 1 where p_idx =  
------------------------------------------------------------------------------------------
1064 : You have an error in your SQL syntax; check the manual that corresponds to your MySQL server version for the right syntax to use near '' at line 1
===========================================================================================

=== [2009/04/18 08:21:35] =================================================================
filename: /product/product_view.php?p_idx=

select count(*) from tblRankProduct where 1
and p_idx =  and rp_rank > 0 and rp_rank <= 10
and date_sub(rp_end_dt, INTERVAL 6 DAY) = rp_start_dt

------------------------------------------------------------------------------------------
1064 : You have an error in your SQL syntax; check the manual that corresponds to your MySQL server version for the right syntax to use near 'and rp_rank > 0 and rp_rank <= 10
and date_sub(rp_end_dt, INTERVAL 6 DAY) = rp_s' at line 2
===========================================================================================

=== [2009/04/18 08:21:35] =================================================================
filename: /product/product_view.php?p_idx=

select A.*, B.p_e_idx, B.end_dt, C.shop_name, C.shop_medal, C.shop_url,
ifnull((select rp_rank from tblRankProduct where p_idx=A.p_idx and rp_start_dt = '2009-04-05' and rp_end_dt = '2009-04-11'),10000) as rp_rank,
ifnull((select rp_last_rank from tblRankProduct where p_idx=A.p_idx and rp_start_dt = '2009-04-05' and rp_end_dt = '2009-04-11'),10000) as rp_last_rank,
ifnull((select rp_total_rank from tblRankProduct where p_idx=A.p_idx and rp_start_dt = '2009-04-05' and rp_end_dt = '2009-04-11'),10000) as rp_total_rank,
ifnull((select rp_total_last_rank from tblRankProduct where p_idx=A.p_idx and rp_start_dt = '2009-04-05' and rp_end_dt = '2009-04-11'),10000) as rp_total_last_rank,
ifnull((select rpc_rank from tblRankProduct where p_idx=A.p_idx and rp_start_dt = '2009-04-05' and rp_end_dt = '2009-04-11'),10000) as rpc_rank,
ifnull((select rpc_rank from tblRankProduct where p_idx=A.p_idx and rp_start_dt = '2009-04-05' and rp_end_dt = '2009-04-11'),10000) as best_codi_cnt,
ifnull((select sum(p_u_val) from tblProductUpDown where p_idx=A.p_idx and p_u_reg_dt between B.start_dt and B.end_dt and p_u_val > 0),0) as up_cnt,
ifnull((select abs(sum(p_u_val)) from tblProductUpDown where p_idx=A.p_idx and p_u_reg_dt between B.start_dt and B.end_dt and p_u_val < 0),0) as down_cnt,
ifnull((select count(*) from tblProductComment where p_idx=A.p_idx and p_c_reg_dt between B.start_dt and B.end_dt ),0) as comment_cnt
from tblProduct A, tblProductEach B, tblShop C
where 1
and A.p_idx = B.p_idx and A.shop_idx = C.shop_idx
and A.p_idx = 
and now() between B.start_dt and B.end_dt

------------------------------------------------------------------------------------------
1064 : You have an error in your SQL syntax; check the manual that corresponds to your MySQL server version for the right syntax to use near 'and now() between B.start_dt and B.end_dt' at line 15
===========================================================================================

=== [2009/04/18 08:21:35] =================================================================
filename: /product/product_view.php?p_idx=
select A.*, unix_timestamp(A.p_reg_dt) as stamp,B.shop_name, B.shop_medal, B.shop_url from tblProduct A, tblShop B where A.shop_idx = B.shop_idx and A.p_idx = 
------------------------------------------------------------------------------------------
1064 : You have an error in your SQL syntax; check the manual that corresponds to your MySQL server version for the right syntax to use near '' at line 1
===========================================================================================

=== [2009/04/18 08:21:35] =================================================================
filename: /product/product_view.php?p_idx=
select p_e_idx from tblProductEach where p_idx =  order by p_e_idx desc limit 1 
------------------------------------------------------------------------------------------
1064 : You have an error in your SQL syntax; check the manual that corresponds to your MySQL server version for the right syntax to use near 'order by p_e_idx desc limit 1' at line 1
===========================================================================================

=== [2009/04/18 08:21:35] =================================================================
filename: /product/product_view.php?p_idx=

select A.p_idx, B.p_e_idx, A.p_main_img
from tblProduct A, tblProductEach B
where 1 
and A.p_idx = B.p_idx
and A.p_idx != 
and A.shop_idx = 
and now() between B.start_dt and B.end_dt

------------------------------------------------------------------------------------------
1064 : You have an error in your SQL syntax; check the manual that corresponds to your MySQL server version for the right syntax to use near 'and A.shop_idx = 
and now() between B.start_dt and B.end_dt' at line 6
===========================================================================================

