=== [2009/02/16 12:00:47] =================================================================
filename: /mypage/history.php
select count(*) from tblGiftTracking where user_mem_id = 'subin' and gt_reg_dt = ststus_reg_dt 
------------------------------------------------------------------------------------------
1054 : Unknown column 'ststus_reg_dt' in 'where clause'
===========================================================================================

=== [2009/02/16 12:01:53] =================================================================
filename: /member/login_ok.php
select count(*) from tblGiftTracking where user_mem_id = 'sangmi' and gt_reg_dt = ststus_reg_dt 
------------------------------------------------------------------------------------------
1054 : Unknown column 'ststus_reg_dt' in 'where clause'
===========================================================================================

=== [2009/02/16 12:02:24] =================================================================
filename: /member/login_ok.php
select count(*) from tblGiftTracking where user_mem_id = 'kimmm' and gt_reg_dt = ststus_reg_dt 
------------------------------------------------------------------------------------------
1054 : Unknown column 'ststus_reg_dt' in 'where clause'
===========================================================================================

=== [2009/02/16 12:03:13] =================================================================
filename: /member/login_ok.php
select count(*) from tblGiftTracking where user_mem_id = 'muuu' and gt_reg_dt = ststus_reg_dt 
------------------------------------------------------------------------------------------
1054 : Unknown column 'ststus_reg_dt' in 'where clause'
===========================================================================================

=== [2009/02/16 17:08:27] =================================================================
filename: /product/product_view.php?p_idx=0

select A.p_idx, B.p_e_idx, A.p_main_img
from tblProduct A, tblProductEach B
where 1 
and A.p_idx = B.p_idx
and A.p_idx != 0
and A.shop_idx = 
and now() between B.start_dt and B.end_dt

------------------------------------------------------------------------------------------
1064 : You have an error in your SQL syntax; check the manual that corresponds to your MySQL server version for the right syntax to use near 'and now() between B.start_dt and B.end_dt' at line 7
===========================================================================================

=== [2009/02/16 17:08:27] =================================================================
filename: /product/ajax_product_gift_tracking.php?p_idx=0&pe_idx=&shop_idx=&giftpage=1
SELECT count(*) FROM tblProduct A, tblProductEach B  where 1 and A.p_idx = B.p_idx and A.shop_idx =  and B.end_dt < '2009-02-15 00:50:00'  
------------------------------------------------------------------------------------------
1064 : You have an error in your SQL syntax; check the manual that corresponds to your MySQL server version for the right syntax to use near 'and B.end_dt < '2009-02-15 00:50:00'' at line 1
===========================================================================================

=== [2009/02/16 17:08:27] =================================================================
filename: /product/ajax_product_gift_tracking.php?p_idx=0&pe_idx=&shop_idx=&giftpage=1

SELECT A.p_idx, A.p_title, A.p_main_img, A.p_gift, A.p_top10_num, B.p_e_idx, B.end_dt
FROM tblProduct A, tblProductEach B
 where 1 and A.p_idx = B.p_idx and A.shop_idx =  and B.end_dt < '2009-02-15 00:50:00'  
 order by B.end_dt desc  limit 1, 10 

------------------------------------------------------------------------------------------
1064 : You have an error in your SQL syntax; check the manual that corresponds to your MySQL server version for the right syntax to use near 'and B.end_dt < '2009-02-15 00:50:00'  
 order by B.end_dt desc  limit 1, 10' at line 3
===========================================================================================

=== [2009/02/16 17:12:04] =================================================================
filename: /product/product_view.php?p_idx=<?=22?>
update tblProduct set p_view = p_view + 1 where p_idx = <?=22?> 
------------------------------------------------------------------------------------------
1064 : You have an error in your SQL syntax; check the manual that corresponds to your MySQL server version for the right syntax to use near '<?=22?>' at line 1
===========================================================================================

=== [2009/02/16 17:12:04] =================================================================
filename: /product/product_view.php?p_idx=<?=22?>

select count(*) from tblRankProduct where 1
and p_idx = <?=22?> and rp_rank > 0 and rp_rank <= 10
and date_sub(rp_end_dt, INTERVAL 6 DAY) = rp_start_dt

------------------------------------------------------------------------------------------
1064 : You have an error in your SQL syntax; check the manual that corresponds to your MySQL server version for the right syntax to use near '<?=22?> and rp_rank > 0 and rp_rank <= 10
and date_sub(rp_end_dt, INTERVAL 6 DAY' at line 2
===========================================================================================

=== [2009/02/16 17:12:04] =================================================================
filename: /product/product_view.php?p_idx=<?=22?>

select A.*, B.p_e_idx, B.end_dt, C.shop_name, C.shop_medal, C.shop_url,
ifnull((select rp_rank from tblRankProduct where p_idx=A.p_idx and rp_start_dt = '2009-02-08' and rp_end_dt = '2009-02-14'),10000) as rp_rank,
ifnull((select rp_last_rank from tblRankProduct where p_idx=A.p_idx and rp_start_dt = '2009-02-08' and rp_end_dt = '2009-02-14'),10000) as rp_last_rank,
ifnull((select rp_total_rank from tblRankProduct where p_idx=A.p_idx and rp_start_dt = '2009-02-08' and rp_end_dt = '2009-02-14'),10000) as rp_total_rank,
ifnull((select rp_total_last_rank from tblRankProduct where p_idx=A.p_idx and rp_start_dt = '2009-02-08' and rp_end_dt = '2009-02-14'),10000) as rp_total_last_rank,
ifnull((select rpc_rank from tblRankProduct where p_idx=A.p_idx and rp_start_dt = '2009-02-08' and rp_end_dt = '2009-02-14'),10000) as rpc_rank,
ifnull((select rpc_rank from tblRankProduct where p_idx=A.p_idx and rp_start_dt = '2009-02-08' and rp_end_dt = '2009-02-14'),10000) as best_codi_cnt,
ifnull((select sum(p_u_val) from tblProductUpDown where p_idx=A.p_idx and p_u_reg_dt between B.start_dt and B.end_dt and p_u_val > 0),0) as up_cnt,
ifnull((select abs(sum(p_u_val)) from tblProductUpDown where p_idx=A.p_idx and p_u_reg_dt between B.start_dt and B.end_dt and p_u_val < 0),0) as down_cnt,
ifnull((select count(*) from tblProductComment where p_idx=A.p_idx and p_c_reg_dt between B.start_dt and B.end_dt ),0) as comment_cnt
from tblProduct A, tblProductEach B, tblShop C
where 1
and A.p_idx = B.p_idx and A.shop_idx = C.shop_idx
and A.p_idx = <?=22?>
and now() between B.start_dt and B.end_dt

------------------------------------------------------------------------------------------
1064 : You have an error in your SQL syntax; check the manual that corresponds to your MySQL server version for the right syntax to use near '<?=22?>
and now() between B.start_dt and B.end_dt' at line 14
===========================================================================================

=== [2009/02/16 17:12:04] =================================================================
filename: /product/product_view.php?p_idx=<?=22?>
select A.*, unix_timestamp(A.p_reg_dt) as stamp,B.shop_name, B.shop_medal, B.shop_url from tblProduct A, tblShop B where A.shop_idx = B.shop_idx and A.p_idx = <?=22?>
------------------------------------------------------------------------------------------
1064 : You have an error in your SQL syntax; check the manual that corresponds to your MySQL server version for the right syntax to use near '<?=22?>' at line 1
===========================================================================================

=== [2009/02/16 17:12:04] =================================================================
filename: /product/product_view.php?p_idx=<?=22?>

select A.p_idx, B.p_e_idx, A.p_main_img
from tblProduct A, tblProductEach B
where 1 
and A.p_idx = B.p_idx
and A.p_idx != <?=22?>
and A.shop_idx = 
and now() between B.start_dt and B.end_dt

------------------------------------------------------------------------------------------
1064 : You have an error in your SQL syntax; check the manual that corresponds to your MySQL server version for the right syntax to use near '<?=22?>
and A.shop_idx = 
and now() between B.start_dt and B.end_dt' at line 5
===========================================================================================

=== [2009/02/16 17:12:04] =================================================================
filename: /product/product_view.php?p_idx=<?=22?>
select A.p_idx from tblProduct A, tblProductEach B where A.p_idx = B.p_idx and A.p_idx < <?=22?> and unix_timestamp() between unix_timestamp(B.start_dt) and unix_timestamp(B.end_dt) order by A.p_idx desc limit 1 
------------------------------------------------------------------------------------------
1064 : You have an error in your SQL syntax; check the manual that corresponds to your MySQL server version for the right syntax to use near '<?=22?> and unix_timestamp() between unix_timestamp(B.start_dt) and unix_timesta' at line 1
===========================================================================================

=== [2009/02/16 17:12:04] =================================================================
filename: /product/product_view.php?p_idx=<?=22?>
select A.p_idx from tblProduct A, tblProductEach B where A.p_idx = B.p_idx and A.p_idx > <?=22?> and unix_timestamp() between unix_timestamp(B.start_dt) and unix_timestamp(B.end_dt) order by A.p_idx asc limit 1 
------------------------------------------------------------------------------------------
1064 : You have an error in your SQL syntax; check the manual that corresponds to your MySQL server version for the right syntax to use near '<?=22?> and unix_timestamp() between unix_timestamp(B.start_dt) and unix_timesta' at line 1
===========================================================================================

=== [2009/02/16 17:12:04] =================================================================
filename: /product/ajax_product_comment.php?p_idx=<?=22?>&pe_idx=&page=1&rurl=XElDXQERBBwWQUpYVkJREDhHW1xAH0JfFFsWNhwMAktfU1ZISlRdVRhUXVxAOwsGUQ==&updown_yn=&active=N

select count(*)
from tblProductComment A, tblProduct B, tblMember C, tblProductEach D
where 1
and A.p_idx = B.p_idx 
and A.p_e_idx = D.p_e_idx 
and A.mem_id = C.mem_id 
and B.p_idx = <?=22?> 
and A.p_c_status = 'Y'

------------------------------------------------------------------------------------------
1064 : You have an error in your SQL syntax; check the manual that corresponds to your MySQL server version for the right syntax to use near '<?=22?> 
and A.p_c_status = 'Y'' at line 7
===========================================================================================

=== [2009/02/16 17:12:04] =================================================================
filename: /product/ajax_product_comment.php?p_idx=<?=22?>&pe_idx=&page=1&rurl=XElDXQERBBwWQUpYVkJREDhHW1xAH0JfFFsWNhwMAktfU1ZISlRdVRhUXVxAOwsGUQ==&updown_yn=&active=N

select A.p_c_idx, A.p_c_comment, A.p_c_reg_dt, C.mem_id, C.mem_name,
ifnull((select p_u_val from tblProductUpDown where p_e_idx=D.p_e_idx and mem_id=C.mem_id and p_u_reg_dt=A.p_c_reg_dt),0) as p_u_val
from tblProductComment A, tblProduct B, tblMember C, tblProductEach D
where 1
and A.p_idx = B.p_idx 
and A.p_e_idx = D.p_e_idx 
and A.mem_id = C.mem_id 
and B.p_idx = <?=22?> 
and A.p_c_status = 'Y'
 order by A.p_c_reg_dt desc  limit 1, 10 

------------------------------------------------------------------------------------------
1064 : You have an error in your SQL syntax; check the manual that corresponds to your MySQL server version for the right syntax to use near '<?=22?> 
and A.p_c_status = 'Y'
 order by A.p_c_reg_dt desc  limit 1, 10' at line 8
===========================================================================================

=== [2009/02/16 17:12:04] =================================================================
filename: /product/ajax_product_gift_after.php?p_idx=<?=22?>&pe_idx=&giftafterpage=1

SELECT count(*)
FROM tblProduct A, tblProductEach B, tblGiftTracking C
WHERE 1
AND A.p_idx = B.p_idx
AND B.p_e_idx = C.p_e_idx
AND A.p_idx = <?=22?>
AND C.gt_comment is not NULL

------------------------------------------------------------------------------------------
1064 : You have an error in your SQL syntax; check the manual that corresponds to your MySQL server version for the right syntax to use near '<?=22?>
AND C.gt_comment is not NULL' at line 6
===========================================================================================

=== [2009/02/16 17:12:04] =================================================================
filename: /product/ajax_product_gift_after.php?p_idx=<?=22?>&pe_idx=&giftafterpage=1

SELECT A.p_idx, B.p_e_idx, C.user_mem_id, C.status_reg_dt, C.gt_comment
FROM tblProduct A, tblProductEach B, tblGiftTracking C
WHERE 1
AND A.p_idx = B.p_idx
AND B.p_e_idx = C.p_e_idx
AND A.p_idx = <?=22?>
AND C.gt_comment is not NULL
 order by B.p_e_idx desc  limit 1, 10 

------------------------------------------------------------------------------------------
1064 : You have an error in your SQL syntax; check the manual that corresponds to your MySQL server version for the right syntax to use near '<?=22?>
AND C.gt_comment is not NULL
 order by B.p_e_idx desc  limit 1, 10' at line 6
===========================================================================================

=== [2009/02/16 17:12:04] =================================================================
filename: /product/ajax_product_gift_tracking.php?p_idx=<?=22?>&pe_idx=&shop_idx=&giftpage=1
SELECT count(*) FROM tblProduct A, tblProductEach B  where 1 and A.p_idx = B.p_idx and A.shop_idx =  and B.end_dt < '2009-02-15 00:50:00'  
------------------------------------------------------------------------------------------
1064 : You have an error in your SQL syntax; check the manual that corresponds to your MySQL server version for the right syntax to use near 'and B.end_dt < '2009-02-15 00:50:00'' at line 1
===========================================================================================

=== [2009/02/16 17:12:04] =================================================================
filename: /product/ajax_product_gift_tracking.php?p_idx=<?=22?>&pe_idx=&shop_idx=&giftpage=1

SELECT A.p_idx, A.p_title, A.p_main_img, A.p_gift, A.p_top10_num, B.p_e_idx, B.end_dt
FROM tblProduct A, tblProductEach B
 where 1 and A.p_idx = B.p_idx and A.shop_idx =  and B.end_dt < '2009-02-15 00:50:00'  
 order by B.end_dt desc  limit 1, 10 

------------------------------------------------------------------------------------------
1064 : You have an error in your SQL syntax; check the manual that corresponds to your MySQL server version for the right syntax to use near 'and B.end_dt < '2009-02-15 00:50:00'  
 order by B.end_dt desc  limit 1, 10' at line 3
===========================================================================================

